[2024-03-13 15:55:44]	[done]
	build successfully !

[2024-03-13 16:02:41]	[done]
	build successfully !

[2024-03-13 16:13:53]	[done]
	build successfully !

[2024-03-13 16:21:58]	[done]
	build successfully !

[2024-03-13 16:48:18]	compilation failed at : "d:\RM\RM_code\Standard_4_Cpp_Structure_ByRoboWalker\User\Device\dvc_lkmotor.cpp", exit code: 1
command: 
  "D:\Keil5\keil5_anzhuangbao\ARM\ARMCC\bin\armcc.exe" -c --cpp --apcs=interwork -I../Core/Inc -I../Drivers/STM32F4xx_HAL_Driver/Inc -I../Drivers/STM32F4xx_HAL_Driver/Inc/Legacy -I../Drivers/CMSIS/Device/ST/STM32F4xx/Include -I../Drivers/CMSIS/Include -I../User/Chariot -I../User/Device -I../User/Interaction -I../User/Middleware/Algorithm -I../User/Middleware/Driver -I../User/Task -I../Drivers/CMSIS/DSP/Include -IRTE/_infantry -DUSE_HAL_DRIVER -DSTM32F407xx -DARM_MATH_CM4 -D__CC_ARM -DARM_MATH_MATRIX_CHECK -DARM_MATH_ROUNDING -D__TARGET_FPU_VFP -D__FPU_PRESENT="1" --cpu Cortex-M4.fp --li -D__MICROLIB -O0 --split_sections -W --cpp11 -g -o .\build\infantry\.obj\__\User\Device\dvc_lkmotor.o --no_depend_system_headers --depend .\build\infantry\.obj\__\User\Device\dvc_lkmotor.d .\..\User\Device\dvc_lkmotor.cpp
   at unify_builder.Program.compileByMulThread(Int32 thrNum, CmdInfo[] cmds_, List`1 errLogs)
   at unify_builder.Program.Main(String[] args_)
---
".\..\User\Device\dvc_lkmotor.cpp", line 150: Error:  #276: name followed by "::" must be a class or namespace name
  void Class_DM_Motor_J4310::Init(CAN_HandleTypeDef *hcan, Enum_LK_Motor_ID __CAN_ID, Enum_DM_Motor_Control_Method __Control_Method, int32_t __Position_Offset, float __Omega_Max, float __Torque_Max)
       ^
".\..\User\Device\dvc_lkmotor.cpp", line 150: Error:  #20: identifier "Enum_DM_Motor_Control_Method" is undefined
  void Class_DM_Motor_J4310::Init(CAN_HandleTypeDef *hcan, Enum_LK_Motor_ID __CAN_ID, Enum_DM_Motor_Control_Method __Control_Method, int32_t __Position_Offset, float __Omega_Max, float __Torque_Max)
                                                                                      ^
".\..\User\Device\dvc_lkmotor.cpp", line 154: Error:  #20: identifier "CAN_Manage_Object" is undefined
          CAN_Manage_Object = &CAN1_Manage_Object;
          ^
".\..\User\Device\dvc_lkmotor.cpp", line 158: Error:  #20: identifier "CAN_Manage_Object" is undefined
          CAN_Manage_Object = &CAN2_Manage_Object;
          ^
".\..\User\Device\dvc_lkmotor.cpp", line 160: Error:  #20: identifier "CAN_ID" is undefined
      CAN_ID = __CAN_ID;
      ^
".\..\User\Device\dvc_lkmotor.cpp", line 161: Error:  #20: identifier "DM_Motor_Control_Method" is undefined
      DM_Motor_Control_Method = __Control_Method;
      ^
".\..\User\Device\dvc_lkmotor.cpp", line 162: Error:  #20: identifier "Position_Offset" is undefined
      Position_Offset = __Position_Offset;
      ^
".\..\User\Device\dvc_lkmotor.cpp", line 163: Error:  #20: identifier "Omega_Max" is undefined
      Omega_Max = __Omega_Max;
      ^
".\..\User\Device\dvc_lkmotor.cpp", line 164: Error:  #20: identifier "Torque_Max" is undefined
      Torque_Max = __Torque_Max;
      ^
".\..\User\Device\dvc_lkmotor.cpp", line 165: Error:  #20: identifier "CAN_Tx_Data" is undefined
      CAN_Tx_Data = allocate_tx_data(hcan, __CAN_ID);
      ^
".\..\User\Device\dvc_lkmotor.cpp", line 172: Error:  #276: name followed by "::" must be a class or namespace name
  void Class_DM_Motor_J4310::Data_Process()
       ^
".\..\User\Device\dvc_lkmotor.cpp", line 177: Error:  #20: identifier "Struct_DM_Motor_CAN_Rx_Data" is undefined
      Struct_DM_Motor_CAN_Rx_Data *tmp_buffer = (Struct_DM_Motor_CAN_Rx_Data *)CAN_Manage_Object->Rx_Buffer.Data;
      ^
".\..\User\Device\dvc_lkmotor.cpp", line 177: Error:  #20: identifier "tmp_buffer" is undefined
      Struct_DM_Motor_CAN_Rx_Data *tmp_buffer = (Struct_DM_Motor_CAN_Rx_Data *)CAN_Manage_Object->Rx_Buffer.Data;
                                   ^
".\..\User\Device\dvc_lkmotor.cpp", line 177: Error:  #29: expected an expression
      Struct_DM_Motor_CAN_Rx_Data *tmp_buffer = (Struct_DM_Motor_CAN_Rx_Data *)CAN_Manage_Object->Rx_Buffer.Data;
                                                                              ^
".\..\User\Device\dvc_lkmotor.cpp", line 177: Error:  #65: expected a ";"
      Struct_DM_Motor_CAN_Rx_Data *tmp_buffer = (Struct_DM_Motor_CAN_Rx_Data *)CAN_Manage_Object->Rx_Buffer.Data;
                                                                               ^
".\..\User\Device\dvc_lkmotor.cpp", line 184: Error:  #20: identifier "Data" is undefined
      Data.CAN_ID = tmp_buffer->CAN_ID;
      ^
".\..\User\Device\dvc_lkmotor.cpp", line 188: Error:  #20: identifier "Position_Max" is undefined
      if (delta_position < -(Position_Max / 2))
                             ^
".\..\User\Device\dvc_lkmotor.cpp", line 198: Error:  #20: identifier "Position_Offset" is undefined
      Data.Total_Position = Data.Total_Round * Position_Max + tmp_position + Position_Offset;
                                                                             ^
".\..\User\Device\dvc_lkmotor.cpp", line 202: Error:  #20: identifier "Omega_Max" is undefined
      Data.Now_Omega = Math_Int_To_Float(tmp_omega, 0, (1 << 12) - 1, -Omega_Max, Omega_Max);
                                                                       ^
".\..\User\Device\dvc_lkmotor.cpp", line 203: Error:  #20: identifier "Torque_Max" is undefined
      Data.Now_Torque = Math_Int_To_Float(tmp_torque, 0, (1 << 12) - 1, -Torque_Max, Torque_Max);
                                                                         ^
".\..\User\Device\dvc_lkmotor.cpp", line 216: Error:  #276: name followed by "::" must be a class or namespace name
  void Class_DM_Motor_J4310::CAN_RxCpltCallback(uint8_t *Rx_Data)
       ^
".\..\User\Device\dvc_lkmotor.cpp", line 219: Error:  #258: "this" may only be used inside a nonstatic member function
      this->Flag += 1;
      ^
".\..\User\Device\dvc_lkmotor.cpp", line 221: Error:  #20: identifier "Data_Process" is undefined
      Data_Process();
      ^
".\..\User\Device\dvc_lkmotor.cpp", line 228: Error:  #276: name followed by "::" must be a class or namespace name
  void Class_DM_Motor_J4310::TIM_Alive_PeriodElapsedCallback()
       ^
".\..\User\Device\dvc_lkmotor.cpp", line 231: Error:  #20: identifier "Flag" is undefined
      if (Flag == Pre_Flag)
          ^
".\..\User\Device\dvc_lkmotor.cpp", line 231: Error:  #20: identifier "Pre_Flag" is undefined
      if (Flag == Pre_Flag)
                  ^
".\..\User\Device\dvc_lkmotor.cpp", line 234: Error:  #20: identifier "DM_Motor_Status" is undefined
          DM_Motor_Status = DM_Motor_Status_DISABLE;
          ^
".\..\User\Device\dvc_lkmotor.cpp", line 234: Error:  #20: identifier "DM_Motor_Status_DISABLE" is undefined
          DM_Motor_Status = DM_Motor_Status_DISABLE;
                            ^
".\..\User\Device\dvc_lkmotor.cpp", line 239: Error:  #20: identifier "DM_Motor_Status" is undefined
          DM_Motor_Status = DM_Motor_Status_ENABLE;
          ^
".\..\User\Device\dvc_lkmotor.cpp", line 239: Error:  #20: identifier "DM_Motor_Status_ENABLE" is undefined
          DM_Motor_Status = DM_Motor_Status_ENABLE;
                            ^
.\..\User\Device\dvc_lkmotor.cpp: 0 warnings, 30 errors

[2024-03-13 16:51:24]	compilation failed at : "d:\RM\RM_code\Standard_4_Cpp_Structure_ByRoboWalker\User\Device\dvc_lkmotor.cpp", exit code: 1
command: 
  "D:\Keil5\keil5_anzhuangbao\ARM\ARMCC\bin\armcc.exe" -c --cpp --apcs=interwork -I../Core/Inc -I../Drivers/STM32F4xx_HAL_Driver/Inc -I../Drivers/STM32F4xx_HAL_Driver/Inc/Legacy -I../Drivers/CMSIS/Device/ST/STM32F4xx/Include -I../Drivers/CMSIS/Include -I../User/Chariot -I../User/Device -I../User/Interaction -I../User/Middleware/Algorithm -I../User/Middleware/Driver -I../User/Task -I../Drivers/CMSIS/DSP/Include -IRTE/_infantry -DUSE_HAL_DRIVER -DSTM32F407xx -DARM_MATH_CM4 -D__CC_ARM -DARM_MATH_MATRIX_CHECK -DARM_MATH_ROUNDING -D__TARGET_FPU_VFP -D__FPU_PRESENT="1" --cpu Cortex-M4.fp --li -D__MICROLIB -O0 --split_sections -W --cpp11 -g -o .\build\infantry\.obj\__\User\Device\dvc_lkmotor.o --no_depend_system_headers --depend .\build\infantry\.obj\__\User\Device\dvc_lkmotor.d .\..\User\Device\dvc_lkmotor.cpp
   at unify_builder.Program.Main(String[] args_)
---
".\..\User\Device\dvc_lkmotor.cpp", line 216: Error:  #276: name followed by "::" must be a class or namespace name
  void Class_LK_Motor_J4310::CAN_RxCpltCallback(uint8_t *Rx_Data)
       ^
".\..\User\Device\dvc_lkmotor.cpp", line 219: Error:  #258: "this" may only be used inside a nonstatic member function
      this->Flag += 1;
      ^
".\..\User\Device\dvc_lkmotor.cpp", line 221: Error:  #20: identifier "Data_Process" is undefined
      Data_Process();
      ^
".\..\User\Device\dvc_lkmotor.cpp", line 228: Error:  #276: name followed by "::" must be a class or namespace name
  void Class_LK_Motor_J4310::TIM_Alive_PeriodElapsedCallback()
       ^
".\..\User\Device\dvc_lkmotor.cpp", line 231: Error:  #20: identifier "Flag" is undefined
      if (Flag == Pre_Flag)
          ^
".\..\User\Device\dvc_lkmotor.cpp", line 231: Error:  #20: identifier "Pre_Flag" is undefined
      if (Flag == Pre_Flag)
                  ^
".\..\User\Device\dvc_lkmotor.cpp", line 234: Error:  #20: identifier "LK_Motor_Status" is undefined
          LK_Motor_Status = LK_Motor_Status_DISABLE;
          ^
".\..\User\Device\dvc_lkmotor.cpp", line 239: Error:  #20: identifier "LK_Motor_Status" is undefined
          LK_Motor_Status = LK_Motor_Status_ENABLE;
          ^
".\..\User\Device\dvc_lkmotor.cpp", line 318: Error:  #276: name followed by "::" must be a class or namespace name
  void Class_LK_Motor_J4310::TIM_Process_PeriodElapsedCallback()
       ^
".\..\User\Device\dvc_lkmotor.cpp", line 320: Error:  #20: identifier "LK_Motor_Control_Method" is undefined
      switch (LK_Motor_Control_Method)
              ^
".\..\User\Device\dvc_lkmotor.cpp", line 324: Error:  #20: identifier "Target_Angle" is undefined
          uint16_t tmp_position = Math_Float_To_Int(Target_Angle, -PI, PI, 0, (1 << 16) - 1);
                                                    ^
".\..\User\Device\dvc_lkmotor.cpp", line 325: Error:  #20: identifier "Target_Omega" is undefined
          uint16_t tmp_velocity = Math_Float_To_Int(Target_Omega, -Omega_Max, Omega_Max, 0, (1 << 12) - 1);
                                                    ^
".\..\User\Device\dvc_lkmotor.cpp", line 325: Error:  #20: identifier "Omega_Max" is undefined
          uint16_t tmp_velocity = Math_Float_To_Int(Target_Omega, -Omega_Max, Omega_Max, 0, (1 << 12) - 1);
                                                                   ^
".\..\User\Device\dvc_lkmotor.cpp", line 326: Error:  #20: identifier "MIT_K_P" is undefined
          uint16_t tmp_k_p = Math_Float_To_Int(MIT_K_P, 0.0f, 500.0f, 0, (1 << 12) - 1);
                                               ^
".\..\User\Device\dvc_lkmotor.cpp", line 327: Error:  #20: identifier "MIT_K_D" is undefined
          uint16_t tmp_k_d = Math_Float_To_Int(MIT_K_D, 0.0f, 5.0f, 0, (1 << 12) - 1);
                                               ^
".\..\User\Device\dvc_lkmotor.cpp", line 328: Error:  #20: identifier "Target_Torque" is undefined
          uint16_t tmp_torque = Math_Float_To_Int(Target_Torque, -Torque_Max, Torque_Max, 0, (1 << 12) - 1);
                                                  ^
".\..\User\Device\dvc_lkmotor.cpp", line 328: Error:  #20: identifier "Torque_Max" is undefined
          uint16_t tmp_torque = Math_Float_To_Int(Target_Torque, -Torque_Max, Torque_Max, 0, (1 << 12) - 1);
                                                                  ^
".\..\User\Device\dvc_lkmotor.cpp", line 331: Error:  #20: identifier "CAN_Tx_Data" is undefined
          memcpy(&CAN_Tx_Data[0], &tmp_position, sizeof(uint16_t));
                  ^
".\..\User\Device\dvc_lkmotor.cpp", line 351: Error:  #20: identifier "CAN_Manage_Object" is undefined
          CAN_Send_Data(CAN_Manage_Object->CAN_Handler, static_cast<Enum_LK_Motor_ID>(CAN_ID) + 0xf0, CAN_Tx_Data, 8);
                        ^
".\..\User\Device\dvc_lkmotor.cpp", line 351: Error:  #20: identifier "CAN_ID" is undefined
          CAN_Send_Data(CAN_Manage_Object->CAN_Handler, static_cast<Enum_LK_Motor_ID>(CAN_ID) + 0xf0, CAN_Tx_Data, 8);
                                                                                      ^
".\..\User\Device\dvc_lkmotor.cpp", line 356: Error:  #20: identifier "Target_Angle" is undefined
          uint16_t tmp_position = Math_Float_To_Int(Target_Angle, -PI, PI, 0, (1 << 16) - 1);
                                                    ^
".\..\User\Device\dvc_lkmotor.cpp", line 357: Error:  #20: identifier "Target_Omega" is undefined
          uint16_t tmp_velocity = Math_Float_To_Int(Target_Omega, -Omega_Max, Omega_Max, 0, (1 << 12) - 1);
                                                    ^
".\..\User\Device\dvc_lkmotor.cpp", line 357: Error:  #20: identifier "Omega_Max" is undefined
          uint16_t tmp_velocity = Math_Float_To_Int(Target_Omega, -Omega_Max, Omega_Max, 0, (1 << 12) - 1);
                                                                   ^
".\..\User\Device\dvc_lkmotor.cpp", line 359: Error:  #20: identifier "MIT_K_D" is undefined
          uint16_t tmp_k_d = Math_Float_To_Int(MIT_K_D, 0.0f, 5.0f, 0, (1 << 12) - 1);
                                               ^
".\..\User\Device\dvc_lkmotor.cpp", line 360: Error:  #20: identifier "Target_Torque" is undefined
          uint16_t tmp_torque = Math_Float_To_Int(Target_Torque, -Torque_Max, Torque_Max, 0, (1 << 12) - 1);
                                                  ^
".\..\User\Device\dvc_lkmotor.cpp", line 360: Error:  #20: identifier "Torque_Max" is undefined
          uint16_t tmp_torque = Math_Float_To_Int(Target_Torque, -Torque_Max, Torque_Max, 0, (1 << 12) - 1);
                                                                  ^
".\..\User\Device\dvc_lkmotor.cpp", line 363: Error:  #20: identifier "CAN_Tx_Data" is undefined
          memcpy(&CAN_Tx_Data[0], &tmp_position, sizeof(uint16_t));
                  ^
".\..\User\Device\dvc_lkmotor.cpp", line 383: Error:  #20: identifier "CAN_Manage_Object" is undefined
          CAN_Send_Data(CAN_Manage_Object->CAN_Handler, static_cast<Enum_LK_Motor_ID>(CAN_ID) + 0xf0, CAN_Tx_Data, 8);
                        ^
".\..\User\Device\dvc_lkmotor.cpp", line 383: Error:  #20: identifier "CAN_ID" is undefined
          CAN_Send_Data(CAN_Manage_Object->CAN_Handler, static_cast<Enum_LK_Motor_ID>(CAN_ID) + 0xf0, CAN_Tx_Data, 8);
                                                                                      ^
".\..\User\Device\dvc_lkmotor.cpp", line 388: Error:  #20: identifier "Target_Angle" is undefined
          uint16_t tmp_position = Math_Float_To_Int(Target_Angle, -PI, PI, 0, (1 << 16) - 1);
                                                    ^
.\..\User\Device\dvc_lkmotor.cpp: 0 warnings, 30 errors

[2024-03-13 16:51:48]	[done]
	build successfully !

[2024-03-13 16:58:41]	compilation failed at : "d:\RM\RM_code\Standard_4_Cpp_Structure_ByRoboWalker\User\Chariot\crt_gimbal.cpp", exit code: 1
command: 
  "D:\Keil5\keil5_anzhuangbao\ARM\ARMCC\bin\armcc.exe" -c --cpp --apcs=interwork -I../Core/Inc -I../Drivers/STM32F4xx_HAL_Driver/Inc -I../Drivers/STM32F4xx_HAL_Driver/Inc/Legacy -I../Drivers/CMSIS/Device/ST/STM32F4xx/Include -I../Drivers/CMSIS/Include -I../User/Chariot -I../User/Device -I../User/Interaction -I../User/Middleware/Algorithm -I../User/Middleware/Driver -I../User/Task -I../Drivers/CMSIS/DSP/Include -IRTE/_infantry -DUSE_HAL_DRIVER -DSTM32F407xx -DARM_MATH_CM4 -D__CC_ARM -DARM_MATH_MATRIX_CHECK -DARM_MATH_ROUNDING -D__TARGET_FPU_VFP -D__FPU_PRESENT="1" --cpu Cortex-M4.fp --li -D__MICROLIB -O0 --split_sections -W --cpp11 -g -o .\build\infantry\.obj\__\User\Chariot\crt_gimbal.o --no_depend_system_headers --depend .\build\infantry\.obj\__\User\Chariot\crt_gimbal.d .\..\User\Chariot\crt_gimbal.cpp
   at unify_builder.Program.Main(String[] args_)
---
".\..\User\Chariot\crt_gimbal.cpp", line 265: Error:  #20: identifier "WIT" is undefined
      Motor_Yaw.WIT = &WIT;
                       ^
.\..\User\Chariot\crt_gimbal.cpp: 0 warnings, 1 error

[2024-03-13 17:12:25]	compilation failed at : "d:\RM\RM_code\Standard_4_Cpp_Structure_ByRoboWalker\User\Chariot\crt_gimbal.cpp", exit code: 1
command: 
  "D:\Keil5\keil5_anzhuangbao\ARM\ARMCC\bin\armcc.exe" -c --cpp --apcs=interwork -I../Core/Inc -I../Drivers/STM32F4xx_HAL_Driver/Inc -I../Drivers/STM32F4xx_HAL_Driver/Inc/Legacy -I../Drivers/CMSIS/Device/ST/STM32F4xx/Include -I../Drivers/CMSIS/Include -I../User/Chariot -I../User/Device -I../User/Interaction -I../User/Middleware/Algorithm -I../User/Middleware/Driver -I../User/Task -I../Drivers/CMSIS/DSP/Include -IRTE/_infantry -DUSE_HAL_DRIVER -DSTM32F407xx -DARM_MATH_CM4 -D__CC_ARM -DARM_MATH_MATRIX_CHECK -DARM_MATH_ROUNDING -D__TARGET_FPU_VFP -D__FPU_PRESENT="1" --cpu Cortex-M4.fp --li -D__MICROLIB -O0 --split_sections -W --cpp11 -g -o .\build\infantry\.obj\__\User\Chariot\crt_gimbal.o --no_depend_system_headers --depend .\build\infantry\.obj\__\User\Chariot\crt_gimbal.d .\..\User\Chariot\crt_gimbal.cpp
   at unify_builder.Program.Main(String[] args_)
---
".\..\User\Chariot\crt_gimbal.cpp", line 52: Error:  #20: identifier "WIT" is undefined
          if (WIT->Get_WIT_Status() == WIT_Status_DISABLE)
              ^
".\..\User\Chariot\crt_gimbal.cpp", line 93: Error:  #20: identifier "WIT" is undefined
          if (WIT->Get_WIT_Status() == WIT_Status_DISABLE)
              ^
".\..\User\Chariot\crt_gimbal.cpp", line 165: Error:  #20: identifier "WIT" is undefined
          if (WIT->Get_WIT_Status() == WIT_Status_DISABLE)
              ^
".\..\User\Chariot\crt_gimbal.cpp", line 206: Error:  #20: identifier "WIT" is undefined
          if (WIT->Get_WIT_Status() == WIT_Status_DISABLE)
              ^
.\..\User\Chariot\crt_gimbal.cpp: 0 warnings, 4 errors

[2024-03-13 17:13:25]	compilation failed at : "d:\RM\RM_code\Standard_4_Cpp_Structure_ByRoboWalker\User\Chariot\crt_gimbal.cpp", exit code: 1
command: 
  "D:\Keil5\keil5_anzhuangbao\ARM\ARMCC\bin\armcc.exe" -c --cpp --apcs=interwork -I../Core/Inc -I../Drivers/STM32F4xx_HAL_Driver/Inc -I../Drivers/STM32F4xx_HAL_Driver/Inc/Legacy -I../Drivers/CMSIS/Device/ST/STM32F4xx/Include -I../Drivers/CMSIS/Include -I../User/Chariot -I../User/Device -I../User/Interaction -I../User/Middleware/Algorithm -I../User/Middleware/Driver -I../User/Task -I../Drivers/CMSIS/DSP/Include -IRTE/_infantry -DUSE_HAL_DRIVER -DSTM32F407xx -DARM_MATH_CM4 -D__CC_ARM -DARM_MATH_MATRIX_CHECK -DARM_MATH_ROUNDING -D__TARGET_FPU_VFP -D__FPU_PRESENT="1" --cpu Cortex-M4.fp --li -D__MICROLIB -O0 --split_sections -W --cpp11 -g -o .\build\infantry\.obj\__\User\Chariot\crt_gimbal.o --no_depend_system_headers --depend .\build\infantry\.obj\__\User\Chariot\crt_gimbal.d .\..\User\Chariot\crt_gimbal.cpp
   at unify_builder.Program.Main(String[] args_)
---
".\..\User\Chariot\crt_gimbal.cpp", line 165: Error:  #20: identifier "WIT" is undefined
          if (WIT->Get_WIT_Status() == WIT_Status_DISABLE)
              ^
".\..\User\Chariot\crt_gimbal.cpp", line 206: Error:  #20: identifier "WIT" is undefined
          if (WIT->Get_WIT_Status() == WIT_Status_DISABLE)
              ^
.\..\User\Chariot\crt_gimbal.cpp: 0 warnings, 2 errors

[2024-03-13 17:18:13]	[done]
	build successfully !

[2024-03-13 19:29:35]	compilation failed at : "d:\RM\RM_code\Standard_4_Cpp_Structure_ByRoboWalker\User\Device\dvc_lkmotor.cpp", exit code: 1
command: 
  "D:\Keil5\keil5_anzhuangbao\ARM\ARMCC\bin\armcc.exe" -c --cpp --apcs=interwork -I../Core/Inc -I../Drivers/STM32F4xx_HAL_Driver/Inc -I../Drivers/STM32F4xx_HAL_Driver/Inc/Legacy -I../Drivers/CMSIS/Device/ST/STM32F4xx/Include -I../Drivers/CMSIS/Include -I../User/Chariot -I../User/Device -I../User/Interaction -I../User/Middleware/Algorithm -I../User/Middleware/Driver -I../User/Task -I../Drivers/CMSIS/DSP/Include -IRTE/_infantry -DUSE_HAL_DRIVER -DSTM32F407xx -DARM_MATH_CM4 -D__CC_ARM -DARM_MATH_MATRIX_CHECK -DARM_MATH_ROUNDING -D__TARGET_FPU_VFP -D__FPU_PRESENT="1" --cpu Cortex-M4.fp --li -D__MICROLIB -O0 --split_sections -W --cpp11 -g -o .\build\infantry\.obj\__\User\Device\dvc_lkmotor.o --no_depend_system_headers --depend .\build\infantry\.obj\__\User\Device\dvc_lkmotor.d .\..\User\Device\dvc_lkmotor.cpp
   at unify_builder.Program.Main(String[] args_)
---
".\..\User\Device\dvc_lkmotor.h", line 126: Error:  #306: default argument not at end of parameter list
      void Init(CAN_HandleTypeDef *hcan, Enum_LK_Motor_ID __CAN_ID, Enum_LK_Motor_Control_Method __Control_Method = LK_Motor_Control_Method_IMU_POSITION, int32_t __Position_Offset = 0, float __Omega_Max , float __Current_Max = 33.0f);
                                                                                                                    ^
".\..\User\Device\dvc_lkmotor.h", line 271: Error:  #302: function "Class_LK_Motor::Get_Now_Temperature"  has already been defined
  float Class_LK_Motor::Get_Now_Temperature()
                        ^
".\..\User\Device\dvc_lkmotor.h", line 361: Error:  #135: class "Class_LK_Motor"  has no member "Set_MIT_K_P"
  void Class_LK_Motor::Set_MIT_K_P(float __MIT_K_P)
                       ^
".\..\User\Device\dvc_lkmotor.h", line 363: Error:  #20: identifier "IMU_K_P" is undefined
      IMU_K_P = __MIT_K_P;
      ^
".\..\User\Device\dvc_lkmotor.h", line 371: Error:  #135: class "Class_LK_Motor"  has no member "Set_MIT_K_D"
  void Class_LK_Motor::Set_MIT_K_D(float __MIT_K_D)
                       ^
".\..\User\Device\dvc_lkmotor.h", line 373: Error:  #20: identifier "IMU_K_D" is undefined
      IMU_K_D = __MIT_K_D;
      ^
".\..\User\Device\dvc_lkmotor.cpp", line 328: Error:  #20: identifier "LK_Motor_Control_Method_MIT_POSITION" is undefined
      case (LK_Motor_Control_Method_MIT_POSITION):
            ^
".\..\User\Device\dvc_lkmotor.cpp", line 332: Error:  #20: identifier "MIT_K_P" is undefined
          uint16_t tmp_k_p = Math_Float_To_Int(MIT_K_P, 0.0f, 500.0f, 0, (1 << 12) - 1);
                                               ^
".\..\User\Device\dvc_lkmotor.cpp", line 333: Error:  #20: identifier "MIT_K_D" is undefined
          uint16_t tmp_k_d = Math_Float_To_Int(MIT_K_D, 0.0f, 5.0f, 0, (1 << 12) - 1);
                                               ^
".\..\User\Device\dvc_lkmotor.cpp", line 334: Error:  #20: identifier "Torque_Max" is undefined
          uint16_t tmp_torque = Math_Float_To_Int(Target_Torque, -Torque_Max, Torque_Max, 0, (1 << 12) - 1);
                                                                  ^
".\..\User\Device\dvc_lkmotor.cpp", line 360: Error:  #20: identifier "LK_Motor_Control_Method_MIT_OMEGA" is undefined
      case (LK_Motor_Control_Method_MIT_OMEGA):
            ^
".\..\User\Device\dvc_lkmotor.cpp", line 365: Error:  #20: identifier "MIT_K_D" is undefined
          uint16_t tmp_k_d = Math_Float_To_Int(MIT_K_D, 0.0f, 5.0f, 0, (1 << 12) - 1);
                                               ^
".\..\User\Device\dvc_lkmotor.cpp", line 366: Error:  #20: identifier "Torque_Max" is undefined
          uint16_t tmp_torque = Math_Float_To_Int(Target_Torque, -Torque_Max, Torque_Max, 0, (1 << 12) - 1);
                                                                  ^
".\..\User\Device\dvc_lkmotor.cpp", line 392: Error:  #20: identifier "LK_Motor_Control_Method_MIT_TORQUE" is undefined
      case (LK_Motor_Control_Method_MIT_TORQUE):
            ^
".\..\User\Device\dvc_lkmotor.cpp", line 398: Error:  #20: identifier "Torque_Max" is undefined
          uint16_t tmp_torque = Math_Float_To_Int(Target_Torque, -Torque_Max, Torque_Max, 0, (1 << 12) - 1);
                                                                  ^
.\..\User\Device\dvc_lkmotor.cpp: 0 warnings, 15 errors

[2024-03-13 19:31:39]	compilation failed at : "d:\RM\RM_code\Standard_4_Cpp_Structure_ByRoboWalker\User\Device\dvc_lkmotor.cpp", exit code: 1
command: 
  "D:\Keil5\keil5_anzhuangbao\ARM\ARMCC\bin\armcc.exe" -c --cpp --apcs=interwork -I../Core/Inc -I../Drivers/STM32F4xx_HAL_Driver/Inc -I../Drivers/STM32F4xx_HAL_Driver/Inc/Legacy -I../Drivers/CMSIS/Device/ST/STM32F4xx/Include -I../Drivers/CMSIS/Include -I../User/Chariot -I../User/Device -I../User/Interaction -I../User/Middleware/Algorithm -I../User/Middleware/Driver -I../User/Task -I../Drivers/CMSIS/DSP/Include -IRTE/_infantry -DUSE_HAL_DRIVER -DSTM32F407xx -DARM_MATH_CM4 -D__CC_ARM -DARM_MATH_MATRIX_CHECK -DARM_MATH_ROUNDING -D__TARGET_FPU_VFP -D__FPU_PRESENT="1" --cpu Cortex-M4.fp --li -D__MICROLIB -O0 --split_sections -W --cpp11 -g -o .\build\infantry\.obj\__\User\Device\dvc_lkmotor.o --no_depend_system_headers --depend .\build\infantry\.obj\__\User\Device\dvc_lkmotor.d .\..\User\Device\dvc_lkmotor.cpp
   at unify_builder.Program.Main(String[] args_)
---
".\..\User\Device\dvc_lkmotor.h", line 126: Error:  #306: default argument not at end of parameter list
      void Init(CAN_HandleTypeDef *hcan, Enum_LK_Motor_ID __CAN_ID, Enum_LK_Motor_Control_Method __Control_Method = LK_Motor_Control_Method_IMU_POSITION, int32_t __Position_Offset = 0, float __Omega_Max , float __Current_Max = 33.0f);
                                                                                                                    ^
".\..\User\Device\dvc_lkmotor.h", line 351: Error:  #135: class "Class_LK_Motor"  has no member "Set_MIT_K_P"
  void Class_LK_Motor::Set_MIT_K_P(float __MIT_K_P)
                       ^
".\..\User\Device\dvc_lkmotor.h", line 353: Error:  #20: identifier "IMU_K_P" is undefined
      IMU_K_P = __MIT_K_P;
      ^
".\..\User\Device\dvc_lkmotor.h", line 361: Error:  #135: class "Class_LK_Motor"  has no member "Set_MIT_K_D"
  void Class_LK_Motor::Set_MIT_K_D(float __MIT_K_D)
                       ^
".\..\User\Device\dvc_lkmotor.h", line 363: Error:  #20: identifier "IMU_K_D" is undefined
      IMU_K_D = __MIT_K_D;
      ^
".\..\User\Device\dvc_lkmotor.cpp", line 328: Error:  #20: identifier "LK_Motor_Control_Method_MIT_POSITION" is undefined
      case (LK_Motor_Control_Method_MIT_POSITION):
            ^
".\..\User\Device\dvc_lkmotor.cpp", line 332: Error:  #20: identifier "MIT_K_P" is undefined
          uint16_t tmp_k_p = Math_Float_To_Int(MIT_K_P, 0.0f, 500.0f, 0, (1 << 12) - 1);
                                               ^
".\..\User\Device\dvc_lkmotor.cpp", line 333: Error:  #20: identifier "MIT_K_D" is undefined
          uint16_t tmp_k_d = Math_Float_To_Int(MIT_K_D, 0.0f, 5.0f, 0, (1 << 12) - 1);
                                               ^
".\..\User\Device\dvc_lkmotor.cpp", line 334: Error:  #20: identifier "Torque_Max" is undefined
          uint16_t tmp_torque = Math_Float_To_Int(Target_Torque, -Torque_Max, Torque_Max, 0, (1 << 12) - 1);
                                                                  ^
".\..\User\Device\dvc_lkmotor.cpp", line 360: Error:  #20: identifier "LK_Motor_Control_Method_MIT_OMEGA" is undefined
      case (LK_Motor_Control_Method_MIT_OMEGA):
            ^
".\..\User\Device\dvc_lkmotor.cpp", line 365: Error:  #20: identifier "MIT_K_D" is undefined
          uint16_t tmp_k_d = Math_Float_To_Int(MIT_K_D, 0.0f, 5.0f, 0, (1 << 12) - 1);
                                               ^
".\..\User\Device\dvc_lkmotor.cpp", line 366: Error:  #20: identifier "Torque_Max" is undefined
          uint16_t tmp_torque = Math_Float_To_Int(Target_Torque, -Torque_Max, Torque_Max, 0, (1 << 12) - 1);
                                                                  ^
".\..\User\Device\dvc_lkmotor.cpp", line 392: Error:  #20: identifier "LK_Motor_Control_Method_MIT_TORQUE" is undefined
      case (LK_Motor_Control_Method_MIT_TORQUE):
            ^
".\..\User\Device\dvc_lkmotor.cpp", line 398: Error:  #20: identifier "Torque_Max" is undefined
          uint16_t tmp_torque = Math_Float_To_Int(Target_Torque, -Torque_Max, Torque_Max, 0, (1 << 12) - 1);
                                                                  ^
.\..\User\Device\dvc_lkmotor.cpp: 0 warnings, 14 errors

[2024-03-13 19:32:45]	compilation failed at : "d:\RM\RM_code\Standard_4_Cpp_Structure_ByRoboWalker\User\Device\dvc_lkmotor.cpp", exit code: 1
command: 
  "D:\Keil5\keil5_anzhuangbao\ARM\ARMCC\bin\armcc.exe" -c --cpp --apcs=interwork -I../Core/Inc -I../Drivers/STM32F4xx_HAL_Driver/Inc -I../Drivers/STM32F4xx_HAL_Driver/Inc/Legacy -I../Drivers/CMSIS/Device/ST/STM32F4xx/Include -I../Drivers/CMSIS/Include -I../User/Chariot -I../User/Device -I../User/Interaction -I../User/Middleware/Algorithm -I../User/Middleware/Driver -I../User/Task -I../Drivers/CMSIS/DSP/Include -IRTE/_infantry -DUSE_HAL_DRIVER -DSTM32F407xx -DARM_MATH_CM4 -D__CC_ARM -DARM_MATH_MATRIX_CHECK -DARM_MATH_ROUNDING -D__TARGET_FPU_VFP -D__FPU_PRESENT="1" --cpu Cortex-M4.fp --li -D__MICROLIB -O0 --split_sections -W --cpp11 -g -o .\build\infantry\.obj\__\User\Device\dvc_lkmotor.o --no_depend_system_headers --depend .\build\infantry\.obj\__\User\Device\dvc_lkmotor.d .\..\User\Device\dvc_lkmotor.cpp
   at unify_builder.Program.Main(String[] args_)
---
".\..\User\Device\dvc_lkmotor.h", line 126: Error:  #306: default argument not at end of parameter list
      void Init(CAN_HandleTypeDef *hcan, Enum_LK_Motor_ID __CAN_ID, Enum_LK_Motor_Control_Method __Control_Method = LK_Motor_Control_Method_IMU_POSITION, int32_t __Position_Offset = 0, float __Omega_Max , float __Current_Max = 33.0f);
                                                                                                                    ^
".\..\User\Device\dvc_lkmotor.cpp", line 328: Error:  #20: identifier "LK_Motor_Control_Method_MIT_POSITION" is undefined
      case (LK_Motor_Control_Method_MIT_POSITION):
            ^
".\..\User\Device\dvc_lkmotor.cpp", line 332: Error:  #20: identifier "MIT_K_P" is undefined
          uint16_t tmp_k_p = Math_Float_To_Int(MIT_K_P, 0.0f, 500.0f, 0, (1 << 12) - 1);
                                               ^
".\..\User\Device\dvc_lkmotor.cpp", line 333: Error:  #20: identifier "MIT_K_D" is undefined
          uint16_t tmp_k_d = Math_Float_To_Int(MIT_K_D, 0.0f, 5.0f, 0, (1 << 12) - 1);
                                               ^
".\..\User\Device\dvc_lkmotor.cpp", line 334: Error:  #20: identifier "Torque_Max" is undefined
          uint16_t tmp_torque = Math_Float_To_Int(Target_Torque, -Torque_Max, Torque_Max, 0, (1 << 12) - 1);
                                                                  ^
".\..\User\Device\dvc_lkmotor.cpp", line 360: Error:  #20: identifier "LK_Motor_Control_Method_MIT_OMEGA" is undefined
      case (LK_Motor_Control_Method_MIT_OMEGA):
            ^
".\..\User\Device\dvc_lkmotor.cpp", line 365: Error:  #20: identifier "MIT_K_D" is undefined
          uint16_t tmp_k_d = Math_Float_To_Int(MIT_K_D, 0.0f, 5.0f, 0, (1 << 12) - 1);
                                               ^
".\..\User\Device\dvc_lkmotor.cpp", line 366: Error:  #20: identifier "Torque_Max" is undefined
          uint16_t tmp_torque = Math_Float_To_Int(Target_Torque, -Torque_Max, Torque_Max, 0, (1 << 12) - 1);
                                                                  ^
".\..\User\Device\dvc_lkmotor.cpp", line 392: Error:  #20: identifier "LK_Motor_Control_Method_MIT_TORQUE" is undefined
      case (LK_Motor_Control_Method_MIT_TORQUE):
            ^
".\..\User\Device\dvc_lkmotor.cpp", line 398: Error:  #20: identifier "Torque_Max" is undefined
          uint16_t tmp_torque = Math_Float_To_Int(Target_Torque, -Torque_Max, Torque_Max, 0, (1 << 12) - 1);
                                                                  ^
.\..\User\Device\dvc_lkmotor.cpp: 0 warnings, 10 errors

[2024-03-13 19:35:34]	compilation failed at : "d:\RM\RM_code\Standard_4_Cpp_Structure_ByRoboWalker\User\Device\dvc_lkmotor.cpp", exit code: 1
command: 
  "D:\Keil5\keil5_anzhuangbao\ARM\ARMCC\bin\armcc.exe" -c --cpp --apcs=interwork -I../Core/Inc -I../Drivers/STM32F4xx_HAL_Driver/Inc -I../Drivers/STM32F4xx_HAL_Driver/Inc/Legacy -I../Drivers/CMSIS/Device/ST/STM32F4xx/Include -I../Drivers/CMSIS/Include -I../User/Chariot -I../User/Device -I../User/Interaction -I../User/Middleware/Algorithm -I../User/Middleware/Driver -I../User/Task -I../Drivers/CMSIS/DSP/Include -IRTE/_infantry -DUSE_HAL_DRIVER -DSTM32F407xx -DARM_MATH_CM4 -D__CC_ARM -DARM_MATH_MATRIX_CHECK -DARM_MATH_ROUNDING -D__TARGET_FPU_VFP -D__FPU_PRESENT="1" --cpu Cortex-M4.fp --li -D__MICROLIB -O0 --split_sections -W --cpp11 -g -o .\build\infantry\.obj\__\User\Device\dvc_lkmotor.o --no_depend_system_headers --depend .\build\infantry\.obj\__\User\Device\dvc_lkmotor.d .\..\User\Device\dvc_lkmotor.cpp
   at unify_builder.Program.Main(String[] args_)
---
".\..\User\Device\dvc_lkmotor.h", line 126: Error:  #306: default argument not at end of parameter list
      void Init(CAN_HandleTypeDef *hcan, Enum_LK_Motor_ID __CAN_ID, Enum_LK_Motor_Control_Method __Control_Method = LK_Motor_Control_Method_IMU_POSITION, int32_t __Position_Offset = 0, float __Omega_Max , float __Current_Max = 33.0f);
                                                                                                                    ^
".\..\User\Device\dvc_lkmotor.h", line 323: Error:  #20: identifier "Target_Torque" is undefined
      return (Target_Torque);
              ^
".\..\User\Device\dvc_lkmotor.h", line 393: Error:  #20: identifier "Target_Torque" is undefined
      Target_Torque = __Target_Torque;
      ^
.\..\User\Device\dvc_lkmotor.cpp: 0 warnings, 3 errors

[2024-03-13 19:42:48]	compilation failed at : "d:\RM\RM_code\Standard_4_Cpp_Structure_ByRoboWalker\User\Device\dvc_lkmotor.cpp", exit code: 1
command: 
  "D:\Keil5\keil5_anzhuangbao\ARM\ARMCC\bin\armcc.exe" -c --cpp --apcs=interwork -I../Core/Inc -I../Drivers/STM32F4xx_HAL_Driver/Inc -I../Drivers/STM32F4xx_HAL_Driver/Inc/Legacy -I../Drivers/CMSIS/Device/ST/STM32F4xx/Include -I../Drivers/CMSIS/Include -I../User/Chariot -I../User/Device -I../User/Interaction -I../User/Middleware/Algorithm -I../User/Middleware/Driver -I../User/Task -I../Drivers/CMSIS/DSP/Include -IRTE/_infantry -DUSE_HAL_DRIVER -DSTM32F407xx -DARM_MATH_CM4 -D__CC_ARM -DARM_MATH_MATRIX_CHECK -DARM_MATH_ROUNDING -D__TARGET_FPU_VFP -D__FPU_PRESENT="1" --cpu Cortex-M4.fp --li -D__MICROLIB -O0 --split_sections -W --cpp11 -g -o .\build\infantry\.obj\__\User\Device\dvc_lkmotor.o --no_depend_system_headers --depend .\build\infantry\.obj\__\User\Device\dvc_lkmotor.d .\..\User\Device\dvc_lkmotor.cpp
   at unify_builder.Program.Main(String[] args_)
---
".\..\User\Device\dvc_lkmotor.h", line 126: Error:  #306: default argument not at end of parameter list
      void Init(CAN_HandleTypeDef *hcan, Enum_LK_Motor_ID __CAN_ID, Enum_LK_Motor_Control_Method __Control_Method = LK_Motor_Control_Method_IMU_POSITION, int32_t __Position_Offset = 0, float __Omega_Max , float __Current_Max = 33.0f);
                                                                                                                    ^
.\..\User\Device\dvc_lkmotor.cpp: 0 warnings, 1 error

[2024-03-13 19:47:01]	compilation failed at : "d:\RM\RM_code\Standard_4_Cpp_Structure_ByRoboWalker\User\Device\dvc_lkmotor.cpp", exit code: 1
command: 
  "D:\Keil5\keil5_anzhuangbao\ARM\ARMCC\bin\armcc.exe" -c --cpp --apcs=interwork -I../Core/Inc -I../Drivers/STM32F4xx_HAL_Driver/Inc -I../Drivers/STM32F4xx_HAL_Driver/Inc/Legacy -I../Drivers/CMSIS/Device/ST/STM32F4xx/Include -I../Drivers/CMSIS/Include -I../User/Chariot -I../User/Device -I../User/Interaction -I../User/Middleware/Algorithm -I../User/Middleware/Driver -I../User/Task -I../Drivers/CMSIS/DSP/Include -IRTE/_infantry -DUSE_HAL_DRIVER -DSTM32F407xx -DARM_MATH_CM4 -D__CC_ARM -DARM_MATH_MATRIX_CHECK -DARM_MATH_ROUNDING -D__TARGET_FPU_VFP -D__FPU_PRESENT="1" --cpu Cortex-M4.fp --li -D__MICROLIB -O0 --split_sections -W --cpp11 -g -o .\build\infantry\.obj\__\User\Device\dvc_lkmotor.o --no_depend_system_headers --depend .\build\infantry\.obj\__\User\Device\dvc_lkmotor.d .\..\User\Device\dvc_lkmotor.cpp
   at unify_builder.Program.Main(String[] args_)
---
".\..\User\Device\dvc_lkmotor.h", line 126: Error:  #306: default argument not at end of parameter list
      void Init(CAN_HandleTypeDef *hcan, Enum_LK_Motor_ID __CAN_ID, Enum_LK_Motor_Control_Method __Control_Method = LK_Motor_Control_Method_IMU_POSITION, int32_t __Position_Offset = 0, float __Omega_Max, float __Current_Max = 33.0f);
                                                                                                                    ^
.\..\User\Device\dvc_lkmotor.cpp: 0 warnings, 1 error

[2024-03-13 19:51:11]	compilation failed at : "d:\RM\RM_code\Standard_4_Cpp_Structure_ByRoboWalker\User\Device\dvc_lkmotor.cpp", exit code: 1
command: 
  "D:\Keil5\keil5_anzhuangbao\ARM\ARMCC\bin\armcc.exe" -c --cpp --apcs=interwork -I../Core/Inc -I../Drivers/STM32F4xx_HAL_Driver/Inc -I../Drivers/STM32F4xx_HAL_Driver/Inc/Legacy -I../Drivers/CMSIS/Device/ST/STM32F4xx/Include -I../Drivers/CMSIS/Include -I../User/Chariot -I../User/Device -I../User/Interaction -I../User/Middleware/Algorithm -I../User/Middleware/Driver -I../User/Task -I../Drivers/CMSIS/DSP/Include -IRTE/_infantry -DUSE_HAL_DRIVER -DSTM32F407xx -DARM_MATH_CM4 -D__CC_ARM -DARM_MATH_MATRIX_CHECK -DARM_MATH_ROUNDING -D__TARGET_FPU_VFP -D__FPU_PRESENT="1" --cpu Cortex-M4.fp --li -D__MICROLIB -O0 --split_sections -W --cpp11 -g -o .\build\infantry\.obj\__\User\Device\dvc_lkmotor.o --no_depend_system_headers --depend .\build\infantry\.obj\__\User\Device\dvc_lkmotor.d .\..\User\Device\dvc_lkmotor.cpp
   at unify_builder.Program.Main(String[] args_)
---
".\..\User\Device\dvc_lkmotor.cpp", line 150: Error:  #392: member function "Class_LK_Motor::Init"  may not be redeclared outside its class
  void Class_LK_Motor::Init(CAN_HandleTypeDef *hcan, Enum_LK_Motor_ID __CAN_ID, Enum_LK_Motor_Control_Method __Control_Method, float __Omega_Max, int32_t __Position_Offset, float __Current_Max);
                       ^
".\..\User\Device\dvc_lkmotor.cpp", line 151: Error:  #169: expected a declaration
  {
  ^
.\..\User\Device\dvc_lkmotor.cpp: 0 warnings, 2 errors

[2024-03-13 19:52:12]	compilation failed at : "d:\RM\RM_code\Standard_4_Cpp_Structure_ByRoboWalker\User\Device\dvc_lkmotor.cpp", exit code: 1
command: 
  "D:\Keil5\keil5_anzhuangbao\ARM\ARMCC\bin\armcc.exe" -c --cpp --apcs=interwork -I../Core/Inc -I../Drivers/STM32F4xx_HAL_Driver/Inc -I../Drivers/STM32F4xx_HAL_Driver/Inc/Legacy -I../Drivers/CMSIS/Device/ST/STM32F4xx/Include -I../Drivers/CMSIS/Include -I../User/Chariot -I../User/Device -I../User/Interaction -I../User/Middleware/Algorithm -I../User/Middleware/Driver -I../User/Task -I../Drivers/CMSIS/DSP/Include -IRTE/_infantry -DUSE_HAL_DRIVER -DSTM32F407xx -DARM_MATH_CM4 -D__CC_ARM -DARM_MATH_MATRIX_CHECK -DARM_MATH_ROUNDING -D__TARGET_FPU_VFP -D__FPU_PRESENT="1" --cpu Cortex-M4.fp --li -D__MICROLIB -O0 --split_sections -W --cpp11 -g -o .\build\infantry\.obj\__\User\Device\dvc_lkmotor.o --no_depend_system_headers --depend .\build\infantry\.obj\__\User\Device\dvc_lkmotor.d .\..\User\Device\dvc_lkmotor.cpp
   at unify_builder.Program.Main(String[] args_)
---
".\..\User\Device\dvc_lkmotor.cpp", line 150: Error:  #392: member function "Class_LK_Motor::Init"  may not be redeclared outside its class
  void Class_LK_Motor::Init(CAN_HandleTypeDef *hcan, Enum_LK_Motor_ID __CAN_ID,  float __Omega_Max, int32_t __Position_Offset, float __Current_Max, Enum_LK_Motor_Control_Method __Control_Method);
                       ^
".\..\User\Device\dvc_lkmotor.cpp", line 151: Error:  #169: expected a declaration
  {
  ^
.\..\User\Device\dvc_lkmotor.cpp: 0 warnings, 2 errors

[2024-03-13 19:52:27]	[done]
	build successfully !

[2024-03-13 20:24:12]	[done]
	build successfully !

[2024-03-13 20:53:08]	compilation failed at : "d:\RM\RM_code\Standard_4_Cpp_Structure_ByRoboWalker\Core\Src\main.c", exit code: 1
command: 
  "D:\Keil5\keil5_anzhuangbao\ARM\ARMCC\bin\armcc.exe" -c --apcs=interwork -I../Core/Inc -I../Drivers/STM32F4xx_HAL_Driver/Inc -I../Drivers/STM32F4xx_HAL_Driver/Inc/Legacy -I../Drivers/CMSIS/Device/ST/STM32F4xx/Include -I../Drivers/CMSIS/Include -I../User/Chariot -I../User/Device -I../User/Interaction -I../User/Middleware/Algorithm -I../User/Middleware/Driver -I../User/Task -I../Drivers/CMSIS/DSP/Include -IRTE/_infantry -DUSE_HAL_DRIVER -DSTM32F407xx -DARM_MATH_CM4 -D__CC_ARM -DARM_MATH_MATRIX_CHECK -DARM_MATH_ROUNDING -D__TARGET_FPU_VFP -D__FPU_PRESENT="1" --cpu Cortex-M4.fp --li --c99 -D__MICROLIB -O0 --split_sections -W --cpp11 -g -o .\build\infantry\.obj\__\Core\Src\main.o --no_depend_system_headers --depend .\build\infantry\.obj\__\Core\Src\main.d .\..\Core\Src\main.c
   at unify_builder.Program.Main(String[] args_)
---
"../User/Device/dvc_lkmotor.h", line 81: Error:  #101: "LK_Motor_Control_Method_IMU_ANGLE" has already been declared in the current scope
      LK_Motor_Control_Method_IMU_ANGLE,
      ^
"../User/Device/dvc_lkmotor.h", line 126: Error:  #20: identifier "LK_Motor_Control_Method_IMU_POSITION" is undefined
      void Init(CAN_HandleTypeDef *hcan, Enum_LK_Motor_ID __CAN_ID, float __Omega_Max, int32_t __Position_Offset = 0, float __Current_Max = 33.0f ,Enum_LK_Motor_Control_Method __Control_Method = LK_Motor_Control_Method_IMU_POSITION);
                                                                                                                                                                                                   ^
"../User/Device/dvc_lkmotor.h", line 195: Error:  #20: identifier "LK_Motor_Control_Method_IMU_POSITION" is undefined
      Enum_LK_Motor_Control_Method LK_Motor_Control_Method = LK_Motor_Control_Method_IMU_POSITION;
                                                             ^
.\..\Core\Src\main.c: 0 warnings, 3 errors

[2024-03-13 20:53:33]	compilation failed at : "d:\RM\RM_code\Standard_4_Cpp_Structure_ByRoboWalker\Core\Src\main.c", exit code: 1
command: 
  "D:\Keil5\keil5_anzhuangbao\ARM\ARMCC\bin\armcc.exe" -c --apcs=interwork -I../Core/Inc -I../Drivers/STM32F4xx_HAL_Driver/Inc -I../Drivers/STM32F4xx_HAL_Driver/Inc/Legacy -I../Drivers/CMSIS/Device/ST/STM32F4xx/Include -I../Drivers/CMSIS/Include -I../User/Chariot -I../User/Device -I../User/Interaction -I../User/Middleware/Algorithm -I../User/Middleware/Driver -I../User/Task -I../Drivers/CMSIS/DSP/Include -IRTE/_infantry -DUSE_HAL_DRIVER -DSTM32F407xx -DARM_MATH_CM4 -D__CC_ARM -DARM_MATH_MATRIX_CHECK -DARM_MATH_ROUNDING -D__TARGET_FPU_VFP -D__FPU_PRESENT="1" --cpu Cortex-M4.fp --li --c99 -D__MICROLIB -O0 --split_sections -W --cpp11 -g -o .\build\infantry\.obj\__\Core\Src\main.o --no_depend_system_headers --depend .\build\infantry\.obj\__\Core\Src\main.d .\..\Core\Src\main.c
   at unify_builder.Program.Main(String[] args_)
---
"../User/Device/dvc_lkmotor.h", line 126: Error:  #20: identifier "LK_Motor_Control_Method_IMU_POSITION" is undefined
      void Init(CAN_HandleTypeDef *hcan, Enum_LK_Motor_ID __CAN_ID, float __Omega_Max, int32_t __Position_Offset = 0, float __Current_Max = 33.0f ,Enum_LK_Motor_Control_Method __Control_Method = LK_Motor_Control_Method_IMU_POSITION);
                                                                                                                                                                                                   ^
"../User/Device/dvc_lkmotor.h", line 195: Error:  #20: identifier "LK_Motor_Control_Method_IMU_POSITION" is undefined
      Enum_LK_Motor_Control_Method LK_Motor_Control_Method = LK_Motor_Control_Method_IMU_POSITION;
                                                             ^
.\..\Core\Src\main.c: 0 warnings, 2 errors

[2024-03-13 20:54:11]	compilation failed at : "d:\RM\RM_code\Standard_4_Cpp_Structure_ByRoboWalker\Core\Src\main.c", exit code: 1
command: 
  "D:\Keil5\keil5_anzhuangbao\ARM\ARMCC\bin\armcc.exe" -c --apcs=interwork -I../Core/Inc -I../Drivers/STM32F4xx_HAL_Driver/Inc -I../Drivers/STM32F4xx_HAL_Driver/Inc/Legacy -I../Drivers/CMSIS/Device/ST/STM32F4xx/Include -I../Drivers/CMSIS/Include -I../User/Chariot -I../User/Device -I../User/Interaction -I../User/Middleware/Algorithm -I../User/Middleware/Driver -I../User/Task -I../Drivers/CMSIS/DSP/Include -IRTE/_infantry -DUSE_HAL_DRIVER -DSTM32F407xx -DARM_MATH_CM4 -D__CC_ARM -DARM_MATH_MATRIX_CHECK -DARM_MATH_ROUNDING -D__TARGET_FPU_VFP -D__FPU_PRESENT="1" --cpu Cortex-M4.fp --li --c99 -D__MICROLIB -O0 --split_sections -W --cpp11 -g -o .\build\infantry\.obj\__\Core\Src\main.o --no_depend_system_headers --depend .\build\infantry\.obj\__\Core\Src\main.d .\..\Core\Src\main.c
   at unify_builder.Program.Main(String[] args_)
---
"../User/Device/dvc_lkmotor.h", line 195: Error:  #20: identifier "LK_Motor_Control_Method_IMU_POSITION" is undefined
      Enum_LK_Motor_Control_Method LK_Motor_Control_Method = LK_Motor_Control_Method_IMU_POSITION;
                                                             ^
.\..\Core\Src\main.c: 0 warnings, 1 error

[2024-03-13 20:55:25]	compilation failed at : "d:\RM\RM_code\Standard_4_Cpp_Structure_ByRoboWalker\User\Chariot\crt_gimbal.cpp", exit code: 1
command: 
  "D:\Keil5\keil5_anzhuangbao\ARM\ARMCC\bin\armcc.exe" -c --cpp --apcs=interwork -I../Core/Inc -I../Drivers/STM32F4xx_HAL_Driver/Inc -I../Drivers/STM32F4xx_HAL_Driver/Inc/Legacy -I../Drivers/CMSIS/Device/ST/STM32F4xx/Include -I../Drivers/CMSIS/Include -I../User/Chariot -I../User/Device -I../User/Interaction -I../User/Middleware/Algorithm -I../User/Middleware/Driver -I../User/Task -I../Drivers/CMSIS/DSP/Include -IRTE/_infantry -DUSE_HAL_DRIVER -DSTM32F407xx -DARM_MATH_CM4 -D__CC_ARM -DARM_MATH_MATRIX_CHECK -DARM_MATH_ROUNDING -D__TARGET_FPU_VFP -D__FPU_PRESENT="1" --cpu Cortex-M4.fp --li -D__MICROLIB -O0 --split_sections -W --cpp11 -g -o .\build\infantry\.obj\__\User\Chariot\crt_gimbal.o --no_depend_system_headers --depend .\build\infantry\.obj\__\User\Chariot\crt_gimbal.d .\..\User\Chariot\crt_gimbal.cpp
   at unify_builder.Program.Main(String[] args_)
---
".\..\User\Chariot\crt_gimbal.cpp", line 262: Error:  #20: identifier "PID_Torque" is undefined
          PID_Torque.Set_Target(Target_Torque);
          ^
".\..\User\Chariot\crt_gimbal.cpp", line 262: Error:  #20: identifier "Target_Torque" is undefined
          PID_Torque.Set_Target(Target_Torque);
                                ^
".\..\User\Chariot\crt_gimbal.cpp", line 263: Error:  #135: class "Struct_LK_Motor_Rx_Data"  has no member "Now_Torque"
          PID_Torque.Set_Now(Data.Now_Torque);
                                  ^
".\..\User\Chariot\crt_gimbal.cpp", line 266: Error:  #20: identifier "Set_Out" is undefined
          Set_Out(PID_Torque.Get_Out());
          ^
".\..\User\Chariot\crt_gimbal.cpp", line 271: Error:  #20: identifier "PID_Omega" is undefined
          PID_Omega.Set_Target(Target_Omega);
          ^
".\..\User\Chariot\crt_gimbal.cpp", line 272: Error:  #20: identifier "WIT" is undefined
          if (WIT->Get_WIT_Status() == WIT_Status_DISABLE)
              ^
".\..\User\Chariot\crt_gimbal.cpp", line 278: Error:  #20: identifier "PID_Torque" is undefined
              PID_Torque.Set_K_P(2.0f);
              ^
".\..\User\Chariot\crt_gimbal.cpp", line 288: Error:  #20: identifier "PID_Torque" is undefined
              PID_Torque.Set_K_P(0.8f);
              ^
".\..\User\Chariot\crt_gimbal.cpp", line 294: Error:  #20: identifier "Set_Out" is undefined
          Set_Out(PID_Omega.Get_Out());
          ^
".\..\User\Chariot\crt_gimbal.cpp", line 299: Error:  #20: identifier "PID_Angle" is undefined
          PID_Angle.Set_Target(Target_Angle);
          ^
".\..\User\Chariot\crt_gimbal.cpp", line 309: Error:  #20: identifier "PID_Omega" is undefined
                  PID_Omega.Set_Target(Target_Omega);
                  ^
".\..\User\Chariot\crt_gimbal.cpp", line 336: Error:  #18: expected a ")"
          Set_Out(PID_Omega.Get_Out(); + Gravity_Compensate);
                                     ^
".\..\User\Chariot\crt_gimbal.cpp", line 336: Error:  #20: identifier "Set_Out" is undefined
          Set_Out(PID_Omega.Get_Out(); + Gravity_Compensate);
          ^
".\..\User\Chariot\crt_gimbal.cpp", line 336: Error:  #65: expected a ";"
          Set_Out(PID_Omega.Get_Out(); + Gravity_Compensate);
                                                           ^
".\..\User\Chariot\crt_gimbal.cpp", line 339: Error:  #2706: case label value has already appeared in this switch at line 297
      case (LK_Motor_Control_Method_IMU_ANGLE):
           ^
".\..\User\Chariot\crt_gimbal.cpp", line 341: Error:  #20: identifier "PID_Angle" is undefined
          PID_Angle.Set_Target(Target_Angle);
          ^
".\..\User\Chariot\crt_gimbal.cpp", line 348: Error:  #20: identifier "PID_Omega" is undefined
          PID_Omega.Set_Target(Target_Omega);
          ^
".\..\User\Chariot\crt_gimbal.cpp", line 363: Error:  #20: identifier "Target_Torque" is undefined
          Target_Torque = PID_Omega.Get_Out();
          ^
".\..\User\Chariot\crt_gimbal.cpp", line 365: Error:  #20: identifier "PID_Torque" is undefined
          PID_Torque.Set_Target(Target_Torque);
          ^
".\..\User\Chariot\crt_gimbal.cpp", line 366: Error:  #135: class "Struct_LK_Motor_Rx_Data"  has no member "Now_Torque"
          PID_Torque.Set_Now(Data.Now_Torque);
                                  ^
".\..\User\Chariot\crt_gimbal.cpp", line 369: Error:  #20: identifier "Set_Out" is undefined
          Set_Out(PID_Torque.Get_Out() + Gravity_Compensate);
          ^
".\..\User\Chariot\crt_gimbal.cpp", line 372: Error:  #2706: case label value has already appeared in this switch at line 297
      case (LK_Motor_Control_Method_IMU_ANGLE):
           ^
".\..\User\Chariot\crt_gimbal.cpp", line 372: Error:  #2706: case label value has already appeared in this switch at line 339
      case (LK_Motor_Control_Method_IMU_ANGLE):
           ^
".\..\User\Chariot\crt_gimbal.cpp", line 374: Error:  #20: identifier "PID_Angle" is undefined
          PID_Angle.Set_Target(Target_Angle);
          ^
".\..\User\Chariot\crt_gimbal.cpp", line 381: Error:  #20: identifier "PID_Omega" is undefined
          PID_Omega.Set_Target(Target_Omega);
          ^
".\..\User\Chariot\crt_gimbal.cpp", line 396: Error:  #20: identifier "Target_Torque" is undefined
          Target_Torque = PID_Omega.Get_Out();
          ^
".\..\User\Chariot\crt_gimbal.cpp", line 398: Error:  #20: identifier "PID_Torque" is undefined
          PID_Torque.Set_Target(Target_Torque);
          ^
".\..\User\Chariot\crt_gimbal.cpp", line 399: Error:  #135: class "Struct_LK_Motor_Rx_Data"  has no member "Now_Torque"
          PID_Torque.Set_Now(Data.Now_Torque);
                                  ^
".\..\User\Chariot\crt_gimbal.cpp", line 402: Error:  #20: identifier "Set_Out" is undefined
          Set_Out(PID_Torque.Get_Out() + Gravity_Compensate);
          ^
".\..\User\Chariot\crt_gimbal.cpp", line 407: Error:  #20: identifier "Set_Out" is undefined
          Set_Out(0.0f);
          ^
.\..\User\Chariot\crt_gimbal.cpp: 0 warnings, 30 errors

[2024-03-13 20:56:36]	compilation failed at : "d:\RM\RM_code\Standard_4_Cpp_Structure_ByRoboWalker\User\Chariot\crt_gimbal.cpp", exit code: 1
command: 
  "D:\Keil5\keil5_anzhuangbao\ARM\ARMCC\bin\armcc.exe" -c --cpp --apcs=interwork -I../Core/Inc -I../Drivers/STM32F4xx_HAL_Driver/Inc -I../Drivers/STM32F4xx_HAL_Driver/Inc/Legacy -I../Drivers/CMSIS/Device/ST/STM32F4xx/Include -I../Drivers/CMSIS/Include -I../User/Chariot -I../User/Device -I../User/Interaction -I../User/Middleware/Algorithm -I../User/Middleware/Driver -I../User/Task -I../Drivers/CMSIS/DSP/Include -IRTE/_infantry -DUSE_HAL_DRIVER -DSTM32F407xx -DARM_MATH_CM4 -D__CC_ARM -DARM_MATH_MATRIX_CHECK -DARM_MATH_ROUNDING -D__TARGET_FPU_VFP -D__FPU_PRESENT="1" --cpu Cortex-M4.fp --li -D__MICROLIB -O0 --split_sections -W --cpp11 -g -o .\build\infantry\.obj\__\User\Chariot\crt_gimbal.o --no_depend_system_headers --depend .\build\infantry\.obj\__\User\Chariot\crt_gimbal.d .\..\User\Chariot\crt_gimbal.cpp
   at unify_builder.Program.Main(String[] args_)
---
".\..\User\Chariot\crt_gimbal.cpp", line 262: Error:  #20: identifier "Target_Torque" is undefined
          PID_Torque.Set_Target(Target_Torque);
                                ^
".\..\User\Chariot\crt_gimbal.cpp", line 263: Error:  #135: class "Struct_LK_Motor_Rx_Data"  has no member "Now_Torque"
          PID_Torque.Set_Now(Data.Now_Torque);
                                  ^
".\..\User\Chariot\crt_gimbal.cpp", line 266: Error:  #20: identifier "Set_Out" is undefined
          Set_Out(PID_Torque.Get_Out());
          ^
".\..\User\Chariot\crt_gimbal.cpp", line 272: Error:  #20: identifier "WIT" is undefined
          if (WIT->Get_WIT_Status() == WIT_Status_DISABLE)
              ^
".\..\User\Chariot\crt_gimbal.cpp", line 294: Error:  #20: identifier "Set_Out" is undefined
          Set_Out(PID_Omega.Get_Out());
          ^
".\..\User\Chariot\crt_gimbal.cpp", line 303: Error:  #165: too few arguments in function call
                  PID_Angle.Set_Now();
                                    ^
".\..\User\Chariot\crt_gimbal.cpp", line 336: Error:  #18: expected a ")"
          Set_Out(PID_Omega.Get_Out(); + Gravity_Compensate);
                                     ^
".\..\User\Chariot\crt_gimbal.cpp", line 336: Error:  #20: identifier "Set_Out" is undefined
          Set_Out(PID_Omega.Get_Out(); + Gravity_Compensate);
          ^
".\..\User\Chariot\crt_gimbal.cpp", line 336: Error:  #65: expected a ";"
          Set_Out(PID_Omega.Get_Out(); + Gravity_Compensate);
                                                           ^
".\..\User\Chariot\crt_gimbal.cpp", line 339: Error:  #2706: case label value has already appeared in this switch at line 297
      case (LK_Motor_Control_Method_IMU_ANGLE):
           ^
".\..\User\Chariot\crt_gimbal.cpp", line 363: Error:  #20: identifier "Target_Torque" is undefined
          Target_Torque = PID_Omega.Get_Out();
          ^
".\..\User\Chariot\crt_gimbal.cpp", line 366: Error:  #135: class "Struct_LK_Motor_Rx_Data"  has no member "Now_Torque"
          PID_Torque.Set_Now(Data.Now_Torque);
                                  ^
".\..\User\Chariot\crt_gimbal.cpp", line 369: Error:  #20: identifier "Set_Out" is undefined
          Set_Out(PID_Torque.Get_Out() + Gravity_Compensate);
          ^
".\..\User\Chariot\crt_gimbal.cpp", line 372: Error:  #2706: case label value has already appeared in this switch at line 297
      case (LK_Motor_Control_Method_IMU_ANGLE):
           ^
".\..\User\Chariot\crt_gimbal.cpp", line 372: Error:  #2706: case label value has already appeared in this switch at line 339
      case (LK_Motor_Control_Method_IMU_ANGLE):
           ^
".\..\User\Chariot\crt_gimbal.cpp", line 396: Error:  #20: identifier "Target_Torque" is undefined
          Target_Torque = PID_Omega.Get_Out();
          ^
".\..\User\Chariot\crt_gimbal.cpp", line 399: Error:  #135: class "Struct_LK_Motor_Rx_Data"  has no member "Now_Torque"
          PID_Torque.Set_Now(Data.Now_Torque);
                                  ^
".\..\User\Chariot\crt_gimbal.cpp", line 402: Error:  #20: identifier "Set_Out" is undefined
          Set_Out(PID_Torque.Get_Out() + Gravity_Compensate);
          ^
".\..\User\Chariot\crt_gimbal.cpp", line 407: Error:  #20: identifier "Set_Out" is undefined
          Set_Out(0.0f);
          ^
".\..\User\Chariot\crt_gimbal.cpp", line 411: Error:  #20: identifier "Output" is undefined
      Output();   
      ^
.\..\User\Chariot\crt_gimbal.cpp: 0 warnings, 20 errors

[2024-03-13 22:01:15]	compilation failed at : "d:\RM\RM_code\Standard_4_Cpp_Structure_ByRoboWalker\User\Task\tsk_config_and_callback.cpp", exit code: 1
command: 
  "D:\Keil5\keil5_anzhuangbao\ARM\ARMCC\bin\armcc.exe" -c --cpp --apcs=interwork -I../Core/Inc -I../Drivers/STM32F4xx_HAL_Driver/Inc -I../Drivers/STM32F4xx_HAL_Driver/Inc/Legacy -I../Drivers/CMSIS/Device/ST/STM32F4xx/Include -I../Drivers/CMSIS/Include -I../User/Chariot -I../User/Device -I../User/Interaction -I../User/Middleware/Algorithm -I../User/Middleware/Driver -I../User/Task -I../Drivers/CMSIS/DSP/Include -IRTE/_infantry -DUSE_HAL_DRIVER -DSTM32F407xx -DARM_MATH_CM4 -D__CC_ARM -DARM_MATH_MATRIX_CHECK -DARM_MATH_ROUNDING -D__TARGET_FPU_VFP -D__FPU_PRESENT="1" --cpu Cortex-M4.fp --li -D__MICROLIB -O0 --split_sections -W --cpp11 -g -o .\build\infantry\.obj\__\User\Task\tsk_config_and_callback.o --no_depend_system_headers --depend .\build\infantry\.obj\__\User\Task\tsk_config_and_callback.d .\..\User\Task\tsk_config_and_callback.cpp
   at unify_builder.Program.compileByMulThread(Int32 thrNum, CmdInfo[] cmds_, List`1 errLogs)
   at unify_builder.Program.Main(String[] args_)
---
".\..\User\Task\tsk_config_and_callback.cpp", line 318: Error:  #135: class "Class_Chariot"  has no member "Boardc_BMI"
              chariot.Boardc_BMI.TIM_Calculate_PeriodElapsedCallback();     
                      ^
.\..\User\Task\tsk_config_and_callback.cpp: 0 warnings, 1 error

[2024-03-13 22:03:03]	[done]
	build successfully !

[2024-03-13 22:09:55]	[done]
	build successfully !

[2024-03-13 22:19:46]	[done]
	build successfully !

[2024-03-13 22:27:15]	[done]
	build successfully !

[2024-03-13 22:28:55]	[done]
	build successfully !

[2024-03-13 22:31:14]	[done]
	build successfully !

[2024-03-13 22:44:39]	compilation failed at : "d:\RM\RM_code\Standard_4_Cpp_Structure_ByRoboWalker\User\Chariot\crt_booster.cpp", exit code: 1
command: 
  "D:\Keil5\keil5_anzhuangbao\ARM\ARMCC\bin\armcc.exe" -c --cpp --apcs=interwork -I../Core/Inc -I../Drivers/STM32F4xx_HAL_Driver/Inc -I../Drivers/STM32F4xx_HAL_Driver/Inc/Legacy -I../Drivers/CMSIS/Device/ST/STM32F4xx/Include -I../Drivers/CMSIS/Include -I../User/Chariot -I../User/Device -I../User/Interaction -I../User/Middleware/Algorithm -I../User/Middleware/Driver -I../User/Task -I../Drivers/CMSIS/DSP/Include -IRTE/_infantry -DUSE_HAL_DRIVER -DSTM32F407xx -DARM_MATH_CM4 -D__CC_ARM -DARM_MATH_MATRIX_CHECK -DARM_MATH_ROUNDING -D__TARGET_FPU_VFP -D__FPU_PRESENT="1" --cpu Cortex-M4.fp --li -D__MICROLIB -O0 --split_sections -W --cpp11 -g -o .\build\infantry\.obj\__\User\Chariot\crt_booster.o --no_depend_system_headers --depend .\build\infantry\.obj\__\User\Chariot\crt_booster.d .\..\User\Chariot\crt_booster.cpp
   at unify_builder.Program.Main(String[] args_)
---
".\..\User\Chariot\crt_booster.cpp", line 89: Error:  #135: class "Class_Booster"  has no member "Referee"
          Heat -= Booster->Referee->Get_Booster_17mm_1_Heat_CD() / 1000.0f;
                           ^
".\..\User\Chariot\crt_booster.cpp", line 235: Error:  #20: identifier "Referee" is undefined
          if (FSM_Heat_Detect.Heat + 30 < Referee->Get_Booster_17mm_1_Heat_Max())
                                          ^
".\..\User\Chariot\crt_booster.cpp", line 255: Error:  #20: identifier "Referee" is undefined
          Default_Driver_Omega = Referee->Get_Booster_17mm_1_Heat_CD() / 10.0f / 8.0f * 2.0f * PI;
                                 ^
.\..\User\Chariot\crt_booster.cpp: 0 warnings, 3 errors

[2024-03-13 22:45:21]	compilation failed at : "d:\RM\RM_code\Standard_4_Cpp_Structure_ByRoboWalker\User\Chariot\crt_booster.cpp", exit code: 1
command: 
  "D:\Keil5\keil5_anzhuangbao\ARM\ARMCC\bin\armcc.exe" -c --cpp --apcs=interwork -I../Core/Inc -I../Drivers/STM32F4xx_HAL_Driver/Inc -I../Drivers/STM32F4xx_HAL_Driver/Inc/Legacy -I../Drivers/CMSIS/Device/ST/STM32F4xx/Include -I../Drivers/CMSIS/Include -I../User/Chariot -I../User/Device -I../User/Interaction -I../User/Middleware/Algorithm -I../User/Middleware/Driver -I../User/Task -I../Drivers/CMSIS/DSP/Include -IRTE/_infantry -DUSE_HAL_DRIVER -DSTM32F407xx -DARM_MATH_CM4 -D__CC_ARM -DARM_MATH_MATRIX_CHECK -DARM_MATH_ROUNDING -D__TARGET_FPU_VFP -D__FPU_PRESENT="1" --cpu Cortex-M4.fp --li -D__MICROLIB -O0 --split_sections -W --cpp11 -g -o .\build\infantry\.obj\__\User\Chariot\crt_booster.o --no_depend_system_headers --depend .\build\infantry\.obj\__\User\Chariot\crt_booster.d .\..\User\Chariot\crt_booster.cpp
   at unify_builder.Program.Main(String[] args_)
---
".\..\User\Chariot\crt_booster.cpp", line 265: Error:  #20: identifier "Referee" is undefined
              tmp_omega = (Default_Driver_Omega - Driver_Omega) / Referee->Get_Booster_17mm_1_Heat_Max() * (FSM_Heat_Detect.Heat + 30.0f) + Driver_Omega;
                                                                  ^
.\..\User\Chariot\crt_booster.cpp: 0 warnings, 1 error

[2024-03-13 22:45:30]	[done]
	build successfully !

[2024-03-13 22:45:39]	[done]
	build successfully !

[2024-03-13 23:53:02]	compilation failed at : "d:\RM\RM_code\Standard_4_Cpp_Structure_ByRoboWalker\User\Device\dvc_imu.cpp", exit code: 1
command: 
  "D:\Keil5\keil5_anzhuangbao\ARM\ARMCC\bin\armcc.exe" -c --cpp --apcs=interwork -I../Core/Inc -I../Drivers/STM32F4xx_HAL_Driver/Inc -I../Drivers/STM32F4xx_HAL_Driver/Inc/Legacy -I../Drivers/CMSIS/Device/ST/STM32F4xx/Include -I../Drivers/CMSIS/Include -I../User/Chariot -I../User/Device -I../User/Interaction -I../User/Middleware/Algorithm -I../User/Middleware/Driver -I../User/Task -I../Drivers/CMSIS/DSP/Include -IRTE/_infantry -DUSE_HAL_DRIVER -DSTM32F407xx -DARM_MATH_CM4 -D__CC_ARM -DARM_MATH_MATRIX_CHECK -DARM_MATH_ROUNDING -D__TARGET_FPU_VFP -D__FPU_PRESENT="1" --cpu Cortex-M4.fp --li -D__MICROLIB -O0 --split_sections -W --cpp11 -g -o .\build\infantry\.obj\__\User\Device\dvc_imu.o --no_depend_system_headers --depend .\build\infantry\.obj\__\User\Device\dvc_imu.d .\..\User\Device\dvc_imu.cpp
   at unify_builder.Program.Main(String[] args_)
---
".\..\User\Device\dvc_imu.cpp", line 185: Error:  #392: member function "Class_IMU::Get_Rad_Pitch"  may not be redeclared outside its class
  float Class_IMU::Get_Rad_Pitch(void);
                   ^
".\..\User\Device\dvc_imu.cpp", line 186: Error:  #169: expected a declaration
  {
  ^
".\..\User\Device\dvc_imu.cpp", line 190: Error:  #392: member function "Class_IMU::Get_Rad_Yaw"  may not be redeclared outside its class
  float Class_IMU::Get_Rad_Yaw(void);
                   ^
".\..\User\Device\dvc_imu.cpp", line 191: Error:  #169: expected a declaration
  {
  ^
.\..\User\Device\dvc_imu.cpp: 0 warnings, 4 errors

[2024-03-13 23:53:37]	[done]
	build successfully !

[2024-03-13 23:59:30]	[done]
	build successfully !

[2024-03-14 00:06:24]	[done]
	build successfully !

[2024-03-14 00:17:23]	[done]
	build successfully !

[2024-03-14 00:18:29]	[done]
	build successfully !

[2024-03-14 00:32:35]	[done]
	build successfully !

[2024-03-14 00:39:05]	[done]
	build successfully !

[2024-03-15 16:46:27]	compilation failed at : "d:\RM\RM_code\Standard_4_Cpp_Structure_ByRoboWalker\Middlewares\ST\STM32_USB_Device_Library\Class\CDC\Src\usbd_cdc.c", exit code: 1
command: 
  "D:\Keil5\keil5_anzhuangbao\ARM\ARMCC\bin\armcc.exe" -c --apcs=interwork -I../Core/Inc -I../Drivers/STM32F4xx_HAL_Driver/Inc -I../Drivers/STM32F4xx_HAL_Driver/Inc/Legacy -I../Drivers/CMSIS/Device/ST/STM32F4xx/Include -I../Drivers/CMSIS/Include -I../User/Chariot -I../User/Device -I../User/Interaction -I../User/Middleware/Algorithm -I../User/Middleware/Driver -I../User/Task -I../Drivers/CMSIS/DSP/Include -I../USB_DEVICE/App -I../USB_DEVICE/Target -I../Middlewares/ST/STM32_USB_Device_Library/Core/Inc -I../Middlewares/ST/STM32_USB_Device_Library/Class/CDC/Inc -IRTE/_infantry -DUSE_HAL_DRIVER -DSTM32F407xx -DARM_MATH_CM4 -D__CC_ARM -DARM_MATH_MATRIX_CHECK -DARM_MATH_ROUNDING -D__TARGET_FPU_VFP -D__FPU_PRESENT="1" --cpu Cortex-M4.fp --li --c99 -D__MICROLIB -O0 --split_sections -W --cpp11 -g -o .\build\infantry\.obj\__\Middlewares\ST\STM32_USB_Device_Library\Class\CDC\Src\usbd_cdc.o --no_depend_system_headers --depend .\build\infantry\.obj\__\Middlewares\ST\STM32_USB_Device_Library\Class\CDC\Src\usbd_cdc.d .\..\Middlewares\ST\STM32_USB_Device_Library\Class\CDC\Src\usbd_cdc.c
   at unify_builder.Program.compileByMulThread(Int32 thrNum, CmdInfo[] cmds_, List`1 errLogs)
   at unify_builder.Program.Main(String[] args_)
---
".\..\Middlewares\ST\STM32_USB_Device_Library\Class\CDC\Src\usbd_cdc.c", line 472: Error:  #513: a value of type "void *" cannot be assigned to an entity of type "USBD_CDC_HandleTypeDef *"
    hcdc = 
SBD_malloc(sizeof(USBD_CDC_HandleTypeDef));
         ^
.\..\Middlewares\ST\STM32_USB_Device_Library\Class\CDC\Src\usbd_cdc.c: 0 warnings, 1 error

[2024-03-15 16:48:06]	compilation failed at : "d:\RM\RM_code\Standard_4_Cpp_Structure_ByRoboWalker\USB_DEVICE\Target\usbd_conf.c", exit code: 1
command: 
  "D:\Keil5\keil5_anzhuangbao\ARM\ARMCC\bin\armcc.exe" -c --apcs=interwork -I../Core/Inc -I../Drivers/STM32F4xx_HAL_Driver/Inc -I../Drivers/STM32F4xx_HAL_Driver/Inc/Legacy -I../Drivers/CMSIS/Device/ST/STM32F4xx/Include -I../Drivers/CMSIS/Include -I../User/Chariot -I../User/Device -I../User/Interaction -I../User/Middleware/Algorithm -I../User/Middleware/Driver -I../User/Task -I../Drivers/CMSIS/DSP/Include -I../USB_DEVICE/App -I../USB_DEVICE/Target -I../Middlewares/ST/STM32_USB_Device_Library/Core/Inc -I../Middlewares/ST/STM32_USB_Device_Library/Class/CDC/Inc -IRTE/_infantry -DUSE_HAL_DRIVER -DSTM32F407xx -DARM_MATH_CM4 -D__CC_ARM -DARM_MATH_MATRIX_CHECK -DARM_MATH_ROUNDING -D__TARGET_FPU_VFP -D__FPU_PRESENT="1" --cpu Cortex-M4.fp --li --c99 -D__MICROLIB -O0 --split_sections -W --cpp11 -g -o .\build\infantry\.obj\__\USB_DEVICE\Target\usbd_conf.o --no_depend_system_headers --depend .\build\infantry\.obj\__\USB_DEVICE\Target\usbd_conf.d .\..\USB_DEVICE\Target\usbd_conf.c
   at unify_builder.Program.compileByMulThread(Int32 thrNum, CmdInfo[] cmds_, List`1 errLogs)
   at unify_builder.Program.Main(String[] args_)
---
".\..\Middlewares\ST\STM32_USB_Device_Library\Class\CDC\Src\usbd_cdc.c", line 472: Error:  #513: a value of type "void *" cannot be assigned to an entity of type "USBD_CDC_HandleTypeDef *"
    hcdc = 
SBD_malloc(sizeof(USBD_CDC_HandleTypeDef));
         ^
.\..\Middlewares\ST\STM32_USB_Device_Library\Class\CDC\Src\usbd_cdc.c: 0 warnings, 1 error
".\..\USB_DEVICE\Target\usbd_conf.c", line 382: Error:  #167: argument of type "void *" is incompatible with parameter of type "PCD_HandleTypeDef *"
    hal_status = HAL_PCD_DeInit(pdev->pData);
                                ^
".\..\USB_DEVICE\Target\usbd_conf.c", line 399: Error:  #167: argument of type "void *" is incompatible with parameter of type "PCD_HandleTypeDef *"
    hal_status = HAL_PCD_Start(pdev->pData);
                               ^
".\..\USB_DEVICE\Target\usbd_conf.c", line 416: Error:  #167: argument of type "void *" is incompatible with parameter of type "PCD_HandleTypeDef *"
    hal_status = HAL_PCD_Stop(pdev->pData);
                              ^
".\..\USB_DEVICE\Target\usbd_conf.c", line 436: Error:  #167: argument of type "void *" is incompatible with parameter of type "PCD_HandleTypeDef *"
    hal_status = HAL_PCD_EP_Open(pdev->pData, ep_addr, ep_mps, ep_type);
                                 ^
".\..\USB_DEVICE\Target\usbd_conf.c", line 454: Error:  #167: argument of type "void *" is incompatible with parameter of type "PCD_HandleTypeDef *"
    hal_status = HAL_PCD_EP_Close(pdev->pData, ep_addr);
                                  ^
".\..\USB_DEVICE\Target\usbd_conf.c", line 472: Error:  #167: argument of type "void *" is incompatible with parameter of type "PCD_HandleTypeDef *"
    hal_status = HAL_PCD_EP_Flush(pdev->pData, ep_addr);
                                  ^
".\..\USB_DEVICE\Target\usbd_conf.c", line 490: Error:  #167: argument of type "void *" is incompatible with parameter of type "PCD_HandleTypeDef *"
    hal_status = HAL_PCD_EP_SetStall(pdev->pData, ep_addr);
                                     ^
".\..\USB_DEVICE\Target\usbd_conf.c", line 508: Error:  #167: argument of type "void *" is incompatible with parameter of type "PCD_HandleTypeDef *"
    hal_status = HAL_PCD_EP_ClrStall(pdev->pData, ep_addr);
                                     ^
".\..\USB_DEVICE\Target\usbd_conf.c", line 546: Error:  #167: argument of type "void *" is incompatible with parameter of type "PCD_HandleTypeDef *"
    hal_status = HAL_PCD_SetAddress(pdev->pData, dev_addr);
                                    ^
".\..\USB_DEVICE\Target\usbd_conf.c", line 566: Error:  #167: argument of type "void *" is incompatible with parameter of type "PCD_HandleTypeDef *"
    hal_status = HAL_PCD_EP_Transmit(pdev->pData, ep_addr, pbuf, size);
                                     ^
".\..\USB_DEVICE\Target\usbd_conf.c", line 586: Error:  #167: argument of type "void *" is incompatible with parameter of type "PCD_HandleTypeDef *"
    hal_status = HAL_PCD_EP_Receive(pdev->pData, ep_addr, pbuf, size);
                                    ^
.\..\USB_DEVICE\Target\usbd_conf.c: 0 warnings, 11 errors

[2024-03-15 17:11:33]	compilation failed at : "d:\RM\RM_code\Standard_4_Cpp_Structure_ByRoboWalker\USB_DEVICE\App\usbd_cdc_if.c", exit code: 1
command: 
  "D:\Keil5\keil5_anzhuangbao\ARM\ARMCC\bin\armcc.exe" -c --apcs=interwork -I../Core/Inc -I../Drivers/STM32F4xx_HAL_Driver/Inc -I../Drivers/STM32F4xx_HAL_Driver/Inc/Legacy -I../Drivers/CMSIS/Device/ST/STM32F4xx/Include -I../Drivers/CMSIS/Include -I../User/Chariot -I../User/Device -I../User/Interaction -I../User/Middleware/Algorithm -I../User/Middleware/Driver -I../User/Task -I../Drivers/CMSIS/DSP/Include -I../USB_DEVICE/App -I../USB_DEVICE/Target -I../Middlewares/ST/STM32_USB_Device_Library/Core/Inc -I../Middlewares/ST/STM32_USB_Device_Library/Class/CDC/Inc -IRTE/_infantry -DUSE_HAL_DRIVER -DSTM32F407xx -DARM_MATH_CM4 -D__CC_ARM -DARM_MATH_MATRIX_CHECK -DARM_MATH_ROUNDING -D__TARGET_FPU_VFP -D__FPU_PRESENT="1" --cpu Cortex-M4.fp --li --c99 -D__MICROLIB -O0 --split_sections -W --cpp11 -g --c99 --c99 -o .\build\infantry\.obj\__\USB_DEVICE\App\usbd_cdc_if.o --no_depend_system_headers --depend .\build\infantry\.obj\__\USB_DEVICE\App\usbd_cdc_if.d .\..\USB_DEVICE\App\usbd_cdc_if.c
   at unify_builder.Program.compileByMulThread(Int32 thrNum, CmdInfo[] cmds_, List`1 errLogs)
   at unify_builder.Program.Main(String[] args_)
---
".\..\Middlewares\ST\STM32_USB_Device_Library\Class\CDC\Src\usbd_cdc.c", line 472: Error:  #513: a value of type "void *" cannot be assigned to an entity of type "USBD_CDC_HandleTypeDef *"
    hcdc = 
SBD_malloc(sizeof(USBD_CDC_HandleTypeDef));
         ^
.\..\Middlewares\ST\STM32_USB_Device_Library\Class\CDC\Src\usbd_cdc.c: 0 warnings, 1 error
".\..\USB_DEVICE\Target\usbd_conf.c", line 382: Error:  #167: argument of type "void *" is incompatible with parameter of type "PCD_HandleTypeDef *"
    hal_status = HAL_PCD_DeInit(pdev->pData);
                                ^
".\..\USB_DEVICE\Target\usbd_conf.c", line 399: Error:  #167: argument of type "void *" is incompatible with parameter of type "PCD_HandleTypeDef *"
    hal_status = HAL_PCD_Start(pdev->pData);
                               ^
".\..\USB_DEVICE\Target\usbd_conf.c", line 416: Error:  #167: argument of type "void *" is incompatible with parameter of type "PCD_HandleTypeDef *"
    hal_status = HAL_PCD_Stop(pdev->pData);
                              ^
".\..\USB_DEVICE\Target\usbd_conf.c", line 436: Error:  #167: argument of type "void *" is incompatible with parameter of type "PCD_HandleTypeDef *"
    hal_status = HAL_PCD_EP_Open(pdev->pData, ep_addr, ep_mps, ep_type);
                                 ^
".\..\USB_DEVICE\Target\usbd_conf.c", line 454: Error:  #167: argument of type "void *" is incompatible with parameter of type "PCD_HandleTypeDef *"
    hal_status = HAL_PCD_EP_Close(pdev->pData, ep_addr);
                                  ^
".\..\USB_DEVICE\Target\usbd_conf.c", line 472: Error:  #167: argument of type "void *" is incompatible with parameter of type "PCD_HandleTypeDef *"
    hal_status = HAL_PCD_EP_Flush(pdev->pData, ep_addr);
                                  ^
".\..\USB_DEVICE\Target\usbd_conf.c", line 490: Error:  #167: argument of type "void *" is incompatible with parameter of type "PCD_HandleTypeDef *"
    hal_status = HAL_PCD_EP_SetStall(pdev->pData, ep_addr);
                                     ^
".\..\USB_DEVICE\Target\usbd_conf.c", line 508: Error:  #167: argument of type "void *" is incompatible with parameter of type "PCD_HandleTypeDef *"
    hal_status = HAL_PCD_EP_ClrStall(pdev->pData, ep_addr);
                                     ^
".\..\USB_DEVICE\Target\usbd_conf.c", line 546: Error:  #167: argument of type "void *" is incompatible with parameter of type "PCD_HandleTypeDef *"
    hal_status = HAL_PCD_SetAddress(pdev->pData, dev_addr);
                                    ^
".\..\USB_DEVICE\Target\usbd_conf.c", line 566: Error:  #167: argument of type "void *" is incompatible with parameter of type "PCD_HandleTypeDef *"
    hal_status = HAL_PCD_EP_Transmit(pdev->pData, ep_addr, pbuf, size);
                                     ^
".\..\USB_DEVICE\Target\usbd_conf.c", line 586: Error:  #167: argument of type "void *" is incompatible with parameter of type "PCD_HandleTypeDef *"
    hal_status = HAL_PCD_EP_Receive(pdev->pData, ep_addr, pbuf, size);
                                    ^
.\..\USB_DEVICE\Target\usbd_conf.c: 0 warnings, 11 errors
"../User/Middleware/Driver/drv_tim.h", line 41: Error:  #20: identifier "bool" is undefined
  extern bool init_finished;
         ^
"../User/Middleware/Driver/drv_tim.h", line 51: Error:  #20: identifier "Struct_TIM_Manage_Object" is undefined
  extern Struct_TIM_Manage_Object TIM1_Manage_Object;
         ^
"../User/Middleware/Driver/drv_tim.h", line 52: Error:  #20: identifier "Struct_TIM_Manage_Object" is undefined
  extern Struct_TIM_Manage_Object TIM2_Manage_Object;
         ^
"../User/Middleware/Driver/drv_tim.h", line 53: Error:  #20: identifier "Struct_TIM_Manage_Object" is undefined
  extern Struct_TIM_Manage_Object TIM3_Manage_Object;
         ^
"../User/Middleware/Driver/drv_tim.h", line 54: Error:  #20: identifier "Struct_TIM_Manage_Object" is undefined
  extern Struct_TIM_Manage_Object TIM4_Manage_Object;
         ^
"../User/Middleware/Driver/drv_tim.h", line 55: Error:  #20: identifier "Struct_TIM_Manage_Object" is undefined
  extern Struct_TIM_Manage_Object TIM5_Manage_Object;
         ^
"../User/Middleware/Driver/drv_tim.h", line 56: Error:  #20: identifier "Struct_TIM_Manage_Object" is undefined
  extern Struct_TIM_Manage_Object TIM6_Manage_Object;
         ^
"../User/Middleware/Driver/drv_tim.h", line 57: Error:  #20: identifier "Struct_TIM_Manage_Object" is undefined
  extern Struct_TIM_Manage_Object TIM7_Manage_Object;
         ^
"../User/Middleware/Driver/drv_tim.h", line 58: Error:  #20: identifier "Struct_TIM_Manage_Object" is undefined
  extern Struct_TIM_Manage_Object TIM8_Manage_Object;
         ^
"../User/Middleware/Driver/drv_tim.h", line 59: Error:  #20: identifier "Struct_TIM_Manage_Object" is undefined
  extern Struct_TIM_Manage_Object TIM9_Manage_Object;
         ^
"../User/Middleware/Driver/drv_tim.h", line 60: Error:  #20: identifier "Struct_TIM_Manage_Object" is undefined
  extern Struct_TIM_Manage_Object TIM10_Manage_Object;
         ^
"../User/Middleware/Driver/drv_tim.h", line 61: Error:  #20: identifier "Struct_TIM_Manage_Object" is undefined
  extern Struct_TIM_Manage_Object TIM11_Manage_Object;
         ^
"../User/Middleware/Driver/drv_tim.h", line 62: Error:  #20: identifier "Struct_TIM_Manage_Object" is undefined
  extern Struct_TIM_Manage_Object TIM12_Manage_Object;
         ^
"../User/Middleware/Driver/drv_tim.h", line 63: Error:  #20: identifier "Struct_TIM_Manage_Object" is undefined
  extern Struct_TIM_Manage_Object TIM13_Manage_Object;
         ^
"../User/Middleware/Driver/drv_tim.h", line 64: Error:  #20: identifier "Struct_TIM_Manage_Object" is undefined
  extern Struct_TIM_Manage_Object TIM14_Manage_Object;
         ^
"../User/Middleware/Driver/drv_spi.h", line 53: Error:  #20: identifier "bool" is undefined
  extern bool init_finished;
         ^
"../User/Middleware/Driver/drv_spi.h", line 58: Error:  #20: identifier "Struct_SPI_Manage_Object" is undefined
  extern Struct_SPI_Manage_Object SPI1_Manage_Object;
         ^
"../User/Middleware/Driver/drv_spi.h", line 59: Error:  #20: identifier "Struct_SPI_Manage_Object" is undefined
  extern Struct_SPI_Manage_Object SPI2_Manage_Object;
         ^
"../User/Middleware/Driver/drv_spi.h", line 60: Error:  #20: identifier "Struct_SPI_Manage_Object" is undefined
  extern Struct_SPI_Manage_Object SPI3_Manage_Object;
         ^
"../User/Middleware/Driver/drv_spi.h", line 61: Error:  #20: identifier "Struct_SPI_Manage_Object" is undefined
  extern Struct_SPI_Manage_Object SPI4_Manage_Object;
         ^
"../User/Middleware/Driver/drv_spi.h", line 62: Error:  #20: identifier "Struct_SPI_Manage_Object" is undefined
  extern Struct_SPI_Manage_Object SPI5_Manage_Object;
         ^
"../User/Middleware/Driver/drv_spi.h", line 63: Error:  #20: identifier "Struct_SPI_Manage_Object" is undefined
  extern Struct_SPI_Manage_Object SPI6_Manage_Object;
         ^
"../User/Device/dvc_boardc_bmi088.h", line 119: Error:  #20: identifier "class" is undefined
  class Class_BoardC_BMI{
  ^
"../User/Device/dvc_boardc_bmi088.h", line 119: Error:  #65: expected a ";"
  class Class_BoardC_BMI{
                        ^
"../User/Device/dvc_boardc_bmi088.h", line 156: Error:  #169: expected a declaration
  };
  ^
"../User/Middleware/Driver/drv_math.h", line 42: Error:  #147-D: declaration is incompatible with "void Math_Endian_Reverse_16(void *)"  (declared at line 41)
  void Math_Endian_Reverse_16(void *Source, void *Destination);
       ^
"../User/Middleware/Driver/drv_math.h", line 44: Error:  #147-D: declaration is incompatible with "void Math_Endian_Reverse_32(void *)"  (declared at line 43)
  void Math_Endian_Reverse_32(void *Source, void *Destination);
       ^
"../User/Middleware/Driver/drv_math.h", line 63: Error:  #77-D: this declaration has no storage class or type specifier
  template <typename Type>
  ^
"../User/Middleware/Driver/drv_math.h", line 63: Error:  #65: expected a ";"
  template <typename Type>
           ^
"../User/Middleware/Driver/drv_can.h", line 54: Error:  #20: identifier "Struct_CAN_Rx_Buffer" is undefined
  typedef void (*CAN_Call_Back)(Struct_CAN_Rx_Buffer *);
                                ^
.\..\USB_DEVICE\App\usbd_cdc_if.c: 0 warnings, 30 errors

[2024-03-15 17:14:40]	compilation failed at : "d:\RM\RM_code\Standard_4_Cpp_Structure_ByRoboWalker\USB_DEVICE\App\usbd_cdc_if.c", exit code: 1
command: 
  "D:\Keil5\keil5_anzhuangbao\ARM\ARMCC\bin\armcc.exe" -c --apcs=interwork -I../Core/Inc -I../Drivers/STM32F4xx_HAL_Driver/Inc -I../Drivers/STM32F4xx_HAL_Driver/Inc/Legacy -I../Drivers/CMSIS/Device/ST/STM32F4xx/Include -I../Drivers/CMSIS/Include -I../User/Chariot -I../User/Device -I../User/Interaction -I../User/Middleware/Algorithm -I../User/Middleware/Driver -I../User/Task -I../Drivers/CMSIS/DSP/Include -I../USB_DEVICE/App -I../USB_DEVICE/Target -I../Middlewares/ST/STM32_USB_Device_Library/Core/Inc -I../Middlewares/ST/STM32_USB_Device_Library/Class/CDC/Inc -IRTE/_infantry -DUSE_HAL_DRIVER -DSTM32F407xx -DARM_MATH_CM4 -D__CC_ARM -DARM_MATH_MATRIX_CHECK -DARM_MATH_ROUNDING -D__TARGET_FPU_VFP -D__FPU_PRESENT="1" --cpu Cortex-M4.fp --li --c99 -D__MICROLIB -O0 --split_sections -W --cpp11 -g --c99 --c99 -o .\build\infantry\.obj\__\USB_DEVICE\App\usbd_cdc_if.o --no_depend_system_headers --depend .\build\infantry\.obj\__\USB_DEVICE\App\usbd_cdc_if.d .\..\USB_DEVICE\App\usbd_cdc_if.c
   at unify_builder.Program.compileByMulThread(Int32 thrNum, CmdInfo[] cmds_, List`1 errLogs)
   at unify_builder.Program.Main(String[] args_)
---
".\..\Middlewares\ST\STM32_USB_Device_Library\Class\CDC\Src\usbd_cdc.c", line 472: Error:  #513: a value of type "void *" cannot be assigned to an entity of type "USBD_CDC_HandleTypeDef *"
    hcdc = 
SBD_malloc(sizeof(USBD_CDC_HandleTypeDef));
         ^
.\..\Middlewares\ST\STM32_USB_Device_Library\Class\CDC\Src\usbd_cdc.c: 0 warnings, 1 error
".\..\USB_DEVICE\Target\usbd_conf.c", line 382: Error:  #167: argument of type "void *" is incompatible with parameter of type "PCD_HandleTypeDef *"
    hal_status = HAL_PCD_DeInit(pdev->pData);
                                ^
".\..\USB_DEVICE\Target\usbd_conf.c", line 399: Error:  #167: argument of type "void *" is incompatible with parameter of type "PCD_HandleTypeDef *"
    hal_status = HAL_PCD_Start(pdev->pData);
                               ^
".\..\USB_DEVICE\Target\usbd_conf.c", line 416: Error:  #167: argument of type "void *" is incompatible with parameter of type "PCD_HandleTypeDef *"
    hal_status = HAL_PCD_Stop(pdev->pData);
                              ^
".\..\USB_DEVICE\Target\usbd_conf.c", line 436: Error:  #167: argument of type "void *" is incompatible with parameter of type "PCD_HandleTypeDef *"
    hal_status = HAL_PCD_EP_Open(pdev->pData, ep_addr, ep_mps, ep_type);
                                 ^
".\..\USB_DEVICE\Target\usbd_conf.c", line 454: Error:  #167: argument of type "void *" is incompatible with parameter of type "PCD_HandleTypeDef *"
    hal_status = HAL_PCD_EP_Close(pdev->pData, ep_addr);
                                  ^
".\..\USB_DEVICE\Target\usbd_conf.c", line 472: Error:  #167: argument of type "void *" is incompatible with parameter of type "PCD_HandleTypeDef *"
    hal_status = HAL_PCD_EP_Flush(pdev->pData, ep_addr);
                                  ^
".\..\USB_DEVICE\Target\usbd_conf.c", line 490: Error:  #167: argument of type "void *" is incompatible with parameter of type "PCD_HandleTypeDef *"
    hal_status = HAL_PCD_EP_SetStall(pdev->pData, ep_addr);
                                     ^
".\..\USB_DEVICE\Target\usbd_conf.c", line 508: Error:  #167: argument of type "void *" is incompatible with parameter of type "PCD_HandleTypeDef *"
    hal_status = HAL_PCD_EP_ClrStall(pdev->pData, ep_addr);
                                     ^
".\..\USB_DEVICE\Target\usbd_conf.c", line 546: Error:  #167: argument of type "void *" is incompatible with parameter of type "PCD_HandleTypeDef *"
    hal_status = HAL_PCD_SetAddress(pdev->pData, dev_addr);
                                    ^
".\..\USB_DEVICE\Target\usbd_conf.c", line 566: Error:  #167: argument of type "void *" is incompatible with parameter of type "PCD_HandleTypeDef *"
    hal_status = HAL_PCD_EP_Transmit(pdev->pData, ep_addr, pbuf, size);
                                     ^
".\..\USB_DEVICE\Target\usbd_conf.c", line 586: Error:  #167: argument of type "void *" is incompatible with parameter of type "PCD_HandleTypeDef *"
    hal_status = HAL_PCD_EP_Receive(pdev->pData, ep_addr, pbuf, size);
                                    ^
.\..\USB_DEVICE\Target\usbd_conf.c: 0 warnings, 11 errors
"../User/Middleware/Driver/drv_tim.h", line 41: Error:  #20: identifier "bool" is undefined
  extern bool init_finished;
         ^
"../User/Middleware/Driver/drv_tim.h", line 51: Error:  #20: identifier "Struct_TIM_Manage_Object" is undefined
  extern Struct_TIM_Manage_Object TIM1_Manage_Object;
         ^
"../User/Middleware/Driver/drv_tim.h", line 52: Error:  #20: identifier "Struct_TIM_Manage_Object" is undefined
  extern Struct_TIM_Manage_Object TIM2_Manage_Object;
         ^
"../User/Middleware/Driver/drv_tim.h", line 53: Error:  #20: identifier "Struct_TIM_Manage_Object" is undefined
  extern Struct_TIM_Manage_Object TIM3_Manage_Object;
         ^
"../User/Middleware/Driver/drv_tim.h", line 54: Error:  #20: identifier "Struct_TIM_Manage_Object" is undefined
  extern Struct_TIM_Manage_Object TIM4_Manage_Object;
         ^
"../User/Middleware/Driver/drv_tim.h", line 55: Error:  #20: identifier "Struct_TIM_Manage_Object" is undefined
  extern Struct_TIM_Manage_Object TIM5_Manage_Object;
         ^
"../User/Middleware/Driver/drv_tim.h", line 56: Error:  #20: identifier "Struct_TIM_Manage_Object" is undefined
  extern Struct_TIM_Manage_Object TIM6_Manage_Object;
         ^
"../User/Middleware/Driver/drv_tim.h", line 57: Error:  #20: identifier "Struct_TIM_Manage_Object" is undefined
  extern Struct_TIM_Manage_Object TIM7_Manage_Object;
         ^
"../User/Middleware/Driver/drv_tim.h", line 58: Error:  #20: identifier "Struct_TIM_Manage_Object" is undefined
  extern Struct_TIM_Manage_Object TIM8_Manage_Object;
         ^
"../User/Middleware/Driver/drv_tim.h", line 59: Error:  #20: identifier "Struct_TIM_Manage_Object" is undefined
  extern Struct_TIM_Manage_Object TIM9_Manage_Object;
         ^
"../User/Middleware/Driver/drv_tim.h", line 60: Error:  #20: identifier "Struct_TIM_Manage_Object" is undefined
  extern Struct_TIM_Manage_Object TIM10_Manage_Object;
         ^
"../User/Middleware/Driver/drv_tim.h", line 61: Error:  #20: identifier "Struct_TIM_Manage_Object" is undefined
  extern Struct_TIM_Manage_Object TIM11_Manage_Object;
         ^
"../User/Middleware/Driver/drv_tim.h", line 62: Error:  #20: identifier "Struct_TIM_Manage_Object" is undefined
  extern Struct_TIM_Manage_Object TIM12_Manage_Object;
         ^
"../User/Middleware/Driver/drv_tim.h", line 63: Error:  #20: identifier "Struct_TIM_Manage_Object" is undefined
  extern Struct_TIM_Manage_Object TIM13_Manage_Object;
         ^
"../User/Middleware/Driver/drv_tim.h", line 64: Error:  #20: identifier "Struct_TIM_Manage_Object" is undefined
  extern Struct_TIM_Manage_Object TIM14_Manage_Object;
         ^
"../User/Middleware/Driver/drv_spi.h", line 53: Error:  #20: identifier "bool" is undefined
  extern bool init_finished;
         ^
"../User/Middleware/Driver/drv_spi.h", line 58: Error:  #20: identifier "Struct_SPI_Manage_Object" is undefined
  extern Struct_SPI_Manage_Object SPI1_Manage_Object;
         ^
"../User/Middleware/Driver/drv_spi.h", line 59: Error:  #20: identifier "Struct_SPI_Manage_Object" is undefined
  extern Struct_SPI_Manage_Object SPI2_Manage_Object;
         ^
"../User/Middleware/Driver/drv_spi.h", line 60: Error:  #20: identifier "Struct_SPI_Manage_Object" is undefined
  extern Struct_SPI_Manage_Object SPI3_Manage_Object;
         ^
"../User/Middleware/Driver/drv_spi.h", line 61: Error:  #20: identifier "Struct_SPI_Manage_Object" is undefined
  extern Struct_SPI_Manage_Object SPI4_Manage_Object;
         ^
"../User/Middleware/Driver/drv_spi.h", line 62: Error:  #20: identifier "Struct_SPI_Manage_Object" is undefined
  extern Struct_SPI_Manage_Object SPI5_Manage_Object;
         ^
"../User/Middleware/Driver/drv_spi.h", line 63: Error:  #20: identifier "Struct_SPI_Manage_Object" is undefined
  extern Struct_SPI_Manage_Object SPI6_Manage_Object;
         ^
"../User/Device/dvc_boardc_bmi088.h", line 119: Error:  #20: identifier "class" is undefined
  class Class_BoardC_BMI{
  ^
"../User/Device/dvc_boardc_bmi088.h", line 119: Error:  #65: expected a ";"
  class Class_BoardC_BMI{
                        ^
"../User/Device/dvc_boardc_bmi088.h", line 156: Error:  #169: expected a declaration
  };
  ^
"../User/Middleware/Driver/drv_math.h", line 42: Error:  #147-D: declaration is incompatible with "void Math_Endian_Reverse_16(void *)"  (declared at line 41)
  void Math_Endian_Reverse_16(void *Source, void *Destination);
       ^
"../User/Middleware/Driver/drv_math.h", line 44: Error:  #147-D: declaration is incompatible with "void Math_Endian_Reverse_32(void *)"  (declared at line 43)
  void Math_Endian_Reverse_32(void *Source, void *Destination);
       ^
"../User/Middleware/Driver/drv_math.h", line 63: Error:  #77-D: this declaration has no storage class or type specifier
  template <typename Type>
  ^
"../User/Middleware/Driver/drv_math.h", line 63: Error:  #65: expected a ";"
  template <typename Type>
           ^
"../User/Middleware/Driver/drv_can.h", line 54: Error:  #20: identifier "Struct_CAN_Rx_Buffer" is undefined
  typedef void (*CAN_Call_Back)(Struct_CAN_Rx_Buffer *);
                                ^
.\..\USB_DEVICE\App\usbd_cdc_if.c: 0 warnings, 30 errors

[2024-03-15 17:15:55]	compilation failed at : "d:\RM\RM_code\Standard_4_Cpp_Structure_ByRoboWalker\USB_DEVICE\App\usbd_cdc_if.c", exit code: 1
command: 
  "D:\Keil5\keil5_anzhuangbao\ARM\ARMCC\bin\armcc.exe" -c --apcs=interwork -I../Core/Inc -I../Drivers/STM32F4xx_HAL_Driver/Inc -I../Drivers/STM32F4xx_HAL_Driver/Inc/Legacy -I../Drivers/CMSIS/Device/ST/STM32F4xx/Include -I../Drivers/CMSIS/Include -I../User/Chariot -I../User/Device -I../User/Interaction -I../User/Middleware/Algorithm -I../User/Middleware/Driver -I../User/Task -I../Drivers/CMSIS/DSP/Include -I../USB_DEVICE/App -I../USB_DEVICE/Target -I../Middlewares/ST/STM32_USB_Device_Library/Core/Inc -I../Middlewares/ST/STM32_USB_Device_Library/Class/CDC/Inc -IRTE/_infantry -DUSE_HAL_DRIVER -DSTM32F407xx -DARM_MATH_CM4 -D__CC_ARM -DARM_MATH_MATRIX_CHECK -DARM_MATH_ROUNDING -D__TARGET_FPU_VFP -D__FPU_PRESENT="1" --cpu Cortex-M4.fp --li --c99 -D__MICROLIB -O0 --split_sections -W --cpp11 -g --c99 --c99 -o .\build\infantry\.obj\__\USB_DEVICE\App\usbd_cdc_if.o --no_depend_system_headers --depend .\build\infantry\.obj\__\USB_DEVICE\App\usbd_cdc_if.d .\..\USB_DEVICE\App\usbd_cdc_if.c
   at unify_builder.Program.compileByMulThread(Int32 thrNum, CmdInfo[] cmds_, List`1 errLogs)
   at unify_builder.Program.Main(String[] args_)
---
".\..\USB_DEVICE\Target\usbd_conf.c", line 382: Error:  #167: argument of type "void *" is incompatible with parameter of type "PCD_HandleTypeDef *"
    hal_status = HAL_PCD_DeInit(pdev->pData);
                                ^
".\..\USB_DEVICE\Target\usbd_conf.c", line 399: Error:  #167: argument of type "void *" is incompatible with parameter of type "PCD_HandleTypeDef *"
    hal_status = HAL_PCD_Start(pdev->pData);
                               ^
".\..\USB_DEVICE\Target\usbd_conf.c", line 416: Error:  #167: argument of type "void *" is incompatible with parameter of type "PCD_HandleTypeDef *"
    hal_status = HAL_PCD_Stop(pdev->pData);
                              ^
".\..\USB_DEVICE\Target\usbd_conf.c", line 436: Error:  #167: argument of type "void *" is incompatible with parameter of type "PCD_HandleTypeDef *"
    hal_status = HAL_PCD_EP_Open(pdev->pData, ep_addr, ep_mps, ep_type);
                                 ^
".\..\USB_DEVICE\Target\usbd_conf.c", line 454: Error:  #167: argument of type "void *" is incompatible with parameter of type "PCD_HandleTypeDef *"
    hal_status = HAL_PCD_EP_Close(pdev->pData, ep_addr);
                                  ^
".\..\USB_DEVICE\Target\usbd_conf.c", line 472: Error:  #167: argument of type "void *" is incompatible with parameter of type "PCD_HandleTypeDef *"
    hal_status = HAL_PCD_EP_Flush(pdev->pData, ep_addr);
                                  ^
".\..\USB_DEVICE\Target\usbd_conf.c", line 490: Error:  #167: argument of type "void *" is incompatible with parameter of type "PCD_HandleTypeDef *"
    hal_status = HAL_PCD_EP_SetStall(pdev->pData, ep_addr);
                                     ^
".\..\USB_DEVICE\Target\usbd_conf.c", line 508: Error:  #167: argument of type "void *" is incompatible with parameter of type "PCD_HandleTypeDef *"
    hal_status = HAL_PCD_EP_ClrStall(pdev->pData, ep_addr);
                                     ^
".\..\USB_DEVICE\Target\usbd_conf.c", line 546: Error:  #167: argument of type "void *" is incompatible with parameter of type "PCD_HandleTypeDef *"
    hal_status = HAL_PCD_SetAddress(pdev->pData, dev_addr);
                                    ^
".\..\USB_DEVICE\Target\usbd_conf.c", line 566: Error:  #167: argument of type "void *" is incompatible with parameter of type "PCD_HandleTypeDef *"
    hal_status = HAL_PCD_EP_Transmit(pdev->pData, ep_addr, pbuf, size);
                                     ^
".\..\USB_DEVICE\Target\usbd_conf.c", line 586: Error:  #167: argument of type "void *" is incompatible with parameter of type "PCD_HandleTypeDef *"
    hal_status = HAL_PCD_EP_Receive(pdev->pData, ep_addr, pbuf, size);
                                    ^
.\..\USB_DEVICE\Target\usbd_conf.c: 0 warnings, 11 errors
"../User/Middleware/Driver/drv_tim.h", line 41: Error:  #20: identifier "bool" is undefined
  extern bool init_finished;
         ^
"../User/Middleware/Driver/drv_tim.h", line 51: Error:  #20: identifier "Struct_TIM_Manage_Object" is undefined
  extern Struct_TIM_Manage_Object TIM1_Manage_Object;
         ^
"../User/Middleware/Driver/drv_tim.h", line 52: Error:  #20: identifier "Struct_TIM_Manage_Object" is undefined
  extern Struct_TIM_Manage_Object TIM2_Manage_Object;
         ^
"../User/Middleware/Driver/drv_tim.h", line 53: Error:  #20: identifier "Struct_TIM_Manage_Object" is undefined
  extern Struct_TIM_Manage_Object TIM3_Manage_Object;
         ^
"../User/Middleware/Driver/drv_tim.h", line 54: Error:  #20: identifier "Struct_TIM_Manage_Object" is undefined
  extern Struct_TIM_Manage_Object TIM4_Manage_Object;
         ^
"../User/Middleware/Driver/drv_tim.h", line 55: Error:  #20: identifier "Struct_TIM_Manage_Object" is undefined
  extern Struct_TIM_Manage_Object TIM5_Manage_Object;
         ^
"../User/Middleware/Driver/drv_tim.h", line 56: Error:  #20: identifier "Struct_TIM_Manage_Object" is undefined
  extern Struct_TIM_Manage_Object TIM6_Manage_Object;
         ^
"../User/Middleware/Driver/drv_tim.h", line 57: Error:  #20: identifier "Struct_TIM_Manage_Object" is undefined
  extern Struct_TIM_Manage_Object TIM7_Manage_Object;
         ^
"../User/Middleware/Driver/drv_tim.h", line 58: Error:  #20: identifier "Struct_TIM_Manage_Object" is undefined
  extern Struct_TIM_Manage_Object TIM8_Manage_Object;
         ^
"../User/Middleware/Driver/drv_tim.h", line 59: Error:  #20: identifier "Struct_TIM_Manage_Object" is undefined
  extern Struct_TIM_Manage_Object TIM9_Manage_Object;
         ^
"../User/Middleware/Driver/drv_tim.h", line 60: Error:  #20: identifier "Struct_TIM_Manage_Object" is undefined
  extern Struct_TIM_Manage_Object TIM10_Manage_Object;
         ^
"../User/Middleware/Driver/drv_tim.h", line 61: Error:  #20: identifier "Struct_TIM_Manage_Object" is undefined
  extern Struct_TIM_Manage_Object TIM11_Manage_Object;
         ^
"../User/Middleware/Driver/drv_tim.h", line 62: Error:  #20: identifier "Struct_TIM_Manage_Object" is undefined
  extern Struct_TIM_Manage_Object TIM12_Manage_Object;
         ^
"../User/Middleware/Driver/drv_tim.h", line 63: Error:  #20: identifier "Struct_TIM_Manage_Object" is undefined
  extern Struct_TIM_Manage_Object TIM13_Manage_Object;
         ^
"../User/Middleware/Driver/drv_tim.h", line 64: Error:  #20: identifier "Struct_TIM_Manage_Object" is undefined
  extern Struct_TIM_Manage_Object TIM14_Manage_Object;
         ^
"../User/Middleware/Driver/drv_spi.h", line 53: Error:  #20: identifier "bool" is undefined
  extern bool init_finished;
         ^
"../User/Middleware/Driver/drv_spi.h", line 58: Error:  #20: identifier "Struct_SPI_Manage_Object" is undefined
  extern Struct_SPI_Manage_Object SPI1_Manage_Object;
         ^
"../User/Middleware/Driver/drv_spi.h", line 59: Error:  #20: identifier "Struct_SPI_Manage_Object" is undefined
  extern Struct_SPI_Manage_Object SPI2_Manage_Object;
         ^
"../User/Middleware/Driver/drv_spi.h", line 60: Error:  #20: identifier "Struct_SPI_Manage_Object" is undefined
  extern Struct_SPI_Manage_Object SPI3_Manage_Object;
         ^
"../User/Middleware/Driver/drv_spi.h", line 61: Error:  #20: identifier "Struct_SPI_Manage_Object" is undefined
  extern Struct_SPI_Manage_Object SPI4_Manage_Object;
         ^
"../User/Middleware/Driver/drv_spi.h", line 62: Error:  #20: identifier "Struct_SPI_Manage_Object" is undefined
  extern Struct_SPI_Manage_Object SPI5_Manage_Object;
         ^
"../User/Middleware/Driver/drv_spi.h", line 63: Error:  #20: identifier "Struct_SPI_Manage_Object" is undefined
  extern Struct_SPI_Manage_Object SPI6_Manage_Object;
         ^
"../User/Device/dvc_boardc_bmi088.h", line 119: Error:  #20: identifier "class" is undefined
  class Class_BoardC_BMI{
  ^
"../User/Device/dvc_boardc_bmi088.h", line 119: Error:  #65: expected a ";"
  class Class_BoardC_BMI{
                        ^
"../User/Device/dvc_boardc_bmi088.h", line 156: Error:  #169: expected a declaration
  };
  ^
"../User/Middleware/Driver/drv_math.h", line 42: Error:  #147-D: declaration is incompatible with "void Math_Endian_Reverse_16(void *)"  (declared at line 41)
  void Math_Endian_Reverse_16(void *Source, void *Destination);
       ^
"../User/Middleware/Driver/drv_math.h", line 44: Error:  #147-D: declaration is incompatible with "void Math_Endian_Reverse_32(void *)"  (declared at line 43)
  void Math_Endian_Reverse_32(void *Source, void *Destination);
       ^
"../User/Middleware/Driver/drv_math.h", line 63: Error:  #77-D: this declaration has no storage class or type specifier
  template <typename Type>
  ^
"../User/Middleware/Driver/drv_math.h", line 63: Error:  #65: expected a ";"
  template <typename Type>
           ^
"../User/Middleware/Driver/drv_can.h", line 54: Error:  #20: identifier "Struct_CAN_Rx_Buffer" is undefined
  typedef void (*CAN_Call_Back)(Struct_CAN_Rx_Buffer *);
                                ^
.\..\USB_DEVICE\App\usbd_cdc_if.c: 0 warnings, 30 errors

[2024-03-15 17:16:22]	compilation failed at : "d:\RM\RM_code\Standard_4_Cpp_Structure_ByRoboWalker\USB_DEVICE\App\usbd_cdc_if.c", exit code: 1
command: 
  "D:\Keil5\keil5_anzhuangbao\ARM\ARMCC\bin\armcc.exe" -c --apcs=interwork -I../Core/Inc -I../Drivers/STM32F4xx_HAL_Driver/Inc -I../Drivers/STM32F4xx_HAL_Driver/Inc/Legacy -I../Drivers/CMSIS/Device/ST/STM32F4xx/Include -I../Drivers/CMSIS/Include -I../User/Chariot -I../User/Device -I../User/Interaction -I../User/Middleware/Algorithm -I../User/Middleware/Driver -I../User/Task -I../Drivers/CMSIS/DSP/Include -I../USB_DEVICE/App -I../USB_DEVICE/Target -I../Middlewares/ST/STM32_USB_Device_Library/Core/Inc -I../Middlewares/ST/STM32_USB_Device_Library/Class/CDC/Inc -IRTE/_infantry -DUSE_HAL_DRIVER -DSTM32F407xx -DARM_MATH_CM4 -D__CC_ARM -DARM_MATH_MATRIX_CHECK -DARM_MATH_ROUNDING -D__TARGET_FPU_VFP -D__FPU_PRESENT="1" --cpu Cortex-M4.fp --li --c99 -D__MICROLIB -O0 --split_sections -W --cpp11 -g --c99 --c99 -o .\build\infantry\.obj\__\USB_DEVICE\App\usbd_cdc_if.o --no_depend_system_headers --depend .\build\infantry\.obj\__\USB_DEVICE\App\usbd_cdc_if.d .\..\USB_DEVICE\App\usbd_cdc_if.c
   at unify_builder.Program.compileByMulThread(Int32 thrNum, CmdInfo[] cmds_, List`1 errLogs)
   at unify_builder.Program.Main(String[] args_)
---
"../User/Middleware/Driver/drv_tim.h", line 41: Error:  #20: identifier "bool" is undefined
  extern bool init_finished;
         ^
"../User/Middleware/Driver/drv_tim.h", line 51: Error:  #20: identifier "Struct_TIM_Manage_Object" is undefined
  extern Struct_TIM_Manage_Object TIM1_Manage_Object;
         ^
"../User/Middleware/Driver/drv_tim.h", line 52: Error:  #20: identifier "Struct_TIM_Manage_Object" is undefined
  extern Struct_TIM_Manage_Object TIM2_Manage_Object;
         ^
"../User/Middleware/Driver/drv_tim.h", line 53: Error:  #20: identifier "Struct_TIM_Manage_Object" is undefined
  extern Struct_TIM_Manage_Object TIM3_Manage_Object;
         ^
"../User/Middleware/Driver/drv_tim.h", line 54: Error:  #20: identifier "Struct_TIM_Manage_Object" is undefined
  extern Struct_TIM_Manage_Object TIM4_Manage_Object;
         ^
"../User/Middleware/Driver/drv_tim.h", line 55: Error:  #20: identifier "Struct_TIM_Manage_Object" is undefined
  extern Struct_TIM_Manage_Object TIM5_Manage_Object;
         ^
"../User/Middleware/Driver/drv_tim.h", line 56: Error:  #20: identifier "Struct_TIM_Manage_Object" is undefined
  extern Struct_TIM_Manage_Object TIM6_Manage_Object;
         ^
"../User/Middleware/Driver/drv_tim.h", line 57: Error:  #20: identifier "Struct_TIM_Manage_Object" is undefined
  extern Struct_TIM_Manage_Object TIM7_Manage_Object;
         ^
"../User/Middleware/Driver/drv_tim.h", line 58: Error:  #20: identifier "Struct_TIM_Manage_Object" is undefined
  extern Struct_TIM_Manage_Object TIM8_Manage_Object;
         ^
"../User/Middleware/Driver/drv_tim.h", line 59: Error:  #20: identifier "Struct_TIM_Manage_Object" is undefined
  extern Struct_TIM_Manage_Object TIM9_Manage_Object;
         ^
"../User/Middleware/Driver/drv_tim.h", line 60: Error:  #20: identifier "Struct_TIM_Manage_Object" is undefined
  extern Struct_TIM_Manage_Object TIM10_Manage_Object;
         ^
"../User/Middleware/Driver/drv_tim.h", line 61: Error:  #20: identifier "Struct_TIM_Manage_Object" is undefined
  extern Struct_TIM_Manage_Object TIM11_Manage_Object;
         ^
"../User/Middleware/Driver/drv_tim.h", line 62: Error:  #20: identifier "Struct_TIM_Manage_Object" is undefined
  extern Struct_TIM_Manage_Object TIM12_Manage_Object;
         ^
"../User/Middleware/Driver/drv_tim.h", line 63: Error:  #20: identifier "Struct_TIM_Manage_Object" is undefined
  extern Struct_TIM_Manage_Object TIM13_Manage_Object;
         ^
"../User/Middleware/Driver/drv_tim.h", line 64: Error:  #20: identifier "Struct_TIM_Manage_Object" is undefined
  extern Struct_TIM_Manage_Object TIM14_Manage_Object;
         ^
"../User/Middleware/Driver/drv_spi.h", line 53: Error:  #20: identifier "bool" is undefined
  extern bool init_finished;
         ^
"../User/Middleware/Driver/drv_spi.h", line 58: Error:  #20: identifier "Struct_SPI_Manage_Object" is undefined
  extern Struct_SPI_Manage_Object SPI1_Manage_Object;
         ^
"../User/Middleware/Driver/drv_spi.h", line 59: Error:  #20: identifier "Struct_SPI_Manage_Object" is undefined
  extern Struct_SPI_Manage_Object SPI2_Manage_Object;
         ^
"../User/Middleware/Driver/drv_spi.h", line 60: Error:  #20: identifier "Struct_SPI_Manage_Object" is undefined
  extern Struct_SPI_Manage_Object SPI3_Manage_Object;
         ^
"../User/Middleware/Driver/drv_spi.h", line 61: Error:  #20: identifier "Struct_SPI_Manage_Object" is undefined
  extern Struct_SPI_Manage_Object SPI4_Manage_Object;
         ^
"../User/Middleware/Driver/drv_spi.h", line 62: Error:  #20: identifier "Struct_SPI_Manage_Object" is undefined
  extern Struct_SPI_Manage_Object SPI5_Manage_Object;
         ^
"../User/Middleware/Driver/drv_spi.h", line 63: Error:  #20: identifier "Struct_SPI_Manage_Object" is undefined
  extern Struct_SPI_Manage_Object SPI6_Manage_Object;
         ^
"../User/Device/dvc_boardc_bmi088.h", line 119: Error:  #20: identifier "class" is undefined
  class Class_BoardC_BMI{
  ^
"../User/Device/dvc_boardc_bmi088.h", line 119: Error:  #65: expected a ";"
  class Class_BoardC_BMI{
                        ^
"../User/Device/dvc_boardc_bmi088.h", line 156: Error:  #169: expected a declaration
  };
  ^
"../User/Middleware/Driver/drv_math.h", line 42: Error:  #147-D: declaration is incompatible with "void Math_Endian_Reverse_16(void *)"  (declared at line 41)
  void Math_Endian_Reverse_16(void *Source, void *Destination);
       ^
"../User/Middleware/Driver/drv_math.h", line 44: Error:  #147-D: declaration is incompatible with "void Math_Endian_Reverse_32(void *)"  (declared at line 43)
  void Math_Endian_Reverse_32(void *Source, void *Destination);
       ^
"../User/Middleware/Driver/drv_math.h", line 63: Error:  #77-D: this declaration has no storage class or type specifier
  template <typename Type>
  ^
"../User/Middleware/Driver/drv_math.h", line 63: Error:  #65: expected a ";"
  template <typename Type>
           ^
"../User/Middleware/Driver/drv_can.h", line 54: Error:  #20: identifier "Struct_CAN_Rx_Buffer" is undefined
  typedef void (*CAN_Call_Back)(Struct_CAN_Rx_Buffer *);
                                ^
.\..\USB_DEVICE\App\usbd_cdc_if.c: 0 warnings, 30 errors

[2024-03-15 17:19:50]	compilation failed at : "d:\RM\RM_code\Standard_4_Cpp_Structure_ByRoboWalker\USB_DEVICE\App\usbd_cdc_if.c", exit code: 1
command: 
  "D:\Keil5\keil5_anzhuangbao\ARM\ARMCC\bin\armcc.exe" -c --apcs=interwork -I../Core/Inc -I../Drivers/STM32F4xx_HAL_Driver/Inc -I../Drivers/STM32F4xx_HAL_Driver/Inc/Legacy -I../Drivers/CMSIS/Device/ST/STM32F4xx/Include -I../Drivers/CMSIS/Include -I../User/Chariot -I../User/Device -I../User/Interaction -I../User/Middleware/Algorithm -I../User/Middleware/Driver -I../User/Task -I../Drivers/CMSIS/DSP/Include -I../USB_DEVICE/App -I../USB_DEVICE/Target -I../Middlewares/ST/STM32_USB_Device_Library/Core/Inc -I../Middlewares/ST/STM32_USB_Device_Library/Class/CDC/Inc -IRTE/_infantry -DUSE_HAL_DRIVER -DSTM32F407xx -DARM_MATH_CM4 -D__CC_ARM -DARM_MATH_MATRIX_CHECK -DARM_MATH_ROUNDING -D__TARGET_FPU_VFP -D__FPU_PRESENT="1" --cpu Cortex-M4.fp --li --c99 -D__MICROLIB -O0 --split_sections -W --cpp11 -g --c99 --c99 -o .\build\infantry\.obj\__\USB_DEVICE\App\usbd_cdc_if.o --no_depend_system_headers --depend .\build\infantry\.obj\__\USB_DEVICE\App\usbd_cdc_if.d .\..\USB_DEVICE\App\usbd_cdc_if.c
   at unify_builder.Program.compileByMulThread(Int32 thrNum, CmdInfo[] cmds_, List`1 errLogs)
   at unify_builder.Program.Main(String[] args_)
---
"../User/Middleware/Driver/drv_tim.h", line 41: Error:  #20: identifier "bool" is undefined
  extern bool init_finished;
         ^
"../User/Middleware/Driver/drv_tim.h", line 51: Error:  #20: identifier "Struct_TIM_Manage_Object" is undefined
  extern Struct_TIM_Manage_Object TIM1_Manage_Object;
         ^
"../User/Middleware/Driver/drv_tim.h", line 52: Error:  #20: identifier "Struct_TIM_Manage_Object" is undefined
  extern Struct_TIM_Manage_Object TIM2_Manage_Object;
         ^
"../User/Middleware/Driver/drv_tim.h", line 53: Error:  #20: identifier "Struct_TIM_Manage_Object" is undefined
  extern Struct_TIM_Manage_Object TIM3_Manage_Object;
         ^
"../User/Middleware/Driver/drv_tim.h", line 54: Error:  #20: identifier "Struct_TIM_Manage_Object" is undefined
  extern Struct_TIM_Manage_Object TIM4_Manage_Object;
         ^
"../User/Middleware/Driver/drv_tim.h", line 55: Error:  #20: identifier "Struct_TIM_Manage_Object" is undefined
  extern Struct_TIM_Manage_Object TIM5_Manage_Object;
         ^
"../User/Middleware/Driver/drv_tim.h", line 56: Error:  #20: identifier "Struct_TIM_Manage_Object" is undefined
  extern Struct_TIM_Manage_Object TIM6_Manage_Object;
         ^
"../User/Middleware/Driver/drv_tim.h", line 57: Error:  #20: identifier "Struct_TIM_Manage_Object" is undefined
  extern Struct_TIM_Manage_Object TIM7_Manage_Object;
         ^
"../User/Middleware/Driver/drv_tim.h", line 58: Error:  #20: identifier "Struct_TIM_Manage_Object" is undefined
  extern Struct_TIM_Manage_Object TIM8_Manage_Object;
         ^
"../User/Middleware/Driver/drv_tim.h", line 59: Error:  #20: identifier "Struct_TIM_Manage_Object" is undefined
  extern Struct_TIM_Manage_Object TIM9_Manage_Object;
         ^
"../User/Middleware/Driver/drv_tim.h", line 60: Error:  #20: identifier "Struct_TIM_Manage_Object" is undefined
  extern Struct_TIM_Manage_Object TIM10_Manage_Object;
         ^
"../User/Middleware/Driver/drv_tim.h", line 61: Error:  #20: identifier "Struct_TIM_Manage_Object" is undefined
  extern Struct_TIM_Manage_Object TIM11_Manage_Object;
         ^
"../User/Middleware/Driver/drv_tim.h", line 62: Error:  #20: identifier "Struct_TIM_Manage_Object" is undefined
  extern Struct_TIM_Manage_Object TIM12_Manage_Object;
         ^
"../User/Middleware/Driver/drv_tim.h", line 63: Error:  #20: identifier "Struct_TIM_Manage_Object" is undefined
  extern Struct_TIM_Manage_Object TIM13_Manage_Object;
         ^
"../User/Middleware/Driver/drv_tim.h", line 64: Error:  #20: identifier "Struct_TIM_Manage_Object" is undefined
  extern Struct_TIM_Manage_Object TIM14_Manage_Object;
         ^
"../User/Middleware/Driver/drv_spi.h", line 53: Error:  #20: identifier "bool" is undefined
  extern bool init_finished;
         ^
"../User/Middleware/Driver/drv_spi.h", line 58: Error:  #20: identifier "Struct_SPI_Manage_Object" is undefined
  extern Struct_SPI_Manage_Object SPI1_Manage_Object;
         ^
"../User/Middleware/Driver/drv_spi.h", line 59: Error:  #20: identifier "Struct_SPI_Manage_Object" is undefined
  extern Struct_SPI_Manage_Object SPI2_Manage_Object;
         ^
"../User/Middleware/Driver/drv_spi.h", line 60: Error:  #20: identifier "Struct_SPI_Manage_Object" is undefined
  extern Struct_SPI_Manage_Object SPI3_Manage_Object;
         ^
"../User/Middleware/Driver/drv_spi.h", line 61: Error:  #20: identifier "Struct_SPI_Manage_Object" is undefined
  extern Struct_SPI_Manage_Object SPI4_Manage_Object;
         ^
"../User/Middleware/Driver/drv_spi.h", line 62: Error:  #20: identifier "Struct_SPI_Manage_Object" is undefined
  extern Struct_SPI_Manage_Object SPI5_Manage_Object;
         ^
"../User/Middleware/Driver/drv_spi.h", line 63: Error:  #20: identifier "Struct_SPI_Manage_Object" is undefined
  extern Struct_SPI_Manage_Object SPI6_Manage_Object;
         ^
"../User/Device/dvc_boardc_bmi088.h", line 119: Error:  #20: identifier "class" is undefined
  class Class_BoardC_BMI{
  ^
"../User/Device/dvc_boardc_bmi088.h", line 119: Error:  #65: expected a ";"
  class Class_BoardC_BMI{
                        ^
"../User/Device/dvc_boardc_bmi088.h", line 156: Error:  #169: expected a declaration
  };
  ^
"../User/Middleware/Driver/drv_math.h", line 42: Error:  #147-D: declaration is incompatible with "void Math_Endian_Reverse_16(void *)"  (declared at line 41)
  void Math_Endian_Reverse_16(void *Source, void *Destination);
       ^
"../User/Middleware/Driver/drv_math.h", line 44: Error:  #147-D: declaration is incompatible with "void Math_Endian_Reverse_32(void *)"  (declared at line 43)
  void Math_Endian_Reverse_32(void *Source, void *Destination);
       ^
"../User/Middleware/Driver/drv_math.h", line 63: Error:  #77-D: this declaration has no storage class or type specifier
  template <typename Type>
  ^
"../User/Middleware/Driver/drv_math.h", line 63: Error:  #65: expected a ";"
  template <typename Type>
           ^
"../User/Middleware/Driver/drv_can.h", line 54: Error:  #20: identifier "Struct_CAN_Rx_Buffer" is undefined
  typedef void (*CAN_Call_Back)(Struct_CAN_Rx_Buffer *);
                                ^
.\..\USB_DEVICE\App\usbd_cdc_if.c: 0 warnings, 30 errors

[2024-03-15 17:23:00]	[done]
	build successfully !

[2024-03-15 22:24:02]	compilation failed at : "d:\RM\RM_code\Standard_4_Cpp_Structure_ByRoboWalker\Middlewares\ST\STM32_USB_Device_Library\Class\CDC\Src\usbd_cdc.c", exit code: 1
command: 
  "D:\Keil5\keil5_anzhuangbao\ARM\ARMCC\bin\armcc.exe" -c --apcs=interwork -I../Core/Inc -I../Drivers/STM32F4xx_HAL_Driver/Inc -I../Drivers/STM32F4xx_HAL_Driver/Inc/Legacy -I../Drivers/CMSIS/Device/ST/STM32F4xx/Include -I../Drivers/CMSIS/Include -I../User/Chariot -I../User/Device -I../User/Interaction -I../User/Middleware/Algorithm -I../User/Middleware/Driver -I../User/Task -I../Drivers/CMSIS/DSP/Include -I../USB_DEVICE/App -I../USB_DEVICE/Target -I../Middlewares/ST/STM32_USB_Device_Library/Core/Inc -I../Middlewares/ST/STM32_USB_Device_Library/Class/CDC/Inc -IRTE/_infantry -I.eide/deps -DUSE_HAL_DRIVER -DSTM32F407xx -DARM_MATH_CM4 -D__CC_ARM -DARM_MATH_MATRIX_CHECK -DARM_MATH_ROUNDING -D__TARGET_FPU_VFP -D__FPU_PRESENT="1" --cpu Cortex-M4.fp --li --c99 -D__MICROLIB -O0 --split_sections -W --cpp11 -g -o .\build\infantry\.obj\__\Middlewares\ST\STM32_USB_Device_Library\Class\CDC\Src\usbd_cdc.o --no_depend_system_headers --depend .\build\infantry\.obj\__\Middlewares\ST\STM32_USB_Device_Library\Class\CDC\Src\usbd_cdc.d .\..\Middlewares\ST\STM32_USB_Device_Library\Class\CDC\Src\usbd_cdc.c
   at unify_builder.Program.compileByMulThread(Int32 thrNum, CmdInfo[] cmds_, List`1 errLogs)
   at unify_builder.Program.Main(String[] args_)
---
".\..\Middlewares\ST\STM32_USB_Device_Library\Class\CDC\Src\usbd_cdc.c", line 472: Error:  #513: a value of type "void *" cannot be assigned to an entity of type "USBD_CDC_HandleTypeDef *"
    hcdc = 
SBD_malloc(sizeof(USBD_CDC_HandleTypeDef));
         ^
.\..\Middlewares\ST\STM32_USB_Device_Library\Class\CDC\Src\usbd_cdc.c: 0 warnings, 1 error

[2024-03-15 22:31:22]	compilation failed at : "d:\RM\RM_code\Standard_4_Cpp_Structure_ByRoboWalker\USB_DEVICE\Target\usbd_conf.c", exit code: 1
command: 
  "D:\Keil5\keil5_anzhuangbao\ARM\ARMCC\bin\armcc.exe" -c --apcs=interwork -I../Core/Inc -I../Drivers/STM32F4xx_HAL_Driver/Inc -I../Drivers/STM32F4xx_HAL_Driver/Inc/Legacy -I../Drivers/CMSIS/Device/ST/STM32F4xx/Include -I../Drivers/CMSIS/Include -I../User/Chariot -I../User/Device -I../User/Interaction -I../User/Middleware/Algorithm -I../User/Middleware/Driver -I../User/Task -I../Drivers/CMSIS/DSP/Include -I../USB_DEVICE/App -I../USB_DEVICE/Target -I../Middlewares/ST/STM32_USB_Device_Library/Core/Inc -I../Middlewares/ST/STM32_USB_Device_Library/Class/CDC/Inc -IRTE/_infantry -I.eide/deps -DUSE_HAL_DRIVER -DSTM32F407xx -DARM_MATH_CM4 -D__CC_ARM -DARM_MATH_MATRIX_CHECK -DARM_MATH_ROUNDING -D__TARGET_FPU_VFP -D__FPU_PRESENT="1" --cpu Cortex-M4.fp --li --c99 -D__MICROLIB -O0 --split_sections -W --cpp11 -g -o .\build\infantry\.obj\__\USB_DEVICE\Target\usbd_conf.o --no_depend_system_headers --depend .\build\infantry\.obj\__\USB_DEVICE\Target\usbd_conf.d .\..\USB_DEVICE\Target\usbd_conf.c
   at unify_builder.Program.compileByMulThread(Int32 thrNum, CmdInfo[] cmds_, List`1 errLogs)
   at unify_builder.Program.Main(String[] args_)
---
".\..\Middlewares\ST\STM32_USB_Device_Library\Class\CDC\Src\usbd_cdc.c", line 472: Error:  #513: a value of type "void *" cannot be assigned to an entity of type "USBD_CDC_HandleTypeDef *"
    hcdc = 
SBD_malloc(sizeof(USBD_CDC_HandleTypeDef));
         ^
.\..\Middlewares\ST\STM32_USB_Device_Library\Class\CDC\Src\usbd_cdc.c: 0 warnings, 1 error
".\..\USB_DEVICE\Target\usbd_conf.c", line 382: Error:  #167: argument of type "void *" is incompatible with parameter of type "PCD_HandleTypeDef *"
    hal_status = HAL_PCD_DeInit(pdev->pData);
                                ^
".\..\USB_DEVICE\Target\usbd_conf.c", line 399: Error:  #167: argument of type "void *" is incompatible with parameter of type "PCD_HandleTypeDef *"
    hal_status = HAL_PCD_Start(pdev->pData);
                               ^
".\..\USB_DEVICE\Target\usbd_conf.c", line 416: Error:  #167: argument of type "void *" is incompatible with parameter of type "PCD_HandleTypeDef *"
    hal_status = HAL_PCD_Stop(pdev->pData);
                              ^
".\..\USB_DEVICE\Target\usbd_conf.c", line 436: Error:  #167: argument of type "void *" is incompatible with parameter of type "PCD_HandleTypeDef *"
    hal_status = HAL_PCD_EP_Open(pdev->pData, ep_addr, ep_mps, ep_type);
                                 ^
".\..\USB_DEVICE\Target\usbd_conf.c", line 454: Error:  #167: argument of type "void *" is incompatible with parameter of type "PCD_HandleTypeDef *"
    hal_status = HAL_PCD_EP_Close(pdev->pData, ep_addr);
                                  ^
".\..\USB_DEVICE\Target\usbd_conf.c", line 472: Error:  #167: argument of type "void *" is incompatible with parameter of type "PCD_HandleTypeDef *"
    hal_status = HAL_PCD_EP_Flush(pdev->pData, ep_addr);
                                  ^
".\..\USB_DEVICE\Target\usbd_conf.c", line 490: Error:  #167: argument of type "void *" is incompatible with parameter of type "PCD_HandleTypeDef *"
    hal_status = HAL_PCD_EP_SetStall(pdev->pData, ep_addr);
                                     ^
".\..\USB_DEVICE\Target\usbd_conf.c", line 508: Error:  #167: argument of type "void *" is incompatible with parameter of type "PCD_HandleTypeDef *"
    hal_status = HAL_PCD_EP_ClrStall(pdev->pData, ep_addr);
                                     ^
".\..\USB_DEVICE\Target\usbd_conf.c", line 546: Error:  #167: argument of type "void *" is incompatible with parameter of type "PCD_HandleTypeDef *"
    hal_status = HAL_PCD_SetAddress(pdev->pData, dev_addr);
                                    ^
".\..\USB_DEVICE\Target\usbd_conf.c", line 566: Error:  #167: argument of type "void *" is incompatible with parameter of type "PCD_HandleTypeDef *"
    hal_status = HAL_PCD_EP_Transmit(pdev->pData, ep_addr, pbuf, size);
                                     ^
".\..\USB_DEVICE\Target\usbd_conf.c", line 586: Error:  #167: argument of type "void *" is incompatible with parameter of type "PCD_HandleTypeDef *"
    hal_status = HAL_PCD_EP_Receive(pdev->pData, ep_addr, pbuf, size);
                                    ^
.\..\USB_DEVICE\Target\usbd_conf.c: 0 warnings, 11 errors

[2024-03-15 22:34:34]	compilation failed at : "d:\RM\RM_code\Standard_4_Cpp_Structure_ByRoboWalker\USB_DEVICE\Target\usbd_conf.c", exit code: 1
command: 
  "D:\Keil5\keil5_anzhuangbao\ARM\ARMCC\bin\armcc.exe" -c --apcs=interwork -I../Core/Inc -I../Drivers/STM32F4xx_HAL_Driver/Inc -I../Drivers/STM32F4xx_HAL_Driver/Inc/Legacy -I../Drivers/CMSIS/Device/ST/STM32F4xx/Include -I../Drivers/CMSIS/Include -I../User/Chariot -I../User/Device -I../User/Interaction -I../User/Middleware/Algorithm -I../User/Middleware/Driver -I../User/Task -I../Drivers/CMSIS/DSP/Include -I../USB_DEVICE/App -I../USB_DEVICE/Target -I../Middlewares/ST/STM32_USB_Device_Library/Core/Inc -I../Middlewares/ST/STM32_USB_Device_Library/Class/CDC/Inc -IRTE/_infantry -I.eide/deps -DUSE_HAL_DRIVER -DSTM32F407xx -DARM_MATH_CM4 -D__CC_ARM -DARM_MATH_MATRIX_CHECK -DARM_MATH_ROUNDING -D__TARGET_FPU_VFP -D__FPU_PRESENT="1" --cpu Cortex-M4.fp --li --c99 -D__MICROLIB -O0 --split_sections -W --cpp11 -g -o .\build\infantry\.obj\__\USB_DEVICE\Target\usbd_conf.o --no_depend_system_headers --depend .\build\infantry\.obj\__\USB_DEVICE\Target\usbd_conf.d .\..\USB_DEVICE\Target\usbd_conf.c
   at unify_builder.Program.compileByMulThread(Int32 thrNum, CmdInfo[] cmds_, List`1 errLogs)
   at unify_builder.Program.Main(String[] args_)
---
".\..\Middlewares\ST\STM32_USB_Device_Library\Class\CDC\Src\usbd_cdc.c", line 472: Error:  #513: a value of type "void *" cannot be assigned to an entity of type "USBD_CDC_HandleTypeDef *"
    hcdc = 
SBD_malloc(sizeof(USBD_CDC_HandleTypeDef));
         ^
.\..\Middlewares\ST\STM32_USB_Device_Library\Class\CDC\Src\usbd_cdc.c: 0 warnings, 1 error
".\..\USB_DEVICE\Target\usbd_conf.c", line 382: Error:  #167: argument of type "void *" is incompatible with parameter of type "PCD_HandleTypeDef *"
    hal_status = HAL_PCD_DeInit(pdev->pData);
                                ^
".\..\USB_DEVICE\Target\usbd_conf.c", line 399: Error:  #167: argument of type "void *" is incompatible with parameter of type "PCD_HandleTypeDef *"
    hal_status = HAL_PCD_Start(pdev->pData);
                               ^
".\..\USB_DEVICE\Target\usbd_conf.c", line 416: Error:  #167: argument of type "void *" is incompatible with parameter of type "PCD_HandleTypeDef *"
    hal_status = HAL_PCD_Stop(pdev->pData);
                              ^
".\..\USB_DEVICE\Target\usbd_conf.c", line 436: Error:  #167: argument of type "void *" is incompatible with parameter of type "PCD_HandleTypeDef *"
    hal_status = HAL_PCD_EP_Open(pdev->pData, ep_addr, ep_mps, ep_type);
                                 ^
".\..\USB_DEVICE\Target\usbd_conf.c", line 454: Error:  #167: argument of type "void *" is incompatible with parameter of type "PCD_HandleTypeDef *"
    hal_status = HAL_PCD_EP_Close(pdev->pData, ep_addr);
                                  ^
".\..\USB_DEVICE\Target\usbd_conf.c", line 472: Error:  #167: argument of type "void *" is incompatible with parameter of type "PCD_HandleTypeDef *"
    hal_status = HAL_PCD_EP_Flush(pdev->pData, ep_addr);
                                  ^
".\..\USB_DEVICE\Target\usbd_conf.c", line 490: Error:  #167: argument of type "void *" is incompatible with parameter of type "PCD_HandleTypeDef *"
    hal_status = HAL_PCD_EP_SetStall(pdev->pData, ep_addr);
                                     ^
".\..\USB_DEVICE\Target\usbd_conf.c", line 508: Error:  #167: argument of type "void *" is incompatible with parameter of type "PCD_HandleTypeDef *"
    hal_status = HAL_PCD_EP_ClrStall(pdev->pData, ep_addr);
                                     ^
".\..\USB_DEVICE\Target\usbd_conf.c", line 546: Error:  #167: argument of type "void *" is incompatible with parameter of type "PCD_HandleTypeDef *"
    hal_status = HAL_PCD_SetAddress(pdev->pData, dev_addr);
                                    ^
".\..\USB_DEVICE\Target\usbd_conf.c", line 566: Error:  #167: argument of type "void *" is incompatible with parameter of type "PCD_HandleTypeDef *"
    hal_status = HAL_PCD_EP_Transmit(pdev->pData, ep_addr, pbuf, size);
                                     ^
".\..\USB_DEVICE\Target\usbd_conf.c", line 586: Error:  #167: argument of type "void *" is incompatible with parameter of type "PCD_HandleTypeDef *"
    hal_status = HAL_PCD_EP_Receive(pdev->pData, ep_addr, pbuf, size);
                                    ^
.\..\USB_DEVICE\Target\usbd_conf.c: 0 warnings, 11 errors

[2024-03-15 22:35:52]	compilation failed at : "d:\RM\RM_code\Standard_4_Cpp_Structure_ByRoboWalker\USB_DEVICE\Target\usbd_conf.c", exit code: 1
command: 
  "D:\Keil5\keil5_anzhuangbao\ARM\ARMCC\bin\armcc.exe" -c --apcs=interwork -I../Core/Inc -I../Drivers/STM32F4xx_HAL_Driver/Inc -I../Drivers/STM32F4xx_HAL_Driver/Inc/Legacy -I../Drivers/CMSIS/Device/ST/STM32F4xx/Include -I../Drivers/CMSIS/Include -I../User/Chariot -I../User/Device -I../User/Interaction -I../User/Middleware/Algorithm -I../User/Middleware/Driver -I../User/Task -I../Drivers/CMSIS/DSP/Include -I../USB_DEVICE/App -I../USB_DEVICE/Target -I../Middlewares/ST/STM32_USB_Device_Library/Core/Inc -I../Middlewares/ST/STM32_USB_Device_Library/Class/CDC/Inc -IRTE/_infantry -I.eide/deps -DUSE_HAL_DRIVER -DSTM32F407xx -DARM_MATH_CM4 -D__CC_ARM -DARM_MATH_MATRIX_CHECK -DARM_MATH_ROUNDING -D__TARGET_FPU_VFP -D__FPU_PRESENT="1" --cpu Cortex-M4.fp --li --c99 -D__MICROLIB -O0 --split_sections -W --cpp11 -g -o .\build\infantry\.obj\__\USB_DEVICE\Target\usbd_conf.o --no_depend_system_headers --depend .\build\infantry\.obj\__\USB_DEVICE\Target\usbd_conf.d .\..\USB_DEVICE\Target\usbd_conf.c
   at unify_builder.Program.compileByMulThread(Int32 thrNum, CmdInfo[] cmds_, List`1 errLogs)
   at unify_builder.Program.Main(String[] args_)
---
".\..\Middlewares\ST\STM32_USB_Device_Library\Class\CDC\Src\usbd_cdc.c", line 472: Error:  #513: a value of type "void *" cannot be assigned to an entity of type "USBD_CDC_HandleTypeDef *"
    hcdc = 
SBD_malloc(sizeof(USBD_CDC_HandleTypeDef));
         ^
.\..\Middlewares\ST\STM32_USB_Device_Library\Class\CDC\Src\usbd_cdc.c: 0 warnings, 1 error
".\..\USB_DEVICE\Target\usbd_conf.c", line 382: Error:  #167: argument of type "void *" is incompatible with parameter of type "PCD_HandleTypeDef *"
    hal_status = HAL_PCD_DeInit(pdev->pData);
                                ^
".\..\USB_DEVICE\Target\usbd_conf.c", line 399: Error:  #167: argument of type "void *" is incompatible with parameter of type "PCD_HandleTypeDef *"
    hal_status = HAL_PCD_Start(pdev->pData);
                               ^
".\..\USB_DEVICE\Target\usbd_conf.c", line 416: Error:  #167: argument of type "void *" is incompatible with parameter of type "PCD_HandleTypeDef *"
    hal_status = HAL_PCD_Stop(pdev->pData);
                              ^
".\..\USB_DEVICE\Target\usbd_conf.c", line 436: Error:  #167: argument of type "void *" is incompatible with parameter of type "PCD_HandleTypeDef *"
    hal_status = HAL_PCD_EP_Open(pdev->pData, ep_addr, ep_mps, ep_type);
                                 ^
".\..\USB_DEVICE\Target\usbd_conf.c", line 454: Error:  #167: argument of type "void *" is incompatible with parameter of type "PCD_HandleTypeDef *"
    hal_status = HAL_PCD_EP_Close(pdev->pData, ep_addr);
                                  ^
".\..\USB_DEVICE\Target\usbd_conf.c", line 472: Error:  #167: argument of type "void *" is incompatible with parameter of type "PCD_HandleTypeDef *"
    hal_status = HAL_PCD_EP_Flush(pdev->pData, ep_addr);
                                  ^
".\..\USB_DEVICE\Target\usbd_conf.c", line 490: Error:  #167: argument of type "void *" is incompatible with parameter of type "PCD_HandleTypeDef *"
    hal_status = HAL_PCD_EP_SetStall(pdev->pData, ep_addr);
                                     ^
".\..\USB_DEVICE\Target\usbd_conf.c", line 508: Error:  #167: argument of type "void *" is incompatible with parameter of type "PCD_HandleTypeDef *"
    hal_status = HAL_PCD_EP_ClrStall(pdev->pData, ep_addr);
                                     ^
".\..\USB_DEVICE\Target\usbd_conf.c", line 546: Error:  #167: argument of type "void *" is incompatible with parameter of type "PCD_HandleTypeDef *"
    hal_status = HAL_PCD_SetAddress(pdev->pData, dev_addr);
                                    ^
".\..\USB_DEVICE\Target\usbd_conf.c", line 566: Error:  #167: argument of type "void *" is incompatible with parameter of type "PCD_HandleTypeDef *"
    hal_status = HAL_PCD_EP_Transmit(pdev->pData, ep_addr, pbuf, size);
                                     ^
".\..\USB_DEVICE\Target\usbd_conf.c", line 586: Error:  #167: argument of type "void *" is incompatible with parameter of type "PCD_HandleTypeDef *"
    hal_status = HAL_PCD_EP_Receive(pdev->pData, ep_addr, pbuf, size);
                                    ^
.\..\USB_DEVICE\Target\usbd_conf.c: 0 warnings, 11 errors

[2024-03-15 22:42:09]	compilation failed at : "d:\RM\RM_code\Standard_4_Cpp_Structure_ByRoboWalker\USB_DEVICE\Target\usbd_conf.c", exit code: 1
command: 
  "D:\Keil5\keil5_anzhuangbao\ARM\ARMCC\bin\armcc.exe" -c --apcs=interwork -I../Core/Inc -I../Drivers/STM32F4xx_HAL_Driver/Inc -I../Drivers/STM32F4xx_HAL_Driver/Inc/Legacy -I../Drivers/CMSIS/Device/ST/STM32F4xx/Include -I../Drivers/CMSIS/Include -I../User/Chariot -I../User/Device -I../User/Interaction -I../User/Middleware/Algorithm -I../User/Middleware/Driver -I../User/Task -I../Drivers/CMSIS/DSP/Include -I../USB_DEVICE/App -I../USB_DEVICE/Target -I../Middlewares/ST/STM32_USB_Device_Library/Core/Inc -I../Middlewares/ST/STM32_USB_Device_Library/Class/CDC/Inc -IRTE/_infantry -DUSE_HAL_DRIVER -DSTM32F407xx -DARM_MATH_CM4 -D__CC_ARM -DARM_MATH_MATRIX_CHECK -DARM_MATH_ROUNDING -D__TARGET_FPU_VFP -D__FPU_PRESENT="1" --cpu Cortex-M4.fp --li --c99 -D__MICROLIB -O0 --split_sections -W --cpp11 -g -o .\build\infantry\.obj\__\USB_DEVICE\Target\usbd_conf.o --no_depend_system_headers --depend .\build\infantry\.obj\__\USB_DEVICE\Target\usbd_conf.d .\..\USB_DEVICE\Target\usbd_conf.c
   at unify_builder.Program.compileByMulThread(Int32 thrNum, CmdInfo[] cmds_, List`1 errLogs)
   at unify_builder.Program.Main(String[] args_)
---
".\..\Middlewares\ST\STM32_USB_Device_Library\Class\CDC\Src\usbd_cdc.c", line 472: Error:  #513: a value of type "void *" cannot be assigned to an entity of type "USBD_CDC_HandleTypeDef *"
    hcdc = 
SBD_malloc(sizeof(USBD_CDC_HandleTypeDef));
         ^
.\..\Middlewares\ST\STM32_USB_Device_Library\Class\CDC\Src\usbd_cdc.c: 0 warnings, 1 error
".\..\USB_DEVICE\Target\usbd_conf.c", line 382: Error:  #167: argument of type "void *" is incompatible with parameter of type "PCD_HandleTypeDef *"
    hal_status = HAL_PCD_DeInit(pdev->pData);
                                ^
".\..\USB_DEVICE\Target\usbd_conf.c", line 399: Error:  #167: argument of type "void *" is incompatible with parameter of type "PCD_HandleTypeDef *"
    hal_status = HAL_PCD_Start(pdev->pData);
                               ^
".\..\USB_DEVICE\Target\usbd_conf.c", line 416: Error:  #167: argument of type "void *" is incompatible with parameter of type "PCD_HandleTypeDef *"
    hal_status = HAL_PCD_Stop(pdev->pData);
                              ^
".\..\USB_DEVICE\Target\usbd_conf.c", line 436: Error:  #167: argument of type "void *" is incompatible with parameter of type "PCD_HandleTypeDef *"
    hal_status = HAL_PCD_EP_Open(pdev->pData, ep_addr, ep_mps, ep_type);
                                 ^
".\..\USB_DEVICE\Target\usbd_conf.c", line 454: Error:  #167: argument of type "void *" is incompatible with parameter of type "PCD_HandleTypeDef *"
    hal_status = HAL_PCD_EP_Close(pdev->pData, ep_addr);
                                  ^
".\..\USB_DEVICE\Target\usbd_conf.c", line 472: Error:  #167: argument of type "void *" is incompatible with parameter of type "PCD_HandleTypeDef *"
    hal_status = HAL_PCD_EP_Flush(pdev->pData, ep_addr);
                                  ^
".\..\USB_DEVICE\Target\usbd_conf.c", line 490: Error:  #167: argument of type "void *" is incompatible with parameter of type "PCD_HandleTypeDef *"
    hal_status = HAL_PCD_EP_SetStall(pdev->pData, ep_addr);
                                     ^
".\..\USB_DEVICE\Target\usbd_conf.c", line 508: Error:  #167: argument of type "void *" is incompatible with parameter of type "PCD_HandleTypeDef *"
    hal_status = HAL_PCD_EP_ClrStall(pdev->pData, ep_addr);
                                     ^
".\..\USB_DEVICE\Target\usbd_conf.c", line 546: Error:  #167: argument of type "void *" is incompatible with parameter of type "PCD_HandleTypeDef *"
    hal_status = HAL_PCD_SetAddress(pdev->pData, dev_addr);
                                    ^
".\..\USB_DEVICE\Target\usbd_conf.c", line 566: Error:  #167: argument of type "void *" is incompatible with parameter of type "PCD_HandleTypeDef *"
    hal_status = HAL_PCD_EP_Transmit(pdev->pData, ep_addr, pbuf, size);
                                     ^
".\..\USB_DEVICE\Target\usbd_conf.c", line 586: Error:  #167: argument of type "void *" is incompatible with parameter of type "PCD_HandleTypeDef *"
    hal_status = HAL_PCD_EP_Receive(pdev->pData, ep_addr, pbuf, size);
                                    ^
.\..\USB_DEVICE\Target\usbd_conf.c: 0 warnings, 11 errors

[2024-03-15 22:43:30]	compilation failed at : "d:\RM\RM_code\Standard_4_Cpp_Structure_ByRoboWalker\Middlewares\ST\STM32_USB_Device_Library\Class\CDC\Src\usbd_cdc.c", exit code: 1
command: 
  "D:\Keil5\keil5_anzhuangbao\ARM\ARMCC\bin\armcc.exe" -c --apcs=interwork -I../Core/Inc -I../Drivers/STM32F4xx_HAL_Driver/Inc -I../Drivers/STM32F4xx_HAL_Driver/Inc/Legacy -I../Drivers/CMSIS/Device/ST/STM32F4xx/Include -I../Drivers/CMSIS/Include -I../User/Chariot -I../User/Device -I../User/Interaction -I../User/Middleware/Algorithm -I../User/Middleware/Driver -I../User/Task -I../Drivers/CMSIS/DSP/Include -I../USB_DEVICE/App -I../USB_DEVICE/Target -I../Middlewares/ST/STM32_USB_Device_Library/Core/Inc -I../Middlewares/ST/STM32_USB_Device_Library/Class/CDC/Inc -IRTE/_infantry -DUSE_HAL_DRIVER -DSTM32F407xx -DARM_MATH_CM4 -D__CC_ARM -DARM_MATH_MATRIX_CHECK -DARM_MATH_ROUNDING -D__TARGET_FPU_VFP -D__FPU_PRESENT="1" --cpu Cortex-M4.fp --li --c99 -D__MICROLIB -O0 --split_sections -W --cpp11 -g -o .\build\infantry\.obj\__\Middlewares\ST\STM32_USB_Device_Library\Class\CDC\Src\usbd_cdc.o --no_depend_system_headers --depend .\build\infantry\.obj\__\Middlewares\ST\STM32_USB_Device_Library\Class\CDC\Src\usbd_cdc.d .\..\Middlewares\ST\STM32_USB_Device_Library\Class\CDC\Src\usbd_cdc.c
   at unify_builder.Program.compileByMulThread(Int32 thrNum, CmdInfo[] cmds_, List`1 errLogs)
   at unify_builder.Program.Main(String[] args_)
---
".\..\Middlewares\ST\STM32_USB_Device_Library\Class\CDC\Src\usbd_cdc.c", line 472: Error:  #513: a value of type "void *" cannot be assigned to an entity of type "USBD_CDC_HandleTypeDef *"
    hcdc = 
SBD_malloc(sizeof(USBD_CDC_HandleTypeDef));
         ^
.\..\Middlewares\ST\STM32_USB_Device_Library\Class\CDC\Src\usbd_cdc.c: 0 warnings, 1 error

[2024-03-15 22:44:04]	[done]
	build successfully !

[2024-03-16 03:53:34]	compilation failed at : "d:\RM\RM_code\Standard_4_Cpp_Structure_ByRoboWalker\User\Chariot\crt_chassis.cpp", exit code: 1
command: 
  "D:\Keil5\keil5_anzhuangbao\ARM\ARMCC\bin\armcc.exe" -c --cpp --apcs=interwork -I../Core/Inc -I../Drivers/STM32F4xx_HAL_Driver/Inc -I../Drivers/STM32F4xx_HAL_Driver/Inc/Legacy -I../Drivers/CMSIS/Device/ST/STM32F4xx/Include -I../Drivers/CMSIS/Include -I../User/Chariot -I../User/Device -I../User/Interaction -I../User/Middleware/Algorithm -I../User/Middleware/Driver -I../User/Task -I../Drivers/CMSIS/DSP/Include -I../USB_DEVICE/App -I../USB_DEVICE/Target -I../Middlewares/ST/STM32_USB_Device_Library/Core/Inc -I../Middlewares/ST/STM32_USB_Device_Library/Class/CDC/Inc -IRTE/_infantry -DUSE_HAL_DRIVER -DSTM32F407xx -DARM_MATH_CM4 -D__CC_ARM -DARM_MATH_MATRIX_CHECK -DARM_MATH_ROUNDING -D__TARGET_FPU_VFP -D__FPU_PRESENT="1" --cpu Cortex-M4.fp --li -D__MICROLIB -O0 --split_sections -W --cpp11 -g -o .\build\infantry\.obj\__\User\Chariot\crt_chassis.o --no_depend_system_headers --depend .\build\infantry\.obj\__\User\Chariot\crt_chassis.d .\..\User\Chariot\crt_chassis.cpp
   at unify_builder.Program.Main(String[] args_)
---
".\..\User\Chariot\crt_chassis.cpp", line 92: Error:  #20: identifier "Chassis_Control_Type_ABSOLUTE" is undefined
          case (Chassis_Control_Type_ABSOLUTE):
                ^
.\..\User\Chariot\crt_chassis.cpp: 0 warnings, 1 error

[2024-03-16 03:54:12]	[done]
	build successfully !

[2024-03-16 03:56:55]	[done]
	build successfully !

[2024-03-17 22:13:07]	[done]
	build successfully !

[2024-03-17 22:27:54]	[done]
	build successfully !

[2024-03-19 00:37:49]	[done]
	build successfully !

[2024-03-19 00:51:30]	[done]
	build successfully !

[2024-03-19 00:57:26]	[done]
	build successfully !

[2024-03-19 00:57:36]	[done]
	build successfully !

[2024-03-19 01:04:48]	[done]
	build successfully !

[2024-03-19 01:08:17]	[done]
	build successfully !

[2024-03-19 01:12:29]	[done]
	build successfully !

[2024-03-19 01:39:57]	[done]
	build successfully !

[2024-03-19 01:40:30]	[done]
	build successfully !

[2024-03-19 01:46:02]	[done]
	build successfully !

[2024-03-19 02:09:42]	link failed !, exit code: 1
   at unify_builder.Program.Main(String[] args_)
---
Error: L6200E: Symbol Class_Gimbal::Transform_Angle() multiply defined (by usbd_cdc_if.o and main.o).
Error: L6200E: Symbol Class_Gimbal::Transform_Angle() multiply defined (by crt_gimbal.o and main.o).
Error: L6200E: Symbol Class_Gimbal::Transform_Angle() multiply defined (by ita_chariot.o and main.o).
Error: L6200E: Symbol Class_Gimbal::Transform_Angle() multiply defined (by drv_can.o and main.o).
Error: L6200E: Symbol Class_Gimbal::Transform_Angle() multiply defined (by drv_usb.o and main.o).
Error: L6200E: Symbol Class_Gimbal::Transform_Angle() multiply defined (by tsk_config_and_callback.o and main.o).
Not enough information to list image symbols.
Not enough information to list the image map.
Finished: 2 information, 0 warning and 6 error messages.


[2024-03-19 02:12:55]	link failed !, exit code: 1
   at unify_builder.Program.Main(String[] args_)
---
Error: L6200E: Symbol Class_Gimbal::Transform_Angle() multiply defined (by usbd_cdc_if.o and main.o).
Error: L6200E: Symbol Class_Gimbal::Transform_Angle() multiply defined (by crt_gimbal.o and main.o).
Error: L6200E: Symbol Class_Gimbal::Transform_Angle() multiply defined (by ita_chariot.o and main.o).
Error: L6200E: Symbol Class_Gimbal::Transform_Angle() multiply defined (by drv_can.o and main.o).
Error: L6200E: Symbol Class_Gimbal::Transform_Angle() multiply defined (by drv_usb.o and main.o).
Error: L6200E: Symbol Class_Gimbal::Transform_Angle() multiply defined (by tsk_config_and_callback.o and main.o).
Not enough information to list image symbols.
Not enough information to list the image map.
Finished: 2 information, 0 warning and 6 error messages.


[2024-03-19 02:13:45]	link failed !, exit code: 1
   at unify_builder.Program.Main(String[] args_)
---
Error: L6200E: Symbol Class_Gimbal::Transform_Angle_1() multiply defined (by usbd_cdc_if.o and main.o).
Error: L6200E: Symbol Class_Gimbal::Transform_Angle_1() multiply defined (by crt_gimbal.o and main.o).
Error: L6200E: Symbol Class_Gimbal::Transform_Angle_1() multiply defined (by ita_chariot.o and main.o).
Error: L6200E: Symbol Class_Gimbal::Transform_Angle_1() multiply defined (by drv_can.o and main.o).
Error: L6200E: Symbol Class_Gimbal::Transform_Angle_1() multiply defined (by drv_usb.o and main.o).
Error: L6200E: Symbol Class_Gimbal::Transform_Angle_1() multiply defined (by tsk_config_and_callback.o and main.o).
Not enough information to list image symbols.
Not enough information to list the image map.
Finished: 2 information, 0 warning and 6 error messages.


[2024-03-19 02:17:40]	link failed !, exit code: 1
   at unify_builder.Program.Main(String[] args_)
---
Error: L6200E: Symbol Class_Gimbal::Transform_Angle() multiply defined (by usbd_cdc_if.o and main.o).
Error: L6200E: Symbol Class_Gimbal::Transform_Angle() multiply defined (by crt_gimbal.o and main.o).
Error: L6200E: Symbol Class_Gimbal::Transform_Angle() multiply defined (by ita_chariot.o and main.o).
Error: L6200E: Symbol Class_Gimbal::Transform_Angle() multiply defined (by drv_can.o and main.o).
Error: L6200E: Symbol Class_Gimbal::Transform_Angle() multiply defined (by drv_usb.o and main.o).
Error: L6200E: Symbol Class_Gimbal::Transform_Angle() multiply defined (by tsk_config_and_callback.o and main.o).
Not enough information to list image symbols.
Not enough information to list the image map.
Finished: 2 information, 0 warning and 6 error messages.


[2024-03-19 02:19:45]	[done]
	build successfully !

[2024-03-19 02:20:34]	[done]
	build successfully !

[2024-03-19 02:42:27]	compilation failed at : "d:\RM\RM_code\Standard_4_Cpp_Structure_ByRoboWalker\Core\Src\main.c", exit code: 1
command: 
  "D:\Keil5\keil5_anzhuangbao\ARM\ARMCC\bin\armcc.exe" -c --apcs=interwork -I../Core/Inc -I../Drivers/STM32F4xx_HAL_Driver/Inc -I../Drivers/STM32F4xx_HAL_Driver/Inc/Legacy -I../Drivers/CMSIS/Device/ST/STM32F4xx/Include -I../Drivers/CMSIS/Include -I../User/Chariot -I../User/Device -I../User/Interaction -I../User/Middleware/Algorithm -I../User/Middleware/Driver -I../User/Task -I../Drivers/CMSIS/DSP/Include -I../USB_DEVICE/App -I../USB_DEVICE/Target -I../Middlewares/ST/STM32_USB_Device_Library/Core/Inc -I../Middlewares/ST/STM32_USB_Device_Library/Class/CDC/Inc -IRTE/_infantry -DUSE_HAL_DRIVER -DSTM32F407xx -DARM_MATH_CM4 -D__CC_ARM -DARM_MATH_MATRIX_CHECK -DARM_MATH_ROUNDING -D__TARGET_FPU_VFP -D__FPU_PRESENT="1" --cpu Cortex-M4.fp --li --c99 -D__MICROLIB -O0 --split_sections -W --cpp11 -g -o .\build\infantry\.obj\__\Core\Src\main.o --no_depend_system_headers --depend .\build\infantry\.obj\__\Core\Src\main.d .\..\Core\Src\main.c
   at unify_builder.Program.Main(String[] args_)
---
"../User/Chariot/crt_gimbal.h", line 299: Error:  #135: class "Class_Gimbal"  has no member "Get_True_Rad_Pitch"
  float Class_Gimbal::Get_True_Rad_Pitch()
                      ^
"../User/Chariot/crt_gimbal.h", line 301: Error:  #20: identifier "True_Rad_Pitch" is undefined
      return (True_Rad_Pitch);
              ^
"../User/Chariot/crt_gimbal.h", line 304: Error:  #135: class "Class_Gimbal"  has no member "Get_True_Rad_Roll"
  float Class_Gimbal::Get_True_Rad_Roll()
                      ^
"../User/Chariot/crt_gimbal.h", line 306: Error:  #20: identifier "True_Rad_Roll" is undefined
      return (True_Rad_Roll);
              ^
"../User/Chariot/crt_gimbal.h", line 309: Error:  #135: class "Class_Gimbal"  has no member "Get_True_Rad_Yaw"
  float Class_Gimbal::Get_True_Rad_Yaw()
                      ^
"../User/Chariot/crt_gimbal.h", line 311: Error:  #20: identifier "True_Rad_Yaw" is undefined
      return (True_Rad_Yaw);
              ^
"../User/Chariot/crt_gimbal.h", line 314: Error:  #135: class "Class_Gimbal"  has no member "Get_True_Gyro_Pitch"
  float Class_Gimbal::Get_True_Gyro_Pitch()
                      ^
"../User/Chariot/crt_gimbal.h", line 316: Error:  #20: identifier "True_Gyro_Pitch" is undefined
      return (True_Gyro_Pitch);
              ^
"../User/Chariot/crt_gimbal.h", line 319: Error:  #135: class "Class_Gimbal"  has no member "Get_True_Gyro_Roll"
  float Class_Gimbal::Get_True_Gyro_Roll()
                      ^
"../User/Chariot/crt_gimbal.h", line 321: Error:  #20: identifier "True_Gyro_Roll" is undefined
      return (True_Gyro_Roll);
              ^
"../User/Chariot/crt_gimbal.h", line 324: Error:  #135: class "Class_Gimbal"  has no member "Get_True_Gyro_Yaw"
  float Class_Gimbal::Get_True_Gyro_Yaw()
                      ^
"../User/Chariot/crt_gimbal.h", line 326: Error:  #20: identifier "True_Gyro_Yaw" is undefined
      return (True_Gyro_Yaw);
              ^
"../User/Chariot/crt_gimbal.h", line 329: Error:  #135: class "Class_Gimbal"  has no member "Set_True_Rad_Pitch"
  void Class_Gimbal::Set_True_Rad_Pitch(float __True_Rad_Pitch)
                     ^
"../User/Chariot/crt_gimbal.h", line 331: Error:  #20: identifier "True_Rad_Pitch" is undefined
      True_Rad_Pitch = __True_Rad_Pitch;
      ^
"../User/Chariot/crt_gimbal.h", line 334: Error:  #135: class "Class_Gimbal"  has no member "Set_True_Rad_Roll"
  void Class_Gimbal::Set_True_Rad_Roll(float __True_Rad_Roll)
                     ^
"../User/Chariot/crt_gimbal.h", line 336: Error:  #20: identifier "True_Rad_Roll" is undefined
      True_Rad_Roll = __True_Rad_Roll;
      ^
"../User/Chariot/crt_gimbal.h", line 339: Error:  #135: class "Class_Gimbal"  has no member "Set_True_Rad_Yaw"
  void Class_Gimbal::Set_True_Rad_Yaw(float __True_Rad_Yaw)
                     ^
"../User/Chariot/crt_gimbal.h", line 341: Error:  #20: identifier "True_Rad_Yaw" is undefined
      True_Rad_Yaw = __True_Rad_Yaw;
      ^
.\..\Core\Src\main.c: 0 warnings, 18 errors

[2024-03-19 02:42:47]	[done]
	build successfully !

[2024-03-19 03:28:14]	[done]
	build successfully !

[2024-03-19 11:31:12]	link failed !, exit code: 1
   at unify_builder.Program.Main(String[] args_)
---
Error: L6218E: Undefined symbol CAN_Supercap_Tx_Data (referred from dvc_supercap.o).
Not enough information to list image symbols.
Finished: 1 information, 0 warning and 1 error messages.


[2024-03-19 11:32:23]	link failed !, exit code: 1
   at unify_builder.Program.Main(String[] args_)
---
Error: L6218E: Undefined symbol CAN_Supercap_Tx_Data (referred from dvc_supercap.o).
Not enough information to list image symbols.
Finished: 1 information, 0 warning and 1 error messages.


[2024-03-19 11:33:12]	[done]
	build successfully !

[2024-03-19 11:40:26]	[done]
	build successfully !

[2024-03-19 11:43:43]	compilation failed at : "d:\RM\RM_code\Standard_4_Cpp_Structure_ByRoboWalker\User\Interaction\ita_chariot.cpp", exit code: 1
command: 
  "D:\Keil5\keil5_anzhuangbao\ARM\ARMCC\bin\armcc.exe" -c --cpp --apcs=interwork -I../Core/Inc -I../Drivers/STM32F4xx_HAL_Driver/Inc -I../Drivers/STM32F4xx_HAL_Driver/Inc/Legacy -I../Drivers/CMSIS/Device/ST/STM32F4xx/Include -I../Drivers/CMSIS/Include -I../User/Chariot -I../User/Device -I../User/Interaction -I../User/Middleware/Algorithm -I../User/Middleware/Driver -I../User/Task -I../Drivers/CMSIS/DSP/Include -I../USB_DEVICE/App -I../USB_DEVICE/Target -I../Middlewares/ST/STM32_USB_Device_Library/Core/Inc -I../Middlewares/ST/STM32_USB_Device_Library/Class/CDC/Inc -IRTE/_infantry -DUSE_HAL_DRIVER -DSTM32F407xx -DARM_MATH_CM4 -D__CC_ARM -DARM_MATH_MATRIX_CHECK -DARM_MATH_ROUNDING -D__TARGET_FPU_VFP -D__FPU_PRESENT="1" --cpu Cortex-M4.fp --li -D__MICROLIB -O0 --split_sections -W --cpp11 -g -o .\build\infantry\.obj\__\User\Interaction\ita_chariot.o --no_depend_system_headers --depend .\build\infantry\.obj\__\User\Interaction\ita_chariot.d .\..\User\Interaction\ita_chariot.cpp
   at unify_builder.Program.Main(String[] args_)
---
".\..\User\Interaction\ita_chariot.cpp", line 206: Error:  #101: "chassis_control_type" has already been declared in the current scope
      Enum_Chassis_Control_Type chassis_control_type = Chassis.Get_Chassis_Control_Type();
                                ^
.\..\User\Interaction\ita_chariot.cpp: 0 warnings, 1 error

[2024-03-19 11:43:56]	[done]
	build successfully !

[2024-03-19 11:47:31]	compilation failed at : "d:\RM\RM_code\Standard_4_Cpp_Structure_ByRoboWalker\User\Interaction\ita_chariot.cpp", exit code: 1
command: 
  "D:\Keil5\keil5_anzhuangbao\ARM\ARMCC\bin\armcc.exe" -c --cpp --apcs=interwork -I../Core/Inc -I../Drivers/STM32F4xx_HAL_Driver/Inc -I../Drivers/STM32F4xx_HAL_Driver/Inc/Legacy -I../Drivers/CMSIS/Device/ST/STM32F4xx/Include -I../Drivers/CMSIS/Include -I../User/Chariot -I../User/Device -I../User/Interaction -I../User/Middleware/Algorithm -I../User/Middleware/Driver -I../User/Task -I../Drivers/CMSIS/DSP/Include -I../USB_DEVICE/App -I../USB_DEVICE/Target -I../Middlewares/ST/STM32_USB_Device_Library/Core/Inc -I../Middlewares/ST/STM32_USB_Device_Library/Class/CDC/Inc -IRTE/_infantry -DUSE_HAL_DRIVER -DSTM32F407xx -DARM_MATH_CM4 -D__CC_ARM -DARM_MATH_MATRIX_CHECK -DARM_MATH_ROUNDING -D__TARGET_FPU_VFP -D__FPU_PRESENT="1" --cpu Cortex-M4.fp --li -D__MICROLIB -O0 --split_sections -W --cpp11 -g -o .\build\infantry\.obj\__\User\Interaction\ita_chariot.o --no_depend_system_headers --depend .\build\infantry\.obj\__\User\Interaction\ita_chariot.d .\..\User\Interaction\ita_chariot.cpp
   at unify_builder.Program.Main(String[] args_)
---
".\..\User\Interaction\ita_chariot.cpp", line 205: Error:  #101: "chassis_control_type" has already been declared in the current scope
      Enum_Chassis_Control_Type chassis_control_type = Chassis.Get_Chassis_Control_Type();
                                ^
.\..\User\Interaction\ita_chariot.cpp: 0 warnings, 1 error

[2024-03-19 11:47:47]	[done]
	build successfully !

[2024-03-19 13:11:30]	compilation failed at : "d:\RM\RM_code\Standard_4_Cpp_Structure_ByRoboWalker\Core\Src\main.c", exit code: 1
command: 
  "D:\Keil5\keil5_anzhuangbao\ARM\ARMCC\bin\armcc.exe" -c --apcs=interwork -I../Core/Inc -I../Drivers/STM32F4xx_HAL_Driver/Inc -I../Drivers/STM32F4xx_HAL_Driver/Inc/Legacy -I../Drivers/CMSIS/Device/ST/STM32F4xx/Include -I../Drivers/CMSIS/Include -I../User/Chariot -I../User/Device -I../User/Interaction -I../User/Middleware/Algorithm -I../User/Middleware/Driver -I../User/Task -I../Drivers/CMSIS/DSP/Include -I../USB_DEVICE/App -I../USB_DEVICE/Target -I../Middlewares/ST/STM32_USB_Device_Library/Core/Inc -I../Middlewares/ST/STM32_USB_Device_Library/Class/CDC/Inc -IRTE/_infantry -DUSE_HAL_DRIVER -DSTM32F407xx -DARM_MATH_CM4 -D__CC_ARM -DARM_MATH_MATRIX_CHECK -DARM_MATH_ROUNDING -D__TARGET_FPU_VFP -D__FPU_PRESENT="1" --cpu Cortex-M4.fp --li --c99 -D__MICROLIB -O0 --split_sections -W --cpp11 -g -o .\build\infantry\.obj\__\Core\Src\main.o --no_depend_system_headers --depend .\build\infantry\.obj\__\Core\Src\main.d .\..\Core\Src\main.c
   at unify_builder.Program.Main(String[] args_)
---
"../User/Chariot/crt_chassis.h", line 94: Error:  #403: invalid redeclaration of member function "Class_Tricycle_Chassis::Set_Velocity_X_Max(float)"  (declared at line 93)
      inline void Set_Velocity_X_Max(float __Velocity_X_Max);
                  ^
"../User/Chariot/crt_chassis.h", line 424: Error:  #302: function "Class_Tricycle_Chassis::Set_Velocity_X_Max"  has already been defined
  void Class_Tricycle_Chassis::Set_Velocity_X_Max(float __Velocity_X_Max)
                               ^
.\..\Core\Src\main.c: 0 warnings, 2 errors

[2024-03-19 13:13:01]	compilation failed at : "d:\RM\RM_code\Standard_4_Cpp_Structure_ByRoboWalker\Core\Src\main.c", exit code: 1
command: 
  "D:\Keil5\keil5_anzhuangbao\ARM\ARMCC\bin\armcc.exe" -c --apcs=interwork -I../Core/Inc -I../Drivers/STM32F4xx_HAL_Driver/Inc -I../Drivers/STM32F4xx_HAL_Driver/Inc/Legacy -I../Drivers/CMSIS/Device/ST/STM32F4xx/Include -I../Drivers/CMSIS/Include -I../User/Chariot -I../User/Device -I../User/Interaction -I../User/Middleware/Algorithm -I../User/Middleware/Driver -I../User/Task -I../Drivers/CMSIS/DSP/Include -I../USB_DEVICE/App -I../USB_DEVICE/Target -I../Middlewares/ST/STM32_USB_Device_Library/Core/Inc -I../Middlewares/ST/STM32_USB_Device_Library/Class/CDC/Inc -IRTE/_infantry -DUSE_HAL_DRIVER -DSTM32F407xx -DARM_MATH_CM4 -D__CC_ARM -DARM_MATH_MATRIX_CHECK -DARM_MATH_ROUNDING -D__TARGET_FPU_VFP -D__FPU_PRESENT="1" --cpu Cortex-M4.fp --li --c99 -D__MICROLIB -O0 --split_sections -W --cpp11 -g -o .\build\infantry\.obj\__\Core\Src\main.o --no_depend_system_headers --depend .\build\infantry\.obj\__\Core\Src\main.d .\..\Core\Src\main.c
   at unify_builder.Program.Main(String[] args_)
---
"../User/Chariot/crt_chassis.h", line 94: Error:  #403: invalid redeclaration of member function "Class_Tricycle_Chassis::Set_Velocity_X_Max(float)"  (declared at line 93)
      inline void Set_Velocity_X_Max(float __Velocity_X_Max);
                  ^
"../User/Chariot/crt_chassis.h", line 414: Error:  #135: class "Class_Tricycle_Chassis"  has no member "Set_Velocity_Y_Max"
  void Class_Tricycle_Chassis::Set_Velocity_Y_Max(float __Velocity_Y_Max)
                               ^
"../User/Chariot/crt_chassis.h", line 416: Error:  #20: identifier "Velocity_Y_Max" is undefined
      Velocity_Y_Max = __Velocity_Y_Max;
      ^
.\..\Core\Src\main.c: 0 warnings, 3 errors

[2024-03-19 13:13:24]	compilation failed at : "d:\RM\RM_code\Standard_4_Cpp_Structure_ByRoboWalker\User\Interaction\ita_chariot.cpp", exit code: 1
command: 
  "D:\Keil5\keil5_anzhuangbao\ARM\ARMCC\bin\armcc.exe" -c --cpp --apcs=interwork -I../Core/Inc -I../Drivers/STM32F4xx_HAL_Driver/Inc -I../Drivers/STM32F4xx_HAL_Driver/Inc/Legacy -I../Drivers/CMSIS/Device/ST/STM32F4xx/Include -I../Drivers/CMSIS/Include -I../User/Chariot -I../User/Device -I../User/Interaction -I../User/Middleware/Algorithm -I../User/Middleware/Driver -I../User/Task -I../Drivers/CMSIS/DSP/Include -I../USB_DEVICE/App -I../USB_DEVICE/Target -I../Middlewares/ST/STM32_USB_Device_Library/Core/Inc -I../Middlewares/ST/STM32_USB_Device_Library/Class/CDC/Inc -IRTE/_infantry -DUSE_HAL_DRIVER -DSTM32F407xx -DARM_MATH_CM4 -D__CC_ARM -DARM_MATH_MATRIX_CHECK -DARM_MATH_ROUNDING -D__TARGET_FPU_VFP -D__FPU_PRESENT="1" --cpu Cortex-M4.fp --li -D__MICROLIB -O0 --split_sections -W --cpp11 -g -o .\build\infantry\.obj\__\User\Interaction\ita_chariot.o --no_depend_system_headers --depend .\build\infantry\.obj\__\User\Interaction\ita_chariot.d .\..\User\Interaction\ita_chariot.cpp
   at unify_builder.Program.Main(String[] args_)
---
".\..\User\Interaction\ita_chariot.cpp", line 49: Error:  #65: expected a ";"
          Gimbal.Init();
          ^
.\..\User\Interaction\ita_chariot.cpp: 0 warnings, 1 error

[2024-03-19 13:14:30]	[done]
	build successfully !

[2024-03-19 13:46:06]	[done]
	build successfully !

[2024-03-19 14:41:34]	[done]
	build successfully !

[2024-03-19 15:03:27]	[done]
	build successfully !

[2024-03-19 15:06:11]	[done]
	build successfully !

[2024-03-19 15:06:38]	[done]
	build successfully !

[2024-03-19 15:50:53]	compilation failed at : "d:\RM\RM_code\Standard_4_Cpp_Structure_ByRoboWalker\User\Middleware\Driver\drv_can.c", exit code: 1
command: 
  "D:\Keil5\keil5_anzhuangbao\ARM\ARMCC\bin\armcc.exe" -c --apcs=interwork -I../Core/Inc -I../Drivers/STM32F4xx_HAL_Driver/Inc -I../Drivers/STM32F4xx_HAL_Driver/Inc/Legacy -I../Drivers/CMSIS/Device/ST/STM32F4xx/Include -I../Drivers/CMSIS/Include -I../User/Chariot -I../User/Device -I../User/Interaction -I../User/Middleware/Algorithm -I../User/Middleware/Driver -I../User/Task -I../Drivers/CMSIS/DSP/Include -I../USB_DEVICE/App -I../USB_DEVICE/Target -I../Middlewares/ST/STM32_USB_Device_Library/Core/Inc -I../Middlewares/ST/STM32_USB_Device_Library/Class/CDC/Inc -IRTE/_infantry -DUSE_HAL_DRIVER -DSTM32F407xx -DARM_MATH_CM4 -D__CC_ARM -DARM_MATH_MATRIX_CHECK -DARM_MATH_ROUNDING -D__TARGET_FPU_VFP -D__FPU_PRESENT="1" --cpu Cortex-M4.fp --li --c99 -D__MICROLIB -O0 --split_sections -W --cpp11 -g -o .\build\infantry\.obj\__\User\Middleware\Driver\drv_can.o --no_depend_system_headers --depend .\build\infantry\.obj\__\User\Middleware\Driver\drv_can.d .\..\User\Middleware\Driver\drv_can.c
   at unify_builder.Program.compileByMulThread(Int32 thrNum, CmdInfo[] cmds_, List`1 errLogs)
   at unify_builder.Program.Main(String[] args_)
---
"../User/Task/tsk_config_and_callback.h", line 48: Error:  #20: identifier "Class_Chariot" is undefined
  extern Class_Chariot chariot;
         ^
.\..\User\Interaction\ita_chariot.cpp: 0 warnings, 1 error
"../User/Task/tsk_config_and_callback.h", line 48: Error:  #20: identifier "Class_Chariot" is undefined
  extern Class_Chariot chariot;
         ^
.\..\User\Middleware\Driver\drv_can.c: 0 warnings, 1 error

[2024-03-19 15:51:52]	compilation failed at : "d:\RM\RM_code\Standard_4_Cpp_Structure_ByRoboWalker\User\Device\dvc_dr16.cpp", exit code: 1
command: 
  "D:\Keil5\keil5_anzhuangbao\ARM\ARMCC\bin\armcc.exe" -c --cpp --apcs=interwork -I../Core/Inc -I../Drivers/STM32F4xx_HAL_Driver/Inc -I../Drivers/STM32F4xx_HAL_Driver/Inc/Legacy -I../Drivers/CMSIS/Device/ST/STM32F4xx/Include -I../Drivers/CMSIS/Include -I../User/Chariot -I../User/Device -I../User/Interaction -I../User/Middleware/Algorithm -I../User/Middleware/Driver -I../User/Task -I../Drivers/CMSIS/DSP/Include -I../USB_DEVICE/App -I../USB_DEVICE/Target -I../Middlewares/ST/STM32_USB_Device_Library/Core/Inc -I../Middlewares/ST/STM32_USB_Device_Library/Class/CDC/Inc -IRTE/_infantry -DUSE_HAL_DRIVER -DSTM32F407xx -DARM_MATH_CM4 -D__CC_ARM -DARM_MATH_MATRIX_CHECK -DARM_MATH_ROUNDING -D__TARGET_FPU_VFP -D__FPU_PRESENT="1" --cpu Cortex-M4.fp --li -D__MICROLIB -O0 --split_sections -W --cpp11 -g -o .\build\infantry\.obj\__\User\Device\dvc_dr16.o --no_depend_system_headers --depend .\build\infantry\.obj\__\User\Device\dvc_dr16.d .\..\User\Device\dvc_dr16.cpp
   at unify_builder.Program.Main(String[] args_)
---
".\..\User\Device\dvc_dr16.cpp", line 244: Error:  #20: identifier "chariot" is undefined
      chariot.Control_Chassis();
      ^
.\..\User\Device\dvc_dr16.cpp: 0 warnings, 1 error

[2024-03-19 15:52:43]	[done]
	build successfully !

[2024-03-19 15:56:47]	compilation failed at : "d:\RM\RM_code\Standard_4_Cpp_Structure_ByRoboWalker\User\Task\tsk_config_and_callback.cpp", exit code: 1
command: 
  "D:\Keil5\keil5_anzhuangbao\ARM\ARMCC\bin\armcc.exe" -c --cpp --apcs=interwork -I../Core/Inc -I../Drivers/STM32F4xx_HAL_Driver/Inc -I../Drivers/STM32F4xx_HAL_Driver/Inc/Legacy -I../Drivers/CMSIS/Device/ST/STM32F4xx/Include -I../Drivers/CMSIS/Include -I../User/Chariot -I../User/Device -I../User/Interaction -I../User/Middleware/Algorithm -I../User/Middleware/Driver -I../User/Task -I../Drivers/CMSIS/DSP/Include -I../USB_DEVICE/App -I../USB_DEVICE/Target -I../Middlewares/ST/STM32_USB_Device_Library/Core/Inc -I../Middlewares/ST/STM32_USB_Device_Library/Class/CDC/Inc -IRTE/_infantry -DUSE_HAL_DRIVER -DSTM32F407xx -DARM_MATH_CM4 -D__CC_ARM -DARM_MATH_MATRIX_CHECK -DARM_MATH_ROUNDING -D__TARGET_FPU_VFP -D__FPU_PRESENT="1" --cpu Cortex-M4.fp --li -D__MICROLIB -O0 --split_sections -W --cpp11 -g -o .\build\infantry\.obj\__\User\Task\tsk_config_and_callback.o --no_depend_system_headers --depend .\build\infantry\.obj\__\User\Task\tsk_config_and_callback.d .\..\User\Task\tsk_config_and_callback.cpp
   at unify_builder.Program.Main(String[] args_)
---
".\..\User\Task\tsk_config_and_callback.cpp", line 257: Error:  #265-D: function "Class_Chariot::Control_Chassis"  (declared at line 107 of "../User/Interaction/ita_chariot.h") is inaccessible
      chariot.Control_Chassis();
              ^
".\..\User\Task\tsk_config_and_callback.cpp", line 258: Error:  #265-D: function "Class_Chariot::Control_Gimbal"  (declared at line 108 of "../User/Interaction/ita_chariot.h") is inaccessible
      chariot.Control_Gimbal();
              ^
".\..\User\Task\tsk_config_and_callback.cpp", line 259: Error:  #265-D: function "Class_Chariot::Control_Booster"  (declared at line 109 of "../User/Interaction/ita_chariot.h") is inaccessible
      chariot.Control_Booster();
              ^
.\..\User\Task\tsk_config_and_callback.cpp: 0 warnings, 3 errors

[2024-03-19 15:57:13]	[done]
	build successfully !

[2024-03-19 16:04:47]	[done]
	build successfully !

[2024-03-19 16:15:36]	[done]
	build successfully !

[2024-03-19 16:16:11]	[done]
	build successfully !

[2024-03-19 19:34:39]	[done]
	build successfully !

[2024-03-19 19:38:37]	[done]
	build successfully !

[2024-03-19 22:03:14]	[done]
	build successfully !

[2024-03-20 00:08:21]	compilation failed at : "d:\RM\RM_code\Standard_4_Cpp_Structure_ByRoboWalker\User\Device\alg_power_limit.cpp", exit code: 1
command: 
  "D:\Keil5\keil5_anzhuangbao\ARM\ARMCC\bin\armcc.exe" -c --cpp --apcs=interwork -I../Core/Inc -I../Drivers/STM32F4xx_HAL_Driver/Inc -I../Drivers/STM32F4xx_HAL_Driver/Inc/Legacy -I../Drivers/CMSIS/Device/ST/STM32F4xx/Include -I../Drivers/CMSIS/Include -I../User/Chariot -I../User/Device -I../User/Interaction -I../User/Middleware/Algorithm -I../User/Middleware/Driver -I../User/Task -I../Drivers/CMSIS/DSP/Include -I../USB_DEVICE/App -I../USB_DEVICE/Target -I../Middlewares/ST/STM32_USB_Device_Library/Core/Inc -I../Middlewares/ST/STM32_USB_Device_Library/Class/CDC/Inc -IRTE/_infantry -DUSE_HAL_DRIVER -DSTM32F407xx -DARM_MATH_CM4 -D__CC_ARM -DARM_MATH_MATRIX_CHECK -DARM_MATH_ROUNDING -D__TARGET_FPU_VFP -D__FPU_PRESENT="1" --cpu Cortex-M4.fp --li -D__MICROLIB -O0 --split_sections -W --cpp11 -g -o .\build\infantry\.obj\__\User\Device\alg_power_limit.o --no_depend_system_headers --depend .\build\infantry\.obj\__\User\Device\alg_power_limit.d .\..\User\Device\alg_power_limit.cpp
   at unify_builder.Program.compileByMulThread(Int32 thrNum, CmdInfo[] cmds_, List`1 errLogs)
   at unify_builder.Program.Main(String[] args_)
---
".\..\User\Device\alg_power_limit.cpp", line 65: Error:  #307: redefinition of default argument
  void Class_Power_Limit::Parameter_Init(float __K1 = 1.23e-07f, float __K2 = 1.453e-07f, float __alpha = 4.081f, float __toque_coefficient = 1.99688994e-6f)
                          ^
".\..\User\Device\alg_power_limit.cpp", line 77: Error:  #147: declaration is incompatible with "void Class_Power_Limit::TIM_Adjust_PeriodElapsedCallback()"  (declared at line 34 of ".\..\User\Device\alg_power_limit.h")
  void Class_Power_Limit::TIM_Adjust_PeriodElapsedCallback(float &__current_1, float &__current_2, float &__current_3, float &__current_4)
                          ^
.\..\User\Device\alg_power_limit.cpp: 0 warnings, 2 errors

[2024-03-20 00:08:58]	compilation failed at : "d:\RM\RM_code\Standard_4_Cpp_Structure_ByRoboWalker\User\Device\alg_power_limit.cpp", exit code: 1
command: 
  "D:\Keil5\keil5_anzhuangbao\ARM\ARMCC\bin\armcc.exe" -c --cpp --apcs=interwork -I../Core/Inc -I../Drivers/STM32F4xx_HAL_Driver/Inc -I../Drivers/STM32F4xx_HAL_Driver/Inc/Legacy -I../Drivers/CMSIS/Device/ST/STM32F4xx/Include -I../Drivers/CMSIS/Include -I../User/Chariot -I../User/Device -I../User/Interaction -I../User/Middleware/Algorithm -I../User/Middleware/Driver -I../User/Task -I../Drivers/CMSIS/DSP/Include -I../USB_DEVICE/App -I../USB_DEVICE/Target -I../Middlewares/ST/STM32_USB_Device_Library/Core/Inc -I../Middlewares/ST/STM32_USB_Device_Library/Class/CDC/Inc -IRTE/_infantry -DUSE_HAL_DRIVER -DSTM32F407xx -DARM_MATH_CM4 -D__CC_ARM -DARM_MATH_MATRIX_CHECK -DARM_MATH_ROUNDING -D__TARGET_FPU_VFP -D__FPU_PRESENT="1" --cpu Cortex-M4.fp --li -D__MICROLIB -O0 --split_sections -W --cpp11 -g -o .\build\infantry\.obj\__\User\Device\alg_power_limit.o --no_depend_system_headers --depend .\build\infantry\.obj\__\User\Device\alg_power_limit.d .\..\User\Device\alg_power_limit.cpp
   at unify_builder.Program.Main(String[] args_)
---
".\..\User\Device\alg_power_limit.cpp", line 65: Error:  #307: redefinition of default argument
  void Class_Power_Limit::Parameter_Init(float __K1 = 1.23e-07f, float __K2 = 1.453e-07f, float __alpha = 4.081f, float __toque_coefficient = 1.99688994e-6f)
                          ^
.\..\User\Device\alg_power_limit.cpp: 0 warnings, 1 error

[2024-03-20 00:09:26]	[done]
	build successfully !

[2024-03-20 00:14:41]	compilation failed at : "d:\RM\RM_code\Standard_4_Cpp_Structure_ByRoboWalker\User\Chariot\crt_chassis.cpp", exit code: 1
command: 
  "D:\Keil5\keil5_anzhuangbao\ARM\ARMCC\bin\armcc.exe" -c --cpp --apcs=interwork -I../Core/Inc -I../Drivers/STM32F4xx_HAL_Driver/Inc -I../Drivers/STM32F4xx_HAL_Driver/Inc/Legacy -I../Drivers/CMSIS/Device/ST/STM32F4xx/Include -I../Drivers/CMSIS/Include -I../User/Chariot -I../User/Device -I../User/Interaction -I../User/Middleware/Algorithm -I../User/Middleware/Driver -I../User/Task -I../Drivers/CMSIS/DSP/Include -I../USB_DEVICE/App -I../USB_DEVICE/Target -I../Middlewares/ST/STM32_USB_Device_Library/Core/Inc -I../Middlewares/ST/STM32_USB_Device_Library/Class/CDC/Inc -IRTE/_infantry -DUSE_HAL_DRIVER -DSTM32F407xx -DARM_MATH_CM4 -D__CC_ARM -DARM_MATH_MATRIX_CHECK -DARM_MATH_ROUNDING -D__TARGET_FPU_VFP -D__FPU_PRESENT="1" --cpu Cortex-M4.fp --li -D__MICROLIB -O0 --split_sections -W --cpp11 -g -o .\build\infantry\.obj\__\User\Chariot\crt_chassis.o --no_depend_system_headers --depend .\build\infantry\.obj\__\User\Chariot\crt_chassis.d .\..\User\Chariot\crt_chassis.cpp
   at unify_builder.Program.compileByMulThread(Int32 thrNum, CmdInfo[] cmds_, List`1 errLogs)
   at unify_builder.Program.Main(String[] args_)
---
".\..\User\Chariot\crt_chassis.cpp", line 170: Error:  #461: initial value of reference to non-const must be an lvalue
      Power_Limit.TIM_Adjust_PeriodElapsedCallback(Motor_Wheel[0].Get_Out(),
                                                   ^
".\..\User\Chariot\crt_chassis.cpp", line 171: Error:  #461: initial value of reference to non-const must be an lvalue
                                                   Motor_Wheel[1].Get_Out(),
                                                   ^
".\..\User\Chariot\crt_chassis.cpp", line 172: Error:  #461: initial value of reference to non-const must be an lvalue
                                                   Motor_Wheel[2].Get_Out(),
                                                   ^
".\..\User\Chariot\crt_chassis.cpp", line 173: Error:  #461: initial value of reference to non-const must be an lvalue
                                                   Motor_Wheel[3].Get_Out());
                                                   ^
"../User/Device/alg_power_limit.h", line 31: Error:  #114: function "Class_Power_Limit::Set_Omega"  was referenced but not defined
      inline void Set_Omega(float __omega_1, float _omega_2, float __omega_3, float __omega_4);
                  ^
"../User/Device/alg_power_limit.h", line 32: Error:  #114: function "Class_Power_Limit::Set_Power_Limit"  was referenced but not defined
      inline void Set_Power_Limit(float __total_power_limit);
                  ^
.\..\User\Chariot\crt_chassis.cpp: 0 warnings, 6 errors

[2024-03-20 00:43:41]	compilation failed at : "d:\RM\RM_code\Standard_4_Cpp_Structure_ByRoboWalker\User\Chariot\crt_chassis.cpp", exit code: 1
command: 
  "D:\Keil5\keil5_anzhuangbao\ARM\ARMCC\bin\armcc.exe" -c --cpp --apcs=interwork -I../Core/Inc -I../Drivers/STM32F4xx_HAL_Driver/Inc -I../Drivers/STM32F4xx_HAL_Driver/Inc/Legacy -I../Drivers/CMSIS/Device/ST/STM32F4xx/Include -I../Drivers/CMSIS/Include -I../User/Chariot -I../User/Device -I../User/Interaction -I../User/Middleware/Algorithm -I../User/Middleware/Driver -I../User/Task -I../Drivers/CMSIS/DSP/Include -I../USB_DEVICE/App -I../USB_DEVICE/Target -I../Middlewares/ST/STM32_USB_Device_Library/Core/Inc -I../Middlewares/ST/STM32_USB_Device_Library/Class/CDC/Inc -IRTE/_infantry -DUSE_HAL_DRIVER -DSTM32F407xx -DARM_MATH_CM4 -D__CC_ARM -DARM_MATH_MATRIX_CHECK -DARM_MATH_ROUNDING -D__TARGET_FPU_VFP -D__FPU_PRESENT="1" --cpu Cortex-M4.fp --li -D__MICROLIB -O0 --split_sections -W --cpp11 -g -o .\build\infantry\.obj\__\User\Chariot\crt_chassis.o --no_depend_system_headers --depend .\build\infantry\.obj\__\User\Chariot\crt_chassis.d .\..\User\Chariot\crt_chassis.cpp
   at unify_builder.Program.compileByMulThread(Int32 thrNum, CmdInfo[] cmds_, List`1 errLogs)
   at unify_builder.Program.Main(String[] args_)
---
"../User/Device/alg_power_limit.h", line 30: Error:  #114: function "Class_Power_Limit::Set_Torque_Current"  was referenced but not defined
      inline void Set_Torque_Current(float __current_1, float __current_2, float __current_3, float __current_4);
                  ^
"../User/Device/alg_power_limit.h", line 31: Error:  #114: function "Class_Power_Limit::Set_Omega"  was referenced but not defined
      inline void Set_Omega(float __omega_1, float _omega_2, float __omega_3, float __omega_4);
                  ^
"../User/Device/alg_power_limit.h", line 32: Error:  #114: function "Class_Power_Limit::Set_Power_Limit"  was referenced but not defined
      inline void Set_Power_Limit(float __total_power_limit);
                  ^
.\..\User\Chariot\crt_chassis.cpp: 0 warnings, 3 errors

[2024-03-20 00:44:45]	[done]
	build successfully !

[2024-03-20 00:47:22]	[done]
	build successfully !

[2024-03-20 00:48:53]	[done]
	build successfully !

[2024-03-20 01:18:16]	[done]
	build successfully !

[2024-03-20 16:01:38]	compilation failed at : "d:\RM\RM_code\Standard_4_Cpp_Structure_ByRoboWalker\USB_DEVICE\App\usbd_cdc_if.c", exit code: 1
command: 
  "D:\Keil5\keil5_anzhuangbao\ARM\ARMCC\bin\armcc.exe" -c --apcs=interwork -I../Core/Inc -I../Drivers/STM32F4xx_HAL_Driver/Inc -I../Drivers/STM32F4xx_HAL_Driver/Inc/Legacy -I../Drivers/CMSIS/Device/ST/STM32F4xx/Include -I../Drivers/CMSIS/Include -I../User/Chariot -I../User/Device -I../User/Interaction -I../User/Middleware/Algorithm -I../User/Middleware/Driver -I../User/Task -I../Drivers/CMSIS/DSP/Include -I../USB_DEVICE/App -I../USB_DEVICE/Target -I../Middlewares/ST/STM32_USB_Device_Library/Core/Inc -I../Middlewares/ST/STM32_USB_Device_Library/Class/CDC/Inc -IRTE/_infantry -DUSE_HAL_DRIVER -DSTM32F407xx -DARM_MATH_CM4 -D__CC_ARM -DARM_MATH_MATRIX_CHECK -DARM_MATH_ROUNDING -D__TARGET_FPU_VFP -D__FPU_PRESENT="1" --cpu Cortex-M4.fp --li --c99 -D__MICROLIB -O0 --split_sections -W --cpp11 -g -o .\build\infantry\.obj\__\USB_DEVICE\App\usbd_cdc_if.o --no_depend_system_headers --depend .\build\infantry\.obj\__\USB_DEVICE\App\usbd_cdc_if.d .\..\USB_DEVICE\App\usbd_cdc_if.c
   at unify_builder.Program.compileByMulThread(Int32 thrNum, CmdInfo[] cmds_, List`1 errLogs)
   at unify_builder.Program.Main(String[] args_)
---
"../User/Device/alg_power_limit.h", line 38: Error:  #20: identifier "Class_DJI_Motor_C620" is undefined
      void TIM_Adjust_PeriodElapsedCallback(Class_DJI_Motor_C620 (&Motor)[]);
                                            ^
"../User/Device/alg_power_limit.h", line 38: Error:  #616: parameter type involves reference to array of unknown bound
      void TIM_Adjust_PeriodElapsedCallback(Class_DJI_Motor_C620 (&Motor)[]);
                                            ^
"../User/Device/dvc_djimotor.h", line 296: Error:  #616: parameter type involves reference to array of unknown bound
      friend void Class_Power_Limit::TIM_Adjust_PeriodElapsedCallback(Class_DJI_Motor_C620 (&Motor)[]);
                                                                      ^
"../User/Device/dvc_djimotor.h", line 296: Error:  #147: declaration is incompatible with "void Class_Power_Limit::TIM_Adjust_PeriodElapsedCallback(<error-type> (&)[])"  (declared at line 38 of "../User/Device/alg_power_limit.h")
      friend void Class_Power_Limit::TIM_Adjust_PeriodElapsedCallback(Class_DJI_Motor_C620 (&Motor)[]);
                                     ^
".\..\User\Chariot\crt_chassis.cpp", line 179: Error:  #165: too few arguments in function call
      Power_Limit.TIM_Adjust_PeriodElapsedCallback();
                                                   ^
.\..\User\Chariot\crt_chassis.cpp: 0 warnings, 5 errors
"../User/Device/alg_power_limit.h", line 38: Error:  #20: identifier "Class_DJI_Motor_C620" is undefined
      void TIM_Adjust_PeriodElapsedCallback(Class_DJI_Motor_C620 (&Motor)[]);
                                            ^
"../User/Device/alg_power_limit.h", line 38: Error:  #616: parameter type involves reference to array of unknown bound
      void TIM_Adjust_PeriodElapsedCallback(Class_DJI_Motor_C620 (&Motor)[]);
                                            ^
"../User/Device/dvc_djimotor.h", line 296: Error:  #616: parameter type involves reference to array of unknown bound
      friend void Class_Power_Limit::TIM_Adjust_PeriodElapsedCallback(Class_DJI_Motor_C620 (&Motor)[]);
                                                                      ^
"../User/Device/dvc_djimotor.h", line 296: Error:  #147: declaration is incompatible with "void Class_Power_Limit::TIM_Adjust_PeriodElapsedCallback(<error-type> (&)[])"  (declared at line 38 of "../User/Device/alg_power_limit.h")
      friend void Class_Power_Limit::TIM_Adjust_PeriodElapsedCallback(Class_DJI_Motor_C620 (&Motor)[]);
                                     ^
.\..\User\Chariot\crt_booster.cpp: 0 warnings, 4 errors
"../User/Device/alg_power_limit.h", line 38: Error:  #20: identifier "Class_DJI_Motor_C620" is undefined
      void TIM_Adjust_PeriodElapsedCallback(Class_DJI_Motor_C620 (&Motor)[]);
                                            ^
"../User/Device/alg_power_limit.h", line 38: Error:  #616: parameter type involves reference to array of unknown bound
      void TIM_Adjust_PeriodElapsedCallback(Class_DJI_Motor_C620 (&Motor)[]);
                                            ^
"../User/Device/dvc_djimotor.h", line 296: Error:  #616: parameter type involves reference to array of unknown bound
      friend void Class_Power_Limit::TIM_Adjust_PeriodElapsedCallback(Class_DJI_Motor_C620 (&Motor)[]);
                                                                      ^
"../User/Device/dvc_djimotor.h", line 296: Error:  #147: declaration is incompatible with "void Class_Power_Limit::TIM_Adjust_PeriodElapsedCallback(<error-type> (&)[])"  (declared at line 38 of "../User/Device/alg_power_limit.h")
      friend void Class_Power_Limit::TIM_Adjust_PeriodElapsedCallback(Class_DJI_Motor_C620 (&Motor)[]);
                                     ^
.\..\Core\Src\main.c: 0 warnings, 4 errors
"../User/Device/alg_power_limit.h", line 38: Error:  #20: identifier "Class_DJI_Motor_C620" is undefined
      void TIM_Adjust_PeriodElapsedCallback(Class_DJI_Motor_C620 (&Motor)[]);
                                            ^
"../User/Device/alg_power_limit.h", line 38: Error:  #616: parameter type involves reference to array of unknown bound
      void TIM_Adjust_PeriodElapsedCallback(Class_DJI_Motor_C620 (&Motor)[]);
                                            ^
"../User/Device/dvc_djimotor.h", line 296: Error:  #616: parameter type involves reference to array of unknown bound
      friend void Class_Power_Limit::TIM_Adjust_PeriodElapsedCallback(Class_DJI_Motor_C620 (&Motor)[]);
                                                                      ^
"../User/Device/dvc_djimotor.h", line 296: Error:  #147: declaration is incompatible with "void Class_Power_Limit::TIM_Adjust_PeriodElapsedCallback(<error-type> (&)[])"  (declared at line 38 of "../User/Device/alg_power_limit.h")
      friend void Class_Power_Limit::TIM_Adjust_PeriodElapsedCallback(Class_DJI_Motor_C620 (&Motor)[]);
                                     ^
.\..\USB_DEVICE\App\usbd_cdc_if.c: 0 warnings, 4 errors

[2024-03-20 16:05:01]	compilation failed at : "d:\RM\RM_code\Standard_4_Cpp_Structure_ByRoboWalker\Core\Src\main.c", exit code: 1
command: 
  "D:\Keil5\keil5_anzhuangbao\ARM\ARMCC\bin\armcc.exe" -c --apcs=interwork -I../Core/Inc -I../Drivers/STM32F4xx_HAL_Driver/Inc -I../Drivers/STM32F4xx_HAL_Driver/Inc/Legacy -I../Drivers/CMSIS/Device/ST/STM32F4xx/Include -I../Drivers/CMSIS/Include -I../User/Chariot -I../User/Device -I../User/Interaction -I../User/Middleware/Algorithm -I../User/Middleware/Driver -I../User/Task -I../Drivers/CMSIS/DSP/Include -I../USB_DEVICE/App -I../USB_DEVICE/Target -I../Middlewares/ST/STM32_USB_Device_Library/Core/Inc -I../Middlewares/ST/STM32_USB_Device_Library/Class/CDC/Inc -IRTE/_infantry -DUSE_HAL_DRIVER -DSTM32F407xx -DARM_MATH_CM4 -D__CC_ARM -DARM_MATH_MATRIX_CHECK -DARM_MATH_ROUNDING -D__TARGET_FPU_VFP -D__FPU_PRESENT="1" --cpu Cortex-M4.fp --li --c99 -D__MICROLIB -O0 --split_sections -W --cpp11 -g -o .\build\infantry\.obj\__\Core\Src\main.o --no_depend_system_headers --depend .\build\infantry\.obj\__\Core\Src\main.d .\..\Core\Src\main.c
   at unify_builder.Program.compileByMulThread(Int32 thrNum, CmdInfo[] cmds_, List`1 errLogs)
   at unify_builder.Program.Main(String[] args_)
---
"../User/Device/alg_power_limit.h", line 38: Error:  #20: identifier "Class_DJI_Motor_C620" is undefined
      void TIM_Adjust_PeriodElapsedCallback(Class_DJI_Motor_C620 (&Motor)[4]);
                                            ^
"../User/Device/dvc_djimotor.h", line 296: Error:  #147: declaration is incompatible with "void Class_Power_Limit::TIM_Adjust_PeriodElapsedCallback(<error-type> (&)[4])"  (declared at line 38 of "../User/Device/alg_power_limit.h")
      friend void Class_Power_Limit::TIM_Adjust_PeriodElapsedCallback(Class_DJI_Motor_C620 (&Motor)[4]);
                                     ^
.\..\User\Chariot\crt_booster.cpp: 0 warnings, 2 errors
"../User/Device/alg_power_limit.h", line 38: Error:  #20: identifier "Class_DJI_Motor_C620" is undefined
      void TIM_Adjust_PeriodElapsedCallback(Class_DJI_Motor_C620 (&Motor)[4]);
                                            ^
"../User/Device/dvc_djimotor.h", line 296: Error:  #147: declaration is incompatible with "void Class_Power_Limit::TIM_Adjust_PeriodElapsedCallback(<error-type> (&)[4])"  (declared at line 38 of "../User/Device/alg_power_limit.h")
      friend void Class_Power_Limit::TIM_Adjust_PeriodElapsedCallback(Class_DJI_Motor_C620 (&Motor)[4]);
                                     ^
.\..\User\Chariot\crt_chassis.cpp: 0 warnings, 2 errors
"../User/Device/alg_power_limit.h", line 38: Error:  #20: identifier "Class_DJI_Motor_C620" is undefined
      void TIM_Adjust_PeriodElapsedCallback(Class_DJI_Motor_C620 (&Motor)[4]);
                                            ^
"../User/Device/dvc_djimotor.h", line 296: Error:  #147: declaration is incompatible with "void Class_Power_Limit::TIM_Adjust_PeriodElapsedCallback(<error-type> (&)[4])"  (declared at line 38 of "../User/Device/alg_power_limit.h")
      friend void Class_Power_Limit::TIM_Adjust_PeriodElapsedCallback(Class_DJI_Motor_C620 (&Motor)[4]);
                                     ^
.\..\USB_DEVICE\App\usbd_cdc_if.c: 0 warnings, 2 errors
"../User/Device/alg_power_limit.h", line 38: Error:  #20: identifier "Class_DJI_Motor_C620" is undefined
      void TIM_Adjust_PeriodElapsedCallback(Class_DJI_Motor_C620 (&Motor)[4]);
                                            ^
"../User/Device/dvc_djimotor.h", line 296: Error:  #147: declaration is incompatible with "void Class_Power_Limit::TIM_Adjust_PeriodElapsedCallback(<error-type> (&)[4])"  (declared at line 38 of "../User/Device/alg_power_limit.h")
      friend void Class_Power_Limit::TIM_Adjust_PeriodElapsedCallback(Class_DJI_Motor_C620 (&Motor)[4]);
                                     ^
.\..\Core\Src\main.c: 0 warnings, 2 errors

[2024-03-20 16:07:48]	[done]
	build successfully !

[2024-03-20 16:15:46]	compilation failed at : "d:\RM\RM_code\Standard_4_Cpp_Structure_ByRoboWalker\Core\Src\main.c", exit code: 1
command: 
  "D:\Keil5\keil5_anzhuangbao\ARM\ARMCC\bin\armcc.exe" -c --apcs=interwork -I../Core/Inc -I../Drivers/STM32F4xx_HAL_Driver/Inc -I../Drivers/STM32F4xx_HAL_Driver/Inc/Legacy -I../Drivers/CMSIS/Device/ST/STM32F4xx/Include -I../Drivers/CMSIS/Include -I../User/Chariot -I../User/Device -I../User/Interaction -I../User/Middleware/Algorithm -I../User/Middleware/Driver -I../User/Task -I../Drivers/CMSIS/DSP/Include -I../USB_DEVICE/App -I../USB_DEVICE/Target -I../Middlewares/ST/STM32_USB_Device_Library/Core/Inc -I../Middlewares/ST/STM32_USB_Device_Library/Class/CDC/Inc -IRTE/_infantry -DUSE_HAL_DRIVER -DSTM32F407xx -DARM_MATH_CM4 -D__CC_ARM -DARM_MATH_MATRIX_CHECK -DARM_MATH_ROUNDING -D__TARGET_FPU_VFP -D__FPU_PRESENT="1" --cpu Cortex-M4.fp --li --c99 -D__MICROLIB -O0 --split_sections -W --cpp11 -g -o .\build\infantry\.obj\__\Core\Src\main.o --no_depend_system_headers --depend .\build\infantry\.obj\__\Core\Src\main.d .\..\Core\Src\main.c
   at unify_builder.Program.compileByMulThread(Int32 thrNum, CmdInfo[] cmds_, List`1 errLogs)
   at unify_builder.Program.Main(String[] args_)
---
"../User/Device/alg_power_limit.h", line 37: Error:  #20: identifier "Class_DJI_Motor_C620" is undefined
      void Output(Class_DJI_Motor_C620 (&Motor)[]);
                  ^
"../User/Device/alg_power_limit.h", line 37: Error:  #616: parameter type involves reference to array of unknown bound
      void Output(Class_DJI_Motor_C620 (&Motor)[]);
                  ^
"../User/Device/dvc_djimotor.h", line 296: Error:  #616: parameter type involves reference to array of unknown bound
      friend void Class_Power_Limit::Output(Class_DJI_Motor_C620 (&Motor)[]);
                                            ^
"../User/Device/dvc_djimotor.h", line 296: Error:  #493: no instance of overloaded function "Class_Power_Limit::Output"  matches the specified type
      friend void Class_Power_Limit::Output(Class_DJI_Motor_C620 (&Motor)[]);
                                     ^
.\..\User\Chariot\crt_booster.cpp: 0 warnings, 4 errors
"../User/Device/alg_power_limit.h", line 37: Error:  #20: identifier "Class_DJI_Motor_C620" is undefined
      void Output(Class_DJI_Motor_C620 (&Motor)[]);
                  ^
"../User/Device/alg_power_limit.h", line 37: Error:  #616: parameter type involves reference to array of unknown bound
      void Output(Class_DJI_Motor_C620 (&Motor)[]);
                  ^
"../User/Device/dvc_djimotor.h", line 296: Error:  #616: parameter type involves reference to array of unknown bound
      friend void Class_Power_Limit::Output(Class_DJI_Motor_C620 (&Motor)[]);
                                            ^
"../User/Device/dvc_djimotor.h", line 296: Error:  #493: no instance of overloaded function "Class_Power_Limit::Output"  matches the specified type
      friend void Class_Power_Limit::Output(Class_DJI_Motor_C620 (&Motor)[]);
                                     ^
.\..\User\Chariot\crt_chassis.cpp: 0 warnings, 4 errors
"../User/Device/alg_power_limit.h", line 37: Error:  #20: identifier "Class_DJI_Motor_C620" is undefined
      void Output(Class_DJI_Motor_C620 (&Motor)[]);
                  ^
"../User/Device/alg_power_limit.h", line 37: Error:  #616: parameter type involves reference to array of unknown bound
      void Output(Class_DJI_Motor_C620 (&Motor)[]);
                  ^
"../User/Device/dvc_djimotor.h", line 296: Error:  #616: parameter type involves reference to array of unknown bound
      friend void Class_Power_Limit::Output(Class_DJI_Motor_C620 (&Motor)[]);
                                            ^
"../User/Device/dvc_djimotor.h", line 296: Error:  #493: no instance of overloaded function "Class_Power_Limit::Output"  matches the specified type
      friend void Class_Power_Limit::Output(Class_DJI_Motor_C620 (&Motor)[]);
                                     ^
.\..\USB_DEVICE\App\usbd_cdc_if.c: 0 warnings, 4 errors
"../User/Device/alg_power_limit.h", line 37: Error:  #20: identifier "Class_DJI_Motor_C620" is undefined
      void Output(Class_DJI_Motor_C620 (&Motor)[]);
                  ^
"../User/Device/alg_power_limit.h", line 37: Error:  #616: parameter type involves reference to array of unknown bound
      void Output(Class_DJI_Motor_C620 (&Motor)[]);
                  ^
"../User/Device/dvc_djimotor.h", line 296: Error:  #616: parameter type involves reference to array of unknown bound
      friend void Class_Power_Limit::Output(Class_DJI_Motor_C620 (&Motor)[]);
                                            ^
"../User/Device/dvc_djimotor.h", line 296: Error:  #493: no instance of overloaded function "Class_Power_Limit::Output"  matches the specified type
      friend void Class_Power_Limit::Output(Class_DJI_Motor_C620 (&Motor)[]);
                                     ^
.\..\Core\Src\main.c: 0 warnings, 4 errors

[2024-03-20 16:20:14]	compilation failed at : "d:\RM\RM_code\Standard_4_Cpp_Structure_ByRoboWalker\USB_DEVICE\App\usbd_cdc_if.c", exit code: 1
command: 
  "D:\Keil5\keil5_anzhuangbao\ARM\ARMCC\bin\armcc.exe" -c --apcs=interwork -I../Core/Inc -I../Drivers/STM32F4xx_HAL_Driver/Inc -I../Drivers/STM32F4xx_HAL_Driver/Inc/Legacy -I../Drivers/CMSIS/Device/ST/STM32F4xx/Include -I../Drivers/CMSIS/Include -I../User/Chariot -I../User/Device -I../User/Interaction -I../User/Middleware/Algorithm -I../User/Middleware/Driver -I../User/Task -I../Drivers/CMSIS/DSP/Include -I../USB_DEVICE/App -I../USB_DEVICE/Target -I../Middlewares/ST/STM32_USB_Device_Library/Core/Inc -I../Middlewares/ST/STM32_USB_Device_Library/Class/CDC/Inc -IRTE/_infantry -DUSE_HAL_DRIVER -DSTM32F407xx -DARM_MATH_CM4 -D__CC_ARM -DARM_MATH_MATRIX_CHECK -DARM_MATH_ROUNDING -D__TARGET_FPU_VFP -D__FPU_PRESENT="1" --cpu Cortex-M4.fp --li --c99 -D__MICROLIB -O0 --split_sections -W --cpp11 -g -o .\build\infantry\.obj\__\USB_DEVICE\App\usbd_cdc_if.o --no_depend_system_headers --depend .\build\infantry\.obj\__\USB_DEVICE\App\usbd_cdc_if.d .\..\USB_DEVICE\App\usbd_cdc_if.c
   at unify_builder.Program.compileByMulThread(Int32 thrNum, CmdInfo[] cmds_, List`1 errLogs)
   at unify_builder.Program.Main(String[] args_)
---
"../User/Device/alg_power_limit.h", line 37: Error:  #20: identifier "Class_DJI_Motor_C620" is undefined
      void Output(Class_DJI_Motor_C620 (&Motor)[]);
                  ^
"../User/Device/alg_power_limit.h", line 37: Error:  #616: parameter type involves reference to array of unknown bound
      void Output(Class_DJI_Motor_C620 (&Motor)[]);
                  ^
"../User/Device/dvc_djimotor.h", line 296: Error:  #616: parameter type involves reference to array of unknown bound
      friend void Class_Power_Limit::Output(Class_DJI_Motor_C620 (&Motor)[]);
                                            ^
"../User/Device/dvc_djimotor.h", line 296: Error:  #493: no instance of overloaded function "Class_Power_Limit::Output"  matches the specified type
      friend void Class_Power_Limit::Output(Class_DJI_Motor_C620 (&Motor)[]);
                                     ^
.\..\User\Chariot\crt_booster.cpp: 0 warnings, 4 errors
"../User/Device/alg_power_limit.h", line 37: Error:  #20: identifier "Class_DJI_Motor_C620" is undefined
      void Output(Class_DJI_Motor_C620 (&Motor)[]);
                  ^
"../User/Device/alg_power_limit.h", line 37: Error:  #616: parameter type involves reference to array of unknown bound
      void Output(Class_DJI_Motor_C620 (&Motor)[]);
                  ^
"../User/Device/dvc_djimotor.h", line 296: Error:  #616: parameter type involves reference to array of unknown bound
      friend void Class_Power_Limit::Output(Class_DJI_Motor_C620 (&Motor)[]);
                                            ^
"../User/Device/dvc_djimotor.h", line 296: Error:  #493: no instance of overloaded function "Class_Power_Limit::Output"  matches the specified type
      friend void Class_Power_Limit::Output(Class_DJI_Motor_C620 (&Motor)[]);
                                     ^
.\..\User\Chariot\crt_chassis.cpp: 0 warnings, 4 errors
"../User/Device/alg_power_limit.h", line 37: Error:  #20: identifier "Class_DJI_Motor_C620" is undefined
      void Output(Class_DJI_Motor_C620 (&Motor)[]);
                  ^
"../User/Device/alg_power_limit.h", line 37: Error:  #616: parameter type involves reference to array of unknown bound
      void Output(Class_DJI_Motor_C620 (&Motor)[]);
                  ^
"../User/Device/dvc_djimotor.h", line 296: Error:  #616: parameter type involves reference to array of unknown bound
      friend void Class_Power_Limit::Output(Class_DJI_Motor_C620 (&Motor)[]);
                                            ^
"../User/Device/dvc_djimotor.h", line 296: Error:  #493: no instance of overloaded function "Class_Power_Limit::Output"  matches the specified type
      friend void Class_Power_Limit::Output(Class_DJI_Motor_C620 (&Motor)[]);
                                     ^
.\..\Core\Src\main.c: 0 warnings, 4 errors
"../User/Device/alg_power_limit.h", line 37: Error:  #20: identifier "Class_DJI_Motor_C620" is undefined
      void Output(Class_DJI_Motor_C620 (&Motor)[]);
                  ^
"../User/Device/alg_power_limit.h", line 37: Error:  #616: parameter type involves reference to array of unknown bound
      void Output(Class_DJI_Motor_C620 (&Motor)[]);
                  ^
"../User/Device/dvc_djimotor.h", line 296: Error:  #616: parameter type involves reference to array of unknown bound
      friend void Class_Power_Limit::Output(Class_DJI_Motor_C620 (&Motor)[]);
                                            ^
"../User/Device/dvc_djimotor.h", line 296: Error:  #493: no instance of overloaded function "Class_Power_Limit::Output"  matches the specified type
      friend void Class_Power_Limit::Output(Class_DJI_Motor_C620 (&Motor)[]);
                                     ^
.\..\USB_DEVICE\App\usbd_cdc_if.c: 0 warnings, 4 errors

[2024-03-20 16:20:28]	compilation failed at : "d:\RM\RM_code\Standard_4_Cpp_Structure_ByRoboWalker\Core\Src\main.c", exit code: 1
command: 
  "D:\Keil5\keil5_anzhuangbao\ARM\ARMCC\bin\armcc.exe" -c --apcs=interwork -I../Core/Inc -I../Drivers/STM32F4xx_HAL_Driver/Inc -I../Drivers/STM32F4xx_HAL_Driver/Inc/Legacy -I../Drivers/CMSIS/Device/ST/STM32F4xx/Include -I../Drivers/CMSIS/Include -I../User/Chariot -I../User/Device -I../User/Interaction -I../User/Middleware/Algorithm -I../User/Middleware/Driver -I../User/Task -I../Drivers/CMSIS/DSP/Include -I../USB_DEVICE/App -I../USB_DEVICE/Target -I../Middlewares/ST/STM32_USB_Device_Library/Core/Inc -I../Middlewares/ST/STM32_USB_Device_Library/Class/CDC/Inc -IRTE/_infantry -DUSE_HAL_DRIVER -DSTM32F407xx -DARM_MATH_CM4 -D__CC_ARM -DARM_MATH_MATRIX_CHECK -DARM_MATH_ROUNDING -D__TARGET_FPU_VFP -D__FPU_PRESENT="1" --cpu Cortex-M4.fp --li --c99 -D__MICROLIB -O0 --split_sections -W --cpp11 -g -o .\build\infantry\.obj\__\Core\Src\main.o --no_depend_system_headers --depend .\build\infantry\.obj\__\Core\Src\main.d .\..\Core\Src\main.c
   at unify_builder.Program.compileByMulThread(Int32 thrNum, CmdInfo[] cmds_, List`1 errLogs)
   at unify_builder.Program.Main(String[] args_)
---
"../User/Device/alg_power_limit.h", line 37: Error:  #20: identifier "Class_DJI_Motor_C620" is undefined
      void Output(Class_DJI_Motor_C620 (&Motor)[]);
                  ^
"../User/Device/alg_power_limit.h", line 37: Error:  #616: parameter type involves reference to array of unknown bound
      void Output(Class_DJI_Motor_C620 (&Motor)[]);
                  ^
"../User/Device/dvc_djimotor.h", line 296: Error:  #616: parameter type involves reference to array of unknown bound
      friend void Class_Power_Limit::Output(Class_DJI_Motor_C620 (&Motor)[]);
                                            ^
"../User/Device/dvc_djimotor.h", line 296: Error:  #493: no instance of overloaded function "Class_Power_Limit::Output"  matches the specified type
      friend void Class_Power_Limit::Output(Class_DJI_Motor_C620 (&Motor)[]);
                                     ^
.\..\User\Chariot\crt_booster.cpp: 0 warnings, 4 errors
"../User/Device/alg_power_limit.h", line 37: Error:  #20: identifier "Class_DJI_Motor_C620" is undefined
      void Output(Class_DJI_Motor_C620 (&Motor)[]);
                  ^
"../User/Device/alg_power_limit.h", line 37: Error:  #616: parameter type involves reference to array of unknown bound
      void Output(Class_DJI_Motor_C620 (&Motor)[]);
                  ^
"../User/Device/dvc_djimotor.h", line 296: Error:  #616: parameter type involves reference to array of unknown bound
      friend void Class_Power_Limit::Output(Class_DJI_Motor_C620 (&Motor)[]);
                                            ^
"../User/Device/dvc_djimotor.h", line 296: Error:  #493: no instance of overloaded function "Class_Power_Limit::Output"  matches the specified type
      friend void Class_Power_Limit::Output(Class_DJI_Motor_C620 (&Motor)[]);
                                     ^
.\..\User\Chariot\crt_chassis.cpp: 0 warnings, 4 errors
"../User/Device/alg_power_limit.h", line 37: Error:  #20: identifier "Class_DJI_Motor_C620" is undefined
      void Output(Class_DJI_Motor_C620 (&Motor)[]);
                  ^
"../User/Device/alg_power_limit.h", line 37: Error:  #616: parameter type involves reference to array of unknown bound
      void Output(Class_DJI_Motor_C620 (&Motor)[]);
                  ^
"../User/Device/dvc_djimotor.h", line 296: Error:  #616: parameter type involves reference to array of unknown bound
      friend void Class_Power_Limit::Output(Class_DJI_Motor_C620 (&Motor)[]);
                                            ^
"../User/Device/dvc_djimotor.h", line 296: Error:  #493: no instance of overloaded function "Class_Power_Limit::Output"  matches the specified type
      friend void Class_Power_Limit::Output(Class_DJI_Motor_C620 (&Motor)[]);
                                     ^
.\..\USB_DEVICE\App\usbd_cdc_if.c: 0 warnings, 4 errors
"../User/Device/alg_power_limit.h", line 37: Error:  #20: identifier "Class_DJI_Motor_C620" is undefined
      void Output(Class_DJI_Motor_C620 (&Motor)[]);
                  ^
"../User/Device/alg_power_limit.h", line 37: Error:  #616: parameter type involves reference to array of unknown bound
      void Output(Class_DJI_Motor_C620 (&Motor)[]);
                  ^
"../User/Device/dvc_djimotor.h", line 296: Error:  #616: parameter type involves reference to array of unknown bound
      friend void Class_Power_Limit::Output(Class_DJI_Motor_C620 (&Motor)[]);
                                            ^
"../User/Device/dvc_djimotor.h", line 296: Error:  #493: no instance of overloaded function "Class_Power_Limit::Output"  matches the specified type
      friend void Class_Power_Limit::Output(Class_DJI_Motor_C620 (&Motor)[]);
                                     ^
.\..\Core\Src\main.c: 0 warnings, 4 errors

[2024-03-20 16:21:30]	compilation failed at : "d:\RM\RM_code\Standard_4_Cpp_Structure_ByRoboWalker\Core\Src\main.c", exit code: 1
command: 
  "D:\Keil5\keil5_anzhuangbao\ARM\ARMCC\bin\armcc.exe" -c --apcs=interwork -I../Core/Inc -I../Drivers/STM32F4xx_HAL_Driver/Inc -I../Drivers/STM32F4xx_HAL_Driver/Inc/Legacy -I../Drivers/CMSIS/Device/ST/STM32F4xx/Include -I../Drivers/CMSIS/Include -I../User/Chariot -I../User/Device -I../User/Interaction -I../User/Middleware/Algorithm -I../User/Middleware/Driver -I../User/Task -I../Drivers/CMSIS/DSP/Include -I../USB_DEVICE/App -I../USB_DEVICE/Target -I../Middlewares/ST/STM32_USB_Device_Library/Core/Inc -I../Middlewares/ST/STM32_USB_Device_Library/Class/CDC/Inc -IRTE/_infantry -DUSE_HAL_DRIVER -DSTM32F407xx -DARM_MATH_CM4 -D__CC_ARM -DARM_MATH_MATRIX_CHECK -DARM_MATH_ROUNDING -D__TARGET_FPU_VFP -D__FPU_PRESENT="1" --cpu Cortex-M4.fp --li --c99 -D__MICROLIB -O0 --split_sections -W --cpp11 -g -o .\build\infantry\.obj\__\Core\Src\main.o --no_depend_system_headers --depend .\build\infantry\.obj\__\Core\Src\main.d .\..\Core\Src\main.c
   at unify_builder.Program.compileByMulThread(Int32 thrNum, CmdInfo[] cmds_, List`1 errLogs)
   at unify_builder.Program.Main(String[] args_)
---
"../User/Device/alg_power_limit.h", line 37: Error:  #20: identifier "Class_DJI_Motor_C620" is undefined
      void Output(Class_DJI_Motor_C620 &Motor);
                  ^
"../User/Device/dvc_djimotor.h", line 296: Error:  #493: no instance of overloaded function "Class_Power_Limit::Output"  matches the specified type
      friend void Class_Power_Limit::Output(Class_DJI_Motor_C620 &Motor);
                                     ^
.\..\User\Chariot\crt_booster.cpp: 0 warnings, 2 errors
"../User/Device/alg_power_limit.h", line 37: Error:  #20: identifier "Class_DJI_Motor_C620" is undefined
      void Output(Class_DJI_Motor_C620 &Motor);
                  ^
"../User/Device/dvc_djimotor.h", line 296: Error:  #493: no instance of overloaded function "Class_Power_Limit::Output"  matches the specified type
      friend void Class_Power_Limit::Output(Class_DJI_Motor_C620 &Motor);
                                     ^
.\..\User\Chariot\crt_chassis.cpp: 0 warnings, 2 errors
"../User/Device/alg_power_limit.h", line 37: Error:  #20: identifier "Class_DJI_Motor_C620" is undefined
      void Output(Class_DJI_Motor_C620 &Motor);
                  ^
"../User/Device/dvc_djimotor.h", line 296: Error:  #493: no instance of overloaded function "Class_Power_Limit::Output"  matches the specified type
      friend void Class_Power_Limit::Output(Class_DJI_Motor_C620 &Motor);
                                     ^
.\..\USB_DEVICE\App\usbd_cdc_if.c: 0 warnings, 2 errors
"../User/Device/alg_power_limit.h", line 37: Error:  #20: identifier "Class_DJI_Motor_C620" is undefined
      void Output(Class_DJI_Motor_C620 &Motor);
                  ^
"../User/Device/dvc_djimotor.h", line 296: Error:  #493: no instance of overloaded function "Class_Power_Limit::Output"  matches the specified type
      friend void Class_Power_Limit::Output(Class_DJI_Motor_C620 &Motor);
                                     ^
.\..\Core\Src\main.c: 0 warnings, 2 errors

[2024-03-20 16:24:07]	compilation failed at : "d:\RM\RM_code\Standard_4_Cpp_Structure_ByRoboWalker\USB_DEVICE\App\usbd_cdc_if.c", exit code: 1
command: 
  "D:\Keil5\keil5_anzhuangbao\ARM\ARMCC\bin\armcc.exe" -c --apcs=interwork -I../Core/Inc -I../Drivers/STM32F4xx_HAL_Driver/Inc -I../Drivers/STM32F4xx_HAL_Driver/Inc/Legacy -I../Drivers/CMSIS/Device/ST/STM32F4xx/Include -I../Drivers/CMSIS/Include -I../User/Chariot -I../User/Device -I../User/Interaction -I../User/Middleware/Algorithm -I../User/Middleware/Driver -I../User/Task -I../Drivers/CMSIS/DSP/Include -I../USB_DEVICE/App -I../USB_DEVICE/Target -I../Middlewares/ST/STM32_USB_Device_Library/Core/Inc -I../Middlewares/ST/STM32_USB_Device_Library/Class/CDC/Inc -IRTE/_infantry -DUSE_HAL_DRIVER -DSTM32F407xx -DARM_MATH_CM4 -D__CC_ARM -DARM_MATH_MATRIX_CHECK -DARM_MATH_ROUNDING -D__TARGET_FPU_VFP -D__FPU_PRESENT="1" --cpu Cortex-M4.fp --li --c99 -D__MICROLIB -O0 --split_sections -W --cpp11 -g -o .\build\infantry\.obj\__\USB_DEVICE\App\usbd_cdc_if.o --no_depend_system_headers --depend .\build\infantry\.obj\__\USB_DEVICE\App\usbd_cdc_if.d .\..\USB_DEVICE\App\usbd_cdc_if.c
   at unify_builder.Program.compileByMulThread(Int32 thrNum, CmdInfo[] cmds_, List`1 errLogs)
   at unify_builder.Program.Main(String[] args_)
---
"../User/Device/alg_power_limit.h", line 37: Error:  #20: identifier "Class_DJI_Motor_C620" is undefined
      void Output(Class_DJI_Motor_C620 &Motor);
                  ^
.\..\User\Chariot\crt_booster.cpp: 0 warnings, 1 error
"../User/Device/alg_power_limit.h", line 37: Error:  #20: identifier "Class_DJI_Motor_C620" is undefined
      void Output(Class_DJI_Motor_C620 &Motor);
                  ^
.\..\User\Chariot\crt_chassis.cpp: 0 warnings, 1 error
"../User/Device/alg_power_limit.h", line 37: Error:  #20: identifier "Class_DJI_Motor_C620" is undefined
      void Output(Class_DJI_Motor_C620 &Motor);
                  ^
.\..\Core\Src\main.c: 0 warnings, 1 error
"../User/Device/alg_power_limit.h", line 37: Error:  #20: identifier "Class_DJI_Motor_C620" is undefined
      void Output(Class_DJI_Motor_C620 &Motor);
                  ^
.\..\USB_DEVICE\App\usbd_cdc_if.c: 0 warnings, 1 error

[2024-03-20 16:24:20]	compilation failed at : "d:\RM\RM_code\Standard_4_Cpp_Structure_ByRoboWalker\Core\Src\main.c", exit code: 1
command: 
  "D:\Keil5\keil5_anzhuangbao\ARM\ARMCC\bin\armcc.exe" -c --apcs=interwork -I../Core/Inc -I../Drivers/STM32F4xx_HAL_Driver/Inc -I../Drivers/STM32F4xx_HAL_Driver/Inc/Legacy -I../Drivers/CMSIS/Device/ST/STM32F4xx/Include -I../Drivers/CMSIS/Include -I../User/Chariot -I../User/Device -I../User/Interaction -I../User/Middleware/Algorithm -I../User/Middleware/Driver -I../User/Task -I../Drivers/CMSIS/DSP/Include -I../USB_DEVICE/App -I../USB_DEVICE/Target -I../Middlewares/ST/STM32_USB_Device_Library/Core/Inc -I../Middlewares/ST/STM32_USB_Device_Library/Class/CDC/Inc -IRTE/_infantry -DUSE_HAL_DRIVER -DSTM32F407xx -DARM_MATH_CM4 -D__CC_ARM -DARM_MATH_MATRIX_CHECK -DARM_MATH_ROUNDING -D__TARGET_FPU_VFP -D__FPU_PRESENT="1" --cpu Cortex-M4.fp --li --c99 -D__MICROLIB -O0 --split_sections -W --cpp11 -g -o .\build\infantry\.obj\__\Core\Src\main.o --no_depend_system_headers --depend .\build\infantry\.obj\__\Core\Src\main.d .\..\Core\Src\main.c
   at unify_builder.Program.compileByMulThread(Int32 thrNum, CmdInfo[] cmds_, List`1 errLogs)
   at unify_builder.Program.Main(String[] args_)
---
"../User/Device/alg_power_limit.h", line 37: Error:  #20: identifier "Class_DJI_Motor_C620" is undefined
      void Output(Class_DJI_Motor_C620& Motor);
                  ^
.\..\User\Chariot\crt_booster.cpp: 0 warnings, 1 error
"../User/Device/alg_power_limit.h", line 37: Error:  #20: identifier "Class_DJI_Motor_C620" is undefined
      void Output(Class_DJI_Motor_C620& Motor);
                  ^
.\..\User\Chariot\crt_chassis.cpp: 0 warnings, 1 error
"../User/Device/alg_power_limit.h", line 37: Error:  #20: identifier "Class_DJI_Motor_C620" is undefined
      void Output(Class_DJI_Motor_C620& Motor);
                  ^
.\..\USB_DEVICE\App\usbd_cdc_if.c: 0 warnings, 1 error
"../User/Device/alg_power_limit.h", line 37: Error:  #20: identifier "Class_DJI_Motor_C620" is undefined
      void Output(Class_DJI_Motor_C620& Motor);
                  ^
.\..\Core\Src\main.c: 0 warnings, 1 error

[2024-03-20 16:27:19]	[done]
	build successfully !

[2024-03-20 16:32:48]	compilation failed at : "d:\RM\RM_code\Standard_4_Cpp_Structure_ByRoboWalker\USB_DEVICE\App\usbd_cdc_if.c", exit code: 1
command: 
  "D:\Keil5\keil5_anzhuangbao\ARM\ARMCC\bin\armcc.exe" -c --apcs=interwork -I../Core/Inc -I../Drivers/STM32F4xx_HAL_Driver/Inc -I../Drivers/STM32F4xx_HAL_Driver/Inc/Legacy -I../Drivers/CMSIS/Device/ST/STM32F4xx/Include -I../Drivers/CMSIS/Include -I../User/Chariot -I../User/Device -I../User/Interaction -I../User/Middleware/Algorithm -I../User/Middleware/Driver -I../User/Task -I../Drivers/CMSIS/DSP/Include -I../USB_DEVICE/App -I../USB_DEVICE/Target -I../Middlewares/ST/STM32_USB_Device_Library/Core/Inc -I../Middlewares/ST/STM32_USB_Device_Library/Class/CDC/Inc -IRTE/_infantry -DUSE_HAL_DRIVER -DSTM32F407xx -DARM_MATH_CM4 -D__CC_ARM -DARM_MATH_MATRIX_CHECK -DARM_MATH_ROUNDING -D__TARGET_FPU_VFP -D__FPU_PRESENT="1" --cpu Cortex-M4.fp --li --c99 -D__MICROLIB -O0 --split_sections -W --cpp11 -g -o .\build\infantry\.obj\__\USB_DEVICE\App\usbd_cdc_if.o --no_depend_system_headers --depend .\build\infantry\.obj\__\USB_DEVICE\App\usbd_cdc_if.d .\..\USB_DEVICE\App\usbd_cdc_if.c
   at unify_builder.Program.compileByMulThread(Int32 thrNum, CmdInfo[] cmds_, List`1 errLogs)
   at unify_builder.Program.Main(String[] args_)
---
"../User/Device/alg_power_limit.h", line 38: Error:  #616: parameter type involves reference to array of unknown bound
      void Output(Class_DJI_Motor_C620 (&Motor)[]);
                  ^
"../User/Device/dvc_djimotor.h", line 296: Error:  #283: qualified name is not allowed
      void Class_Power_Limit::Output(Class_DJI_Motor_C620 (&Motor)[]);
           ^
"../User/Device/dvc_djimotor.h", line 296: Error:  #616: parameter type involves reference to array of unknown bound
      void Class_Power_Limit::Output(Class_DJI_Motor_C620 (&Motor)[]);
                                     ^
.\..\User\Chariot\crt_booster.cpp: 0 warnings, 3 errors
"../User/Device/alg_power_limit.h", line 38: Error:  #616: parameter type involves reference to array of unknown bound
      void Output(Class_DJI_Motor_C620 (&Motor)[]);
                  ^
"../User/Device/dvc_djimotor.h", line 296: Error:  #283: qualified name is not allowed
      void Class_Power_Limit::Output(Class_DJI_Motor_C620 (&Motor)[]);
           ^
"../User/Device/dvc_djimotor.h", line 296: Error:  #616: parameter type involves reference to array of unknown bound
      void Class_Power_Limit::Output(Class_DJI_Motor_C620 (&Motor)[]);
                                     ^
.\..\User\Chariot\crt_chassis.cpp: 0 warnings, 3 errors
"../User/Device/alg_power_limit.h", line 38: Error:  #616: parameter type involves reference to array of unknown bound
      void Output(Class_DJI_Motor_C620 (&Motor)[]);
                  ^
"../User/Device/dvc_djimotor.h", line 296: Error:  #283: qualified name is not allowed
      void Class_Power_Limit::Output(Class_DJI_Motor_C620 (&Motor)[]);
           ^
"../User/Device/dvc_djimotor.h", line 296: Error:  #616: parameter type involves reference to array of unknown bound
      void Class_Power_Limit::Output(Class_DJI_Motor_C620 (&Motor)[]);
                                     ^
.\..\Core\Src\main.c: 0 warnings, 3 errors
"../User/Device/alg_power_limit.h", line 38: Error:  #616: parameter type involves reference to array of unknown bound
      void Output(Class_DJI_Motor_C620 (&Motor)[]);
                  ^
"../User/Device/dvc_djimotor.h", line 296: Error:  #283: qualified name is not allowed
      void Class_Power_Limit::Output(Class_DJI_Motor_C620 (&Motor)[]);
           ^
"../User/Device/dvc_djimotor.h", line 296: Error:  #616: parameter type involves reference to array of unknown bound
      void Class_Power_Limit::Output(Class_DJI_Motor_C620 (&Motor)[]);
                                     ^
.\..\USB_DEVICE\App\usbd_cdc_if.c: 0 warnings, 3 errors

[2024-03-20 16:33:35]	compilation failed at : "d:\RM\RM_code\Standard_4_Cpp_Structure_ByRoboWalker\Core\Src\main.c", exit code: 1
command: 
  "D:\Keil5\keil5_anzhuangbao\ARM\ARMCC\bin\armcc.exe" -c --apcs=interwork -I../Core/Inc -I../Drivers/STM32F4xx_HAL_Driver/Inc -I../Drivers/STM32F4xx_HAL_Driver/Inc/Legacy -I../Drivers/CMSIS/Device/ST/STM32F4xx/Include -I../Drivers/CMSIS/Include -I../User/Chariot -I../User/Device -I../User/Interaction -I../User/Middleware/Algorithm -I../User/Middleware/Driver -I../User/Task -I../Drivers/CMSIS/DSP/Include -I../USB_DEVICE/App -I../USB_DEVICE/Target -I../Middlewares/ST/STM32_USB_Device_Library/Core/Inc -I../Middlewares/ST/STM32_USB_Device_Library/Class/CDC/Inc -IRTE/_infantry -DUSE_HAL_DRIVER -DSTM32F407xx -DARM_MATH_CM4 -D__CC_ARM -DARM_MATH_MATRIX_CHECK -DARM_MATH_ROUNDING -D__TARGET_FPU_VFP -D__FPU_PRESENT="1" --cpu Cortex-M4.fp --li --c99 -D__MICROLIB -O0 --split_sections -W --cpp11 -g -o .\build\infantry\.obj\__\Core\Src\main.o --no_depend_system_headers --depend .\build\infantry\.obj\__\Core\Src\main.d .\..\Core\Src\main.c
   at unify_builder.Program.compileByMulThread(Int32 thrNum, CmdInfo[] cmds_, List`1 errLogs)
   at unify_builder.Program.Main(String[] args_)
---
"../User/Device/dvc_djimotor.h", line 296: Error:  #283: qualified name is not allowed
      void Class_Power_Limit::Output(Class_DJI_Motor_C620 &Motor);
           ^
.\..\User\Chariot\crt_booster.cpp: 0 warnings, 1 error
"../User/Device/dvc_djimotor.h", line 296: Error:  #283: qualified name is not allowed
      void Class_Power_Limit::Output(Class_DJI_Motor_C620 &Motor);
           ^
.\..\User\Chariot\crt_chassis.cpp: 0 warnings, 1 error
"../User/Device/dvc_djimotor.h", line 296: Error:  #283: qualified name is not allowed
      void Class_Power_Limit::Output(Class_DJI_Motor_C620 &Motor);
           ^
.\..\USB_DEVICE\App\usbd_cdc_if.c: 0 warnings, 1 error
"../User/Device/dvc_djimotor.h", line 296: Error:  #283: qualified name is not allowed
      void Class_Power_Limit::Output(Class_DJI_Motor_C620 &Motor);
           ^
.\..\Core\Src\main.c: 0 warnings, 1 error

[2024-03-20 16:36:24]	[done]
	build successfully !

[2024-03-20 16:36:51]	compilation failed at : "d:\RM\RM_code\Standard_4_Cpp_Structure_ByRoboWalker\Core\Src\main.c", exit code: 1
command: 
  "D:\Keil5\keil5_anzhuangbao\ARM\ARMCC\bin\armcc.exe" -c --apcs=interwork -I../Core/Inc -I../Drivers/STM32F4xx_HAL_Driver/Inc -I../Drivers/STM32F4xx_HAL_Driver/Inc/Legacy -I../Drivers/CMSIS/Device/ST/STM32F4xx/Include -I../Drivers/CMSIS/Include -I../User/Chariot -I../User/Device -I../User/Interaction -I../User/Middleware/Algorithm -I../User/Middleware/Driver -I../User/Task -I../Drivers/CMSIS/DSP/Include -I../USB_DEVICE/App -I../USB_DEVICE/Target -I../Middlewares/ST/STM32_USB_Device_Library/Core/Inc -I../Middlewares/ST/STM32_USB_Device_Library/Class/CDC/Inc -IRTE/_infantry -DUSE_HAL_DRIVER -DSTM32F407xx -DARM_MATH_CM4 -D__CC_ARM -DARM_MATH_MATRIX_CHECK -DARM_MATH_ROUNDING -D__TARGET_FPU_VFP -D__FPU_PRESENT="1" --cpu Cortex-M4.fp --li --c99 -D__MICROLIB -O0 --split_sections -W --cpp11 -g -o .\build\infantry\.obj\__\Core\Src\main.o --no_depend_system_headers --depend .\build\infantry\.obj\__\Core\Src\main.d .\..\Core\Src\main.c
   at unify_builder.Program.compileByMulThread(Int32 thrNum, CmdInfo[] cmds_, List`1 errLogs)
   at unify_builder.Program.Main(String[] args_)
---
"../User/Device/alg_power_limit.h", line 38: Error:  #616: parameter type involves reference to array of unknown bound
      void Output(Class_DJI_Motor_C620 (&Motor)[]);
                  ^
"../User/Device/dvc_djimotor.h", line 296: Error:  #616: parameter type involves reference to array of unknown bound
      friend void Class_Power_Limit::Output(Class_DJI_Motor_C620 (&Motor)[]);
                                            ^
.\..\User\Chariot\crt_booster.cpp: 0 warnings, 2 errors
"../User/Device/alg_power_limit.h", line 38: Error:  #616: parameter type involves reference to array of unknown bound
      void Output(Class_DJI_Motor_C620 (&Motor)[]);
                  ^
"../User/Device/dvc_djimotor.h", line 296: Error:  #616: parameter type involves reference to array of unknown bound
      friend void Class_Power_Limit::Output(Class_DJI_Motor_C620 (&Motor)[]);
                                            ^
.\..\User\Chariot\crt_chassis.cpp: 0 warnings, 2 errors
"../User/Device/alg_power_limit.h", line 38: Error:  #616: parameter type involves reference to array of unknown bound
      void Output(Class_DJI_Motor_C620 (&Motor)[]);
                  ^
"../User/Device/dvc_djimotor.h", line 296: Error:  #616: parameter type involves reference to array of unknown bound
      friend void Class_Power_Limit::Output(Class_DJI_Motor_C620 (&Motor)[]);
                                            ^
.\..\USB_DEVICE\App\usbd_cdc_if.c: 0 warnings, 2 errors
"../User/Device/alg_power_limit.h", line 38: Error:  #616: parameter type involves reference to array of unknown bound
      void Output(Class_DJI_Motor_C620 (&Motor)[]);
                  ^
"../User/Device/dvc_djimotor.h", line 296: Error:  #616: parameter type involves reference to array of unknown bound
      friend void Class_Power_Limit::Output(Class_DJI_Motor_C620 (&Motor)[]);
                                            ^
.\..\Core\Src\main.c: 0 warnings, 2 errors

[2024-03-20 16:39:28]	[done]
	build successfully !

[2024-03-20 16:47:20]	compilation failed at : "d:\RM\RM_code\Standard_4_Cpp_Structure_ByRoboWalker\Core\Src\main.c", exit code: 1
command: 
  "D:\Keil5\keil5_anzhuangbao\ARM\ARMCC\bin\armcc.exe" -c --apcs=interwork -I../Core/Inc -I../Drivers/STM32F4xx_HAL_Driver/Inc -I../Drivers/STM32F4xx_HAL_Driver/Inc/Legacy -I../Drivers/CMSIS/Device/ST/STM32F4xx/Include -I../Drivers/CMSIS/Include -I../User/Chariot -I../User/Device -I../User/Interaction -I../User/Middleware/Algorithm -I../User/Middleware/Driver -I../User/Task -I../Drivers/CMSIS/DSP/Include -I../USB_DEVICE/App -I../USB_DEVICE/Target -I../Middlewares/ST/STM32_USB_Device_Library/Core/Inc -I../Middlewares/ST/STM32_USB_Device_Library/Class/CDC/Inc -IRTE/_infantry -DUSE_HAL_DRIVER -DSTM32F407xx -DARM_MATH_CM4 -D__CC_ARM -DARM_MATH_MATRIX_CHECK -DARM_MATH_ROUNDING -D__TARGET_FPU_VFP -D__FPU_PRESENT="1" --cpu Cortex-M4.fp --li --c99 -D__MICROLIB -O0 --split_sections -W --cpp11 -g -o .\build\infantry\.obj\__\Core\Src\main.o --no_depend_system_headers --depend .\build\infantry\.obj\__\Core\Src\main.d .\..\Core\Src\main.c
   at unify_builder.Program.compileByMulThread(Int32 thrNum, CmdInfo[] cmds_, List`1 errLogs)
   at unify_builder.Program.Main(String[] args_)
---
"../User/Device/alg_power_limit.h", line 93: Error:  #852: expression must be a pointer to a complete object type
          Torque_Current[i] = Motor[i].Get_Out();
                              ^
"../User/Device/alg_power_limit.h", line 94: Error:  #852: expression must be a pointer to a complete object type
          Omega[i] = Motor[i].Get_Now_Omega();
                     ^
.\..\User\Chariot\crt_booster.cpp: 0 warnings, 2 errors
"../User/Device/alg_power_limit.h", line 93: Error:  #852: expression must be a pointer to a complete object type
          Torque_Current[i] = Motor[i].Get_Out();
                              ^
"../User/Device/alg_power_limit.h", line 94: Error:  #852: expression must be a pointer to a complete object type
          Omega[i] = Motor[i].Get_Now_Omega();
                     ^
".\..\User\Chariot\crt_chassis.cpp", line 169: Error:  #135: class "Class_Power_Limit"  has no member "Set_Omega"
      Power_Limit.Set_Omega(Motor_Wheel[0].Get_Now_Omega(),
                  ^
".\..\User\Chariot\crt_chassis.cpp", line 173: Error:  #135: class "Class_Power_Limit"  has no member "Set_Torque_Current"
      Power_Limit.Set_Torque_Current(Motor_Wheel[0].Get_Out(),
                  ^
.\..\User\Chariot\crt_chassis.cpp: 0 warnings, 4 errors
"../User/Device/alg_power_limit.h", line 93: Error:  #852: expression must be a pointer to a complete object type
          Torque_Current[i] = Motor[i].Get_Out();
                              ^
"../User/Device/alg_power_limit.h", line 94: Error:  #852: expression must be a pointer to a complete object type
          Omega[i] = Motor[i].Get_Now_Omega();
                     ^
.\..\USB_DEVICE\App\usbd_cdc_if.c: 0 warnings, 2 errors
"../User/Device/alg_power_limit.h", line 93: Error:  #852: expression must be a pointer to a complete object type
          Torque_Current[i] = Motor[i].Get_Out();
                              ^
"../User/Device/alg_power_limit.h", line 94: Error:  #852: expression must be a pointer to a complete object type
          Omega[i] = Motor[i].Get_Now_Omega();
                     ^
.\..\Core\Src\main.c: 0 warnings, 2 errors

[2024-03-20 16:48:17]	compilation failed at : "d:\RM\RM_code\Standard_4_Cpp_Structure_ByRoboWalker\USB_DEVICE\App\usbd_cdc_if.c", exit code: 1
command: 
  "D:\Keil5\keil5_anzhuangbao\ARM\ARMCC\bin\armcc.exe" -c --apcs=interwork -I../Core/Inc -I../Drivers/STM32F4xx_HAL_Driver/Inc -I../Drivers/STM32F4xx_HAL_Driver/Inc/Legacy -I../Drivers/CMSIS/Device/ST/STM32F4xx/Include -I../Drivers/CMSIS/Include -I../User/Chariot -I../User/Device -I../User/Interaction -I../User/Middleware/Algorithm -I../User/Middleware/Driver -I../User/Task -I../Drivers/CMSIS/DSP/Include -I../USB_DEVICE/App -I../USB_DEVICE/Target -I../Middlewares/ST/STM32_USB_Device_Library/Core/Inc -I../Middlewares/ST/STM32_USB_Device_Library/Class/CDC/Inc -IRTE/_infantry -DUSE_HAL_DRIVER -DSTM32F407xx -DARM_MATH_CM4 -D__CC_ARM -DARM_MATH_MATRIX_CHECK -DARM_MATH_ROUNDING -D__TARGET_FPU_VFP -D__FPU_PRESENT="1" --cpu Cortex-M4.fp --li --c99 -D__MICROLIB -O0 --split_sections -W --cpp11 -g -o .\build\infantry\.obj\__\USB_DEVICE\App\usbd_cdc_if.o --no_depend_system_headers --depend .\build\infantry\.obj\__\USB_DEVICE\App\usbd_cdc_if.d .\..\USB_DEVICE\App\usbd_cdc_if.c
   at unify_builder.Program.compileByMulThread(Int32 thrNum, CmdInfo[] cmds_, List`1 errLogs)
   at unify_builder.Program.Main(String[] args_)
---
"../User/Device/alg_power_limit.h", line 93: Error:  #852: expression must be a pointer to a complete object type
          Torque_Current[i] = Motor[i].Get_Out();
                              ^
"../User/Device/alg_power_limit.h", line 94: Error:  #852: expression must be a pointer to a complete object type
          Omega[i] = Motor[i].Get_Now_Omega();
                     ^
.\..\User\Chariot\crt_booster.cpp: 0 warnings, 2 errors
"../User/Device/alg_power_limit.h", line 93: Error:  #852: expression must be a pointer to a complete object type
          Torque_Current[i] = Motor[i].Get_Out();
                              ^
"../User/Device/alg_power_limit.h", line 94: Error:  #852: expression must be a pointer to a complete object type
          Omega[i] = Motor[i].Get_Now_Omega();
                     ^
".\..\User\Chariot\crt_chassis.cpp", line 169: Error:  #135: class "Class_Power_Limit"  has no member "Set_Omega"
      Power_Limit.Set_Omega(Motor_Wheel[0].Get_Now_Omega(),
                  ^
".\..\User\Chariot\crt_chassis.cpp", line 173: Error:  #135: class "Class_Power_Limit"  has no member "Set_Torque_Current"
      Power_Limit.Set_Torque_Current(Motor_Wheel[0].Get_Out(),
                  ^
.\..\User\Chariot\crt_chassis.cpp: 0 warnings, 4 errors
"../User/Device/alg_power_limit.h", line 93: Error:  #852: expression must be a pointer to a complete object type
          Torque_Current[i] = Motor[i].Get_Out();
                              ^
"../User/Device/alg_power_limit.h", line 94: Error:  #852: expression must be a pointer to a complete object type
          Omega[i] = Motor[i].Get_Now_Omega();
                     ^
.\..\Core\Src\main.c: 0 warnings, 2 errors
"../User/Device/alg_power_limit.h", line 93: Error:  #852: expression must be a pointer to a complete object type
          Torque_Current[i] = Motor[i].Get_Out();
                              ^
"../User/Device/alg_power_limit.h", line 94: Error:  #852: expression must be a pointer to a complete object type
          Omega[i] = Motor[i].Get_Now_Omega();
                     ^
.\..\USB_DEVICE\App\usbd_cdc_if.c: 0 warnings, 2 errors

[2024-03-20 16:51:28]	compilation failed at : "d:\RM\RM_code\Standard_4_Cpp_Structure_ByRoboWalker\Core\Src\main.c", exit code: 1
command: 
  "D:\Keil5\keil5_anzhuangbao\ARM\ARMCC\bin\armcc.exe" -c --apcs=interwork -I../Core/Inc -I../Drivers/STM32F4xx_HAL_Driver/Inc -I../Drivers/STM32F4xx_HAL_Driver/Inc/Legacy -I../Drivers/CMSIS/Device/ST/STM32F4xx/Include -I../Drivers/CMSIS/Include -I../User/Chariot -I../User/Device -I../User/Interaction -I../User/Middleware/Algorithm -I../User/Middleware/Driver -I../User/Task -I../Drivers/CMSIS/DSP/Include -I../USB_DEVICE/App -I../USB_DEVICE/Target -I../Middlewares/ST/STM32_USB_Device_Library/Core/Inc -I../Middlewares/ST/STM32_USB_Device_Library/Class/CDC/Inc -IRTE/_infantry -DUSE_HAL_DRIVER -DSTM32F407xx -DARM_MATH_CM4 -D__CC_ARM -DARM_MATH_MATRIX_CHECK -DARM_MATH_ROUNDING -D__TARGET_FPU_VFP -D__FPU_PRESENT="1" --cpu Cortex-M4.fp --li --c99 -D__MICROLIB -O0 --split_sections -W --cpp11 -g -o .\build\infantry\.obj\__\Core\Src\main.o --no_depend_system_headers --depend .\build\infantry\.obj\__\Core\Src\main.d .\..\Core\Src\main.c
   at unify_builder.Program.compileByMulThread(Int32 thrNum, CmdInfo[] cmds_, List`1 errLogs)
   at unify_builder.Program.Main(String[] args_)
---
"../User/Device/alg_power_limit.h", line 93: Error:  #852: expression must be a pointer to a complete object type
          Torque_Current[i] = Motor[i].Get_Out();
                              ^
"../User/Device/alg_power_limit.h", line 94: Error:  #852: expression must be a pointer to a complete object type
          Omega[i] = Motor[i].Get_Now_Omega();
                     ^
.\..\User\Chariot\crt_booster.cpp: 0 warnings, 2 errors
"../User/Device/alg_power_limit.h", line 93: Error:  #852: expression must be a pointer to a complete object type
          Torque_Current[i] = Motor[i].Get_Out();
                              ^
"../User/Device/alg_power_limit.h", line 94: Error:  #852: expression must be a pointer to a complete object type
          Omega[i] = Motor[i].Get_Now_Omega();
                     ^
.\..\User\Chariot\crt_chassis.cpp: 0 warnings, 2 errors
"../User/Device/alg_power_limit.h", line 93: Error:  #852: expression must be a pointer to a complete object type
          Torque_Current[i] = Motor[i].Get_Out();
                              ^
"../User/Device/alg_power_limit.h", line 94: Error:  #852: expression must be a pointer to a complete object type
          Omega[i] = Motor[i].Get_Now_Omega();
                     ^
.\..\USB_DEVICE\App\usbd_cdc_if.c: 0 warnings, 2 errors
"../User/Device/alg_power_limit.h", line 93: Error:  #852: expression must be a pointer to a complete object type
          Torque_Current[i] = Motor[i].Get_Out();
                              ^
"../User/Device/alg_power_limit.h", line 94: Error:  #852: expression must be a pointer to a complete object type
          Omega[i] = Motor[i].Get_Now_Omega();
                     ^
.\..\Core\Src\main.c: 0 warnings, 2 errors

[2024-03-20 16:52:43]	compilation failed at : "d:\RM\RM_code\Standard_4_Cpp_Structure_ByRoboWalker\Core\Src\main.c", exit code: 1
command: 
  "D:\Keil5\keil5_anzhuangbao\ARM\ARMCC\bin\armcc.exe" -c --apcs=interwork -I../Core/Inc -I../Drivers/STM32F4xx_HAL_Driver/Inc -I../Drivers/STM32F4xx_HAL_Driver/Inc/Legacy -I../Drivers/CMSIS/Device/ST/STM32F4xx/Include -I../Drivers/CMSIS/Include -I../User/Chariot -I../User/Device -I../User/Interaction -I../User/Middleware/Algorithm -I../User/Middleware/Driver -I../User/Task -I../Drivers/CMSIS/DSP/Include -I../USB_DEVICE/App -I../USB_DEVICE/Target -I../Middlewares/ST/STM32_USB_Device_Library/Core/Inc -I../Middlewares/ST/STM32_USB_Device_Library/Class/CDC/Inc -IRTE/_infantry -DUSE_HAL_DRIVER -DSTM32F407xx -DARM_MATH_CM4 -D__CC_ARM -DARM_MATH_MATRIX_CHECK -DARM_MATH_ROUNDING -D__TARGET_FPU_VFP -D__FPU_PRESENT="1" --cpu Cortex-M4.fp --li --c99 -D__MICROLIB -O0 --split_sections -W --cpp11 -g -o .\build\infantry\.obj\__\Core\Src\main.o --no_depend_system_headers --depend .\build\infantry\.obj\__\Core\Src\main.d .\..\Core\Src\main.c
   at unify_builder.Program.compileByMulThread(Int32 thrNum, CmdInfo[] cmds_, List`1 errLogs)
   at unify_builder.Program.Main(String[] args_)
---
"../User/Device/alg_power_limit.h", line 93: Error:  #852: expression must be a pointer to a complete object type
          Torque_Current[i] = Motor[i].Get_Out();
                              ^
"../User/Device/alg_power_limit.h", line 94: Error:  #852: expression must be a pointer to a complete object type
          Omega[i] = Motor[i].Get_Now_Omega();
                     ^
.\..\User\Chariot\crt_booster.cpp: 0 warnings, 2 errors
"../User/Device/alg_power_limit.h", line 93: Error:  #852: expression must be a pointer to a complete object type
          Torque_Current[i] = Motor[i].Get_Out();
                              ^
"../User/Device/alg_power_limit.h", line 94: Error:  #852: expression must be a pointer to a complete object type
          Omega[i] = Motor[i].Get_Now_Omega();
                     ^
.\..\User\Chariot\crt_chassis.cpp: 0 warnings, 2 errors
"../User/Device/alg_power_limit.h", line 93: Error:  #852: expression must be a pointer to a complete object type
          Torque_Current[i] = Motor[i].Get_Out();
                              ^
"../User/Device/alg_power_limit.h", line 94: Error:  #852: expression must be a pointer to a complete object type
          Omega[i] = Motor[i].Get_Now_Omega();
                     ^
.\..\USB_DEVICE\App\usbd_cdc_if.c: 0 warnings, 2 errors
"../User/Device/alg_power_limit.h", line 93: Error:  #852: expression must be a pointer to a complete object type
          Torque_Current[i] = Motor[i].Get_Out();
                              ^
"../User/Device/alg_power_limit.h", line 94: Error:  #852: expression must be a pointer to a complete object type
          Omega[i] = Motor[i].Get_Now_Omega();
                     ^
.\..\Core\Src\main.c: 0 warnings, 2 errors

[2024-03-20 16:54:32]	compilation failed at : "d:\RM\RM_code\Standard_4_Cpp_Structure_ByRoboWalker\Core\Src\main.c", exit code: 1
command: 
  "D:\Keil5\keil5_anzhuangbao\ARM\ARMCC\bin\armcc.exe" -c --apcs=interwork -I../Core/Inc -I../Drivers/STM32F4xx_HAL_Driver/Inc -I../Drivers/STM32F4xx_HAL_Driver/Inc/Legacy -I../Drivers/CMSIS/Device/ST/STM32F4xx/Include -I../Drivers/CMSIS/Include -I../User/Chariot -I../User/Device -I../User/Interaction -I../User/Middleware/Algorithm -I../User/Middleware/Driver -I../User/Task -I../Drivers/CMSIS/DSP/Include -I../USB_DEVICE/App -I../USB_DEVICE/Target -I../Middlewares/ST/STM32_USB_Device_Library/Core/Inc -I../Middlewares/ST/STM32_USB_Device_Library/Class/CDC/Inc -IRTE/_infantry -DUSE_HAL_DRIVER -DSTM32F407xx -DARM_MATH_CM4 -D__CC_ARM -DARM_MATH_MATRIX_CHECK -DARM_MATH_ROUNDING -D__TARGET_FPU_VFP -D__FPU_PRESENT="1" --cpu Cortex-M4.fp --li --c99 -D__MICROLIB -O0 --split_sections -W --cpp11 -g -o .\build\infantry\.obj\__\Core\Src\main.o --no_depend_system_headers --depend .\build\infantry\.obj\__\Core\Src\main.d .\..\Core\Src\main.c
   at unify_builder.Program.compileByMulThread(Int32 thrNum, CmdInfo[] cmds_, List`1 errLogs)
   at unify_builder.Program.Main(String[] args_)
---
"../User/Device/alg_power_limit.h", line 93: Error:  #852: expression must be a pointer to a complete object type
          Torque_Current[i] = Motor[i].Get_Out();
                              ^
"../User/Device/alg_power_limit.h", line 94: Error:  #852: expression must be a pointer to a complete object type
          Omega[i] = Motor[i].Get_Now_Omega();
                     ^
.\..\User\Chariot\crt_chassis.cpp: 0 warnings, 2 errors
"../User/Device/alg_power_limit.h", line 93: Error:  #852: expression must be a pointer to a complete object type
          Torque_Current[i] = Motor[i].Get_Out();
                              ^
"../User/Device/alg_power_limit.h", line 94: Error:  #852: expression must be a pointer to a complete object type
          Omega[i] = Motor[i].Get_Now_Omega();
                     ^
.\..\User\Chariot\crt_booster.cpp: 0 warnings, 2 errors
"../User/Device/alg_power_limit.h", line 93: Error:  #852: expression must be a pointer to a complete object type
          Torque_Current[i] = Motor[i].Get_Out();
                              ^
"../User/Device/alg_power_limit.h", line 94: Error:  #852: expression must be a pointer to a complete object type
          Omega[i] = Motor[i].Get_Now_Omega();
                     ^
.\..\USB_DEVICE\App\usbd_cdc_if.c: 0 warnings, 2 errors
"../User/Device/alg_power_limit.h", line 93: Error:  #852: expression must be a pointer to a complete object type
          Torque_Current[i] = Motor[i].Get_Out();
                              ^
"../User/Device/alg_power_limit.h", line 94: Error:  #852: expression must be a pointer to a complete object type
          Omega[i] = Motor[i].Get_Now_Omega();
                     ^
.\..\Core\Src\main.c: 0 warnings, 2 errors

[2024-03-20 16:57:42]	compilation failed at : "d:\RM\RM_code\Standard_4_Cpp_Structure_ByRoboWalker\Core\Src\main.c", exit code: 1
command: 
  "D:\Keil5\keil5_anzhuangbao\ARM\ARMCC\bin\armcc.exe" -c --apcs=interwork -I../Core/Inc -I../Drivers/STM32F4xx_HAL_Driver/Inc -I../Drivers/STM32F4xx_HAL_Driver/Inc/Legacy -I../Drivers/CMSIS/Device/ST/STM32F4xx/Include -I../Drivers/CMSIS/Include -I../User/Chariot -I../User/Device -I../User/Interaction -I../User/Middleware/Algorithm -I../User/Middleware/Driver -I../User/Task -I../Drivers/CMSIS/DSP/Include -I../USB_DEVICE/App -I../USB_DEVICE/Target -I../Middlewares/ST/STM32_USB_Device_Library/Core/Inc -I../Middlewares/ST/STM32_USB_Device_Library/Class/CDC/Inc -IRTE/_infantry -DUSE_HAL_DRIVER -DSTM32F407xx -DARM_MATH_CM4 -D__CC_ARM -DARM_MATH_MATRIX_CHECK -DARM_MATH_ROUNDING -D__TARGET_FPU_VFP -D__FPU_PRESENT="1" --cpu Cortex-M4.fp --li --c99 -D__MICROLIB -O0 --split_sections -W --cpp11 -g -o .\build\infantry\.obj\__\Core\Src\main.o --no_depend_system_headers --depend .\build\infantry\.obj\__\Core\Src\main.d .\..\Core\Src\main.c
   at unify_builder.Program.compileByMulThread(Int32 thrNum, CmdInfo[] cmds_, List`1 errLogs)
   at unify_builder.Program.Main(String[] args_)
---
"../User/Device/alg_power_limit.h", line 93: Error:  #852: expression must be a pointer to a complete object type
          Torque_Current[i] = Motor[i].Get_Out();
                              ^
"../User/Device/alg_power_limit.h", line 94: Error:  #852: expression must be a pointer to a complete object type
          Omega[i] = Motor[i].Get_Now_Omega();
                     ^
.\..\User\Chariot\crt_chassis.cpp: 0 warnings, 2 errors
"../User/Device/alg_power_limit.h", line 93: Error:  #852: expression must be a pointer to a complete object type
          Torque_Current[i] = Motor[i].Get_Out();
                              ^
"../User/Device/alg_power_limit.h", line 94: Error:  #852: expression must be a pointer to a complete object type
          Omega[i] = Motor[i].Get_Now_Omega();
                     ^
.\..\User\Chariot\crt_booster.cpp: 0 warnings, 2 errors
"../User/Device/alg_power_limit.h", line 93: Error:  #852: expression must be a pointer to a complete object type
          Torque_Current[i] = Motor[i].Get_Out();
                              ^
"../User/Device/alg_power_limit.h", line 94: Error:  #852: expression must be a pointer to a complete object type
          Omega[i] = Motor[i].Get_Now_Omega();
                     ^
.\..\USB_DEVICE\App\usbd_cdc_if.c: 0 warnings, 2 errors
"../User/Device/alg_power_limit.h", line 93: Error:  #852: expression must be a pointer to a complete object type
          Torque_Current[i] = Motor[i].Get_Out();
                              ^
"../User/Device/alg_power_limit.h", line 94: Error:  #852: expression must be a pointer to a complete object type
          Omega[i] = Motor[i].Get_Now_Omega();
                     ^
.\..\Core\Src\main.c: 0 warnings, 2 errors

[2024-03-20 16:58:39]	compilation failed at : "d:\RM\RM_code\Standard_4_Cpp_Structure_ByRoboWalker\User\Device\alg_power_limit.cpp", exit code: 1
command: 
  "D:\Keil5\keil5_anzhuangbao\ARM\ARMCC\bin\armcc.exe" -c --cpp --apcs=interwork -I../Core/Inc -I../Drivers/STM32F4xx_HAL_Driver/Inc -I../Drivers/STM32F4xx_HAL_Driver/Inc/Legacy -I../Drivers/CMSIS/Device/ST/STM32F4xx/Include -I../Drivers/CMSIS/Include -I../User/Chariot -I../User/Device -I../User/Interaction -I../User/Middleware/Algorithm -I../User/Middleware/Driver -I../User/Task -I../Drivers/CMSIS/DSP/Include -I../USB_DEVICE/App -I../USB_DEVICE/Target -I../Middlewares/ST/STM32_USB_Device_Library/Core/Inc -I../Middlewares/ST/STM32_USB_Device_Library/Class/CDC/Inc -IRTE/_infantry -DUSE_HAL_DRIVER -DSTM32F407xx -DARM_MATH_CM4 -D__CC_ARM -DARM_MATH_MATRIX_CHECK -DARM_MATH_ROUNDING -D__TARGET_FPU_VFP -D__FPU_PRESENT="1" --cpu Cortex-M4.fp --li -D__MICROLIB -O0 --split_sections -W --cpp11 -g -o .\build\infantry\.obj\__\User\Device\alg_power_limit.o --no_depend_system_headers --depend .\build\infantry\.obj\__\User\Device\alg_power_limit.d .\..\User\Device\alg_power_limit.cpp
   at unify_builder.Program.compileByMulThread(Int32 thrNum, CmdInfo[] cmds_, List`1 errLogs)
   at unify_builder.Program.Main(String[] args_)
---
".\..\User\Device\dvc_djimotor.h", line 296: Error:  #276: name followed by "::" must be a class or namespace name
      friend void Class_Power_Limit::Output(Class_DJI_Motor_C620 (&Motor)[4]);
                  ^
".\..\User\Device\dvc_djimotor.h", line 297: Error:  #276: name followed by "::" must be a class or namespace name
      friend void Class_Power_Limit::Set_Motor(Class_DJI_Motor_C620 (&Motor)[4]);
                  ^
".\..\User\Device\alg_power_limit.cpp", line 127: Error:  #265-D: member "Class_DJI_Motor_C620::CAN_Tx_Data"  (declared at line 331 of ".\..\User\Device\dvc_djimotor.h") is inaccessible
          Motor[i].CAN_Tx_Data[0] = (int16_t)Torque_Current[i] >> 8;
                   ^
".\..\User\Device\alg_power_limit.cpp", line 128: Error:  #265-D: member "Class_DJI_Motor_C620::CAN_Tx_Data"  (declared at line 331 of ".\..\User\Device\dvc_djimotor.h") is inaccessible
          Motor[i].CAN_Tx_Data[1] = (int16_t)Torque_Current[i];
                   ^
.\..\User\Device\alg_power_limit.cpp: 0 warnings, 4 errors

[2024-03-20 17:01:53]	[done]
	build successfully !

[2024-03-20 17:02:46]	compilation failed at : "d:\RM\RM_code\Standard_4_Cpp_Structure_ByRoboWalker\Core\Src\main.c", exit code: 1
command: 
  "D:\Keil5\keil5_anzhuangbao\ARM\ARMCC\bin\armcc.exe" -c --apcs=interwork -I../Core/Inc -I../Drivers/STM32F4xx_HAL_Driver/Inc -I../Drivers/STM32F4xx_HAL_Driver/Inc/Legacy -I../Drivers/CMSIS/Device/ST/STM32F4xx/Include -I../Drivers/CMSIS/Include -I../User/Chariot -I../User/Device -I../User/Interaction -I../User/Middleware/Algorithm -I../User/Middleware/Driver -I../User/Task -I../Drivers/CMSIS/DSP/Include -I../USB_DEVICE/App -I../USB_DEVICE/Target -I../Middlewares/ST/STM32_USB_Device_Library/Core/Inc -I../Middlewares/ST/STM32_USB_Device_Library/Class/CDC/Inc -IRTE/_infantry -DUSE_HAL_DRIVER -DSTM32F407xx -DARM_MATH_CM4 -D__CC_ARM -DARM_MATH_MATRIX_CHECK -DARM_MATH_ROUNDING -D__TARGET_FPU_VFP -D__FPU_PRESENT="1" --cpu Cortex-M4.fp --li --c99 -D__MICROLIB -O0 --split_sections -W --cpp11 -g -o .\build\infantry\.obj\__\Core\Src\main.o --no_depend_system_headers --depend .\build\infantry\.obj\__\Core\Src\main.d .\..\Core\Src\main.c
   at unify_builder.Program.compileByMulThread(Int32 thrNum, CmdInfo[] cmds_, List`1 errLogs)
   at unify_builder.Program.Main(String[] args_)
---
"../User/Device/alg_power_limit.h", line 92: Error:  #852: expression must be a pointer to a complete object type
          Torque_Current[i] = Motor[i].Get_Out();
                              ^
"../User/Device/alg_power_limit.h", line 93: Error:  #852: expression must be a pointer to a complete object type
          Omega[i] = Motor[i].Get_Now_Omega();
                     ^
.\..\User\Chariot\crt_booster.cpp: 0 warnings, 2 errors
"../User/Device/alg_power_limit.h", line 92: Error:  #852: expression must be a pointer to a complete object type
          Torque_Current[i] = Motor[i].Get_Out();
                              ^
"../User/Device/alg_power_limit.h", line 93: Error:  #852: expression must be a pointer to a complete object type
          Omega[i] = Motor[i].Get_Now_Omega();
                     ^
.\..\User\Chariot\crt_chassis.cpp: 0 warnings, 2 errors
"../User/Device/alg_power_limit.h", line 92: Error:  #852: expression must be a pointer to a complete object type
          Torque_Current[i] = Motor[i].Get_Out();
                              ^
"../User/Device/alg_power_limit.h", line 93: Error:  #852: expression must be a pointer to a complete object type
          Omega[i] = Motor[i].Get_Now_Omega();
                     ^
.\..\USB_DEVICE\App\usbd_cdc_if.c: 0 warnings, 2 errors
"../User/Device/alg_power_limit.h", line 92: Error:  #852: expression must be a pointer to a complete object type
          Torque_Current[i] = Motor[i].Get_Out();
                              ^
"../User/Device/alg_power_limit.h", line 93: Error:  #852: expression must be a pointer to a complete object type
          Omega[i] = Motor[i].Get_Now_Omega();
                     ^
.\..\Core\Src\main.c: 0 warnings, 2 errors

[2024-03-20 17:03:10]	[done]
	build successfully !

[2024-03-20 17:03:53]	[done]
	build successfully !

[2024-03-20 17:06:09]	[done]
	build successfully !

[2024-03-20 17:06:50]	[done]
	build successfully !

[2024-03-20 17:10:09]	[done]
	build successfully !

[2024-03-20 17:29:00]	compilation failed at : "d:\RM\RM_code\Standard_4_Cpp_Structure_ByRoboWalker\User\Task\tsk_config_and_callback.cpp", exit code: 1
command: 
  "D:\Keil5\keil5_anzhuangbao\ARM\ARMCC\bin\armcc.exe" -c --cpp --apcs=interwork -I../Core/Inc -I../Drivers/STM32F4xx_HAL_Driver/Inc -I../Drivers/STM32F4xx_HAL_Driver/Inc/Legacy -I../Drivers/CMSIS/Device/ST/STM32F4xx/Include -I../Drivers/CMSIS/Include -I../User/Chariot -I../User/Device -I../User/Interaction -I../User/Middleware/Algorithm -I../User/Middleware/Driver -I../User/Task -I../Drivers/CMSIS/DSP/Include -I../USB_DEVICE/App -I../USB_DEVICE/Target -I../Middlewares/ST/STM32_USB_Device_Library/Core/Inc -I../Middlewares/ST/STM32_USB_Device_Library/Class/CDC/Inc -IRTE/_infantry -DUSE_HAL_DRIVER -DSTM32F407xx -DARM_MATH_CM4 -D__CC_ARM -DARM_MATH_MATRIX_CHECK -DARM_MATH_ROUNDING -D__TARGET_FPU_VFP -D__FPU_PRESENT="1" --cpu Cortex-M4.fp --li -D__MICROLIB -O0 --split_sections -W --cpp11 -g -o .\build\infantry\.obj\__\User\Task\tsk_config_and_callback.o --no_depend_system_headers --depend .\build\infantry\.obj\__\User\Task\tsk_config_and_callback.d .\..\User\Task\tsk_config_and_callback.cpp
   at unify_builder.Program.compileByMulThread(Int32 thrNum, CmdInfo[] cmds_, List`1 errLogs)
   at unify_builder.Program.Main(String[] args_)
---
".\..\User\Task\tsk_config_and_callback.cpp", line 50: Error:  #147: declaration is incompatible with "bool init_finished"  (declared at line 41 of "../User/Middleware/Driver/drv_tim.h")
  uint16_t init_finished = 0;
           ^
.\..\User\Task\tsk_config_and_callback.cpp: 0 warnings, 1 error

[2024-03-20 17:29:52]	compilation failed at : "d:\RM\RM_code\Standard_4_Cpp_Structure_ByRoboWalker\User\Task\tsk_config_and_callback.cpp", exit code: 1
command: 
  "D:\Keil5\keil5_anzhuangbao\ARM\ARMCC\bin\armcc.exe" -c --cpp --apcs=interwork -I../Core/Inc -I../Drivers/STM32F4xx_HAL_Driver/Inc -I../Drivers/STM32F4xx_HAL_Driver/Inc/Legacy -I../Drivers/CMSIS/Device/ST/STM32F4xx/Include -I../Drivers/CMSIS/Include -I../User/Chariot -I../User/Device -I../User/Interaction -I../User/Middleware/Algorithm -I../User/Middleware/Driver -I../User/Task -I../Drivers/CMSIS/DSP/Include -I../USB_DEVICE/App -I../USB_DEVICE/Target -I../Middlewares/ST/STM32_USB_Device_Library/Core/Inc -I../Middlewares/ST/STM32_USB_Device_Library/Class/CDC/Inc -IRTE/_infantry -DUSE_HAL_DRIVER -DSTM32F407xx -DARM_MATH_CM4 -D__CC_ARM -DARM_MATH_MATRIX_CHECK -DARM_MATH_ROUNDING -D__TARGET_FPU_VFP -D__FPU_PRESENT="1" --cpu Cortex-M4.fp --li -D__MICROLIB -O0 --split_sections -W --cpp11 -g -o .\build\infantry\.obj\__\User\Task\tsk_config_and_callback.o --no_depend_system_headers --depend .\build\infantry\.obj\__\User\Task\tsk_config_and_callback.d .\..\User\Task\tsk_config_and_callback.cpp
   at unify_builder.Program.Main(String[] args_)
---
".\..\User\Task\tsk_config_and_callback.cpp", line 50: Error:  #147: declaration is incompatible with "bool init_finished"  (declared at line 41 of "../User/Middleware/Driver/drv_tim.h")
  uint32_t init_finished = 0;
           ^
.\..\User\Task\tsk_config_and_callback.cpp: 0 warnings, 1 error

[2024-03-20 17:31:43]	compilation failed at : "d:\RM\RM_code\Standard_4_Cpp_Structure_ByRoboWalker\User\Task\tsk_config_and_callback.cpp", exit code: 1
command: 
  "D:\Keil5\keil5_anzhuangbao\ARM\ARMCC\bin\armcc.exe" -c --cpp --apcs=interwork -I../Core/Inc -I../Drivers/STM32F4xx_HAL_Driver/Inc -I../Drivers/STM32F4xx_HAL_Driver/Inc/Legacy -I../Drivers/CMSIS/Device/ST/STM32F4xx/Include -I../Drivers/CMSIS/Include -I../User/Chariot -I../User/Device -I../User/Interaction -I../User/Middleware/Algorithm -I../User/Middleware/Driver -I../User/Task -I../Drivers/CMSIS/DSP/Include -I../USB_DEVICE/App -I../USB_DEVICE/Target -I../Middlewares/ST/STM32_USB_Device_Library/Core/Inc -I../Middlewares/ST/STM32_USB_Device_Library/Class/CDC/Inc -IRTE/_infantry -DUSE_HAL_DRIVER -DSTM32F407xx -DARM_MATH_CM4 -D__CC_ARM -DARM_MATH_MATRIX_CHECK -DARM_MATH_ROUNDING -D__TARGET_FPU_VFP -D__FPU_PRESENT="1" --cpu Cortex-M4.fp --li -D__MICROLIB -O0 --split_sections -W --cpp11 -g -o .\build\infantry\.obj\__\User\Task\tsk_config_and_callback.o --no_depend_system_headers --depend .\build\infantry\.obj\__\User\Task\tsk_config_and_callback.d .\..\User\Task\tsk_config_and_callback.cpp
   at unify_builder.Program.Main(String[] args_)
---
".\..\User\Task\tsk_config_and_callback.cpp", line 50: Error:  #147: declaration is incompatible with "bool init_finished"  (declared at line 41 of "../User/Middleware/Driver/drv_tim.h")
  uint32_t init_finished =0 ;
           ^
.\..\User\Task\tsk_config_and_callback.cpp: 0 warnings, 1 error

[2024-03-20 17:32:03]	compilation failed at : "d:\RM\RM_code\Standard_4_Cpp_Structure_ByRoboWalker\USB_DEVICE\App\usbd_cdc_if.c", exit code: 1
command: 
  "D:\Keil5\keil5_anzhuangbao\ARM\ARMCC\bin\armcc.exe" -c --apcs=interwork -I../Core/Inc -I../Drivers/STM32F4xx_HAL_Driver/Inc -I../Drivers/STM32F4xx_HAL_Driver/Inc/Legacy -I../Drivers/CMSIS/Device/ST/STM32F4xx/Include -I../Drivers/CMSIS/Include -I../User/Chariot -I../User/Device -I../User/Interaction -I../User/Middleware/Algorithm -I../User/Middleware/Driver -I../User/Task -I../Drivers/CMSIS/DSP/Include -I../USB_DEVICE/App -I../USB_DEVICE/Target -I../Middlewares/ST/STM32_USB_Device_Library/Core/Inc -I../Middlewares/ST/STM32_USB_Device_Library/Class/CDC/Inc -IRTE/_infantry -DUSE_HAL_DRIVER -DSTM32F407xx -DARM_MATH_CM4 -D__CC_ARM -DARM_MATH_MATRIX_CHECK -DARM_MATH_ROUNDING -D__TARGET_FPU_VFP -D__FPU_PRESENT="1" --cpu Cortex-M4.fp --li --c99 -D__MICROLIB -O0 --split_sections -W --cpp11 -g -o .\build\infantry\.obj\__\USB_DEVICE\App\usbd_cdc_if.o --no_depend_system_headers --depend .\build\infantry\.obj\__\USB_DEVICE\App\usbd_cdc_if.d .\..\USB_DEVICE\App\usbd_cdc_if.c
   at unify_builder.Program.compileByMulThread(Int32 thrNum, CmdInfo[] cmds_, List`1 errLogs)
   at unify_builder.Program.Main(String[] args_)
---
"../User/Middleware/Driver/drv_tim.h", line 41: Error:  #147: declaration is incompatible with "bool init_finished"  (declared at line 53 of "../User/Middleware/Driver/drv_spi.h")
  extern uint32_t init_finished;
                  ^
.\..\User\Device\dvc_boardc_bmi088.cpp: 0 warnings, 1 error
"../User/Middleware/Driver/drv_tim.h", line 41: Error:  #147: declaration is incompatible with "bool init_finished"  (declared at line 69 of "../User/Middleware/Driver/drv_can.h")
  extern uint32_t init_finished;
                  ^
.\..\User\Chariot\crt_gimbal.cpp: 0 warnings, 1 error
"../User/Middleware/Driver/drv_spi.h", line 53: Error:  #147: declaration is incompatible with "std::uint32_t init_finished"  (declared at line 41 of "../User/Middleware/Driver/drv_tim.h")
  extern bool init_finished;
              ^
"../User/Middleware/Driver/drv_can.h", line 69: Error:  #147: declaration is incompatible with "std::uint32_t init_finished"  (declared at line 41 of "../User/Middleware/Driver/drv_tim.h")
  extern bool init_finished;
              ^
"../User/Middleware/Driver/drv_uart.h", line 46: Error:  #147: declaration is incompatible with "std::uint32_t init_finished"  (declared at line 41 of "../User/Middleware/Driver/drv_tim.h")
  extern bool init_finished;
              ^
.\..\Core\Src\main.c: 0 warnings, 3 errors
"../User/Middleware/Driver/drv_spi.h", line 53: Error:  #147: declaration is incompatible with "std::uint32_t init_finished"  (declared at line 41 of "../User/Middleware/Driver/drv_tim.h")
  extern bool init_finished;
              ^
"../User/Middleware/Driver/drv_can.h", line 69: Error:  #147: declaration is incompatible with "std::uint32_t init_finished"  (declared at line 41 of "../User/Middleware/Driver/drv_tim.h")
  extern bool init_finished;
              ^
"../User/Middleware/Driver/drv_uart.h", line 46: Error:  #147: declaration is incompatible with "std::uint32_t init_finished"  (declared at line 41 of "../User/Middleware/Driver/drv_tim.h")
  extern bool init_finished;
              ^
.\..\USB_DEVICE\App\usbd_cdc_if.c: 0 warnings, 3 errors

[2024-03-20 17:32:44]	compilation failed at : "d:\RM\RM_code\Standard_4_Cpp_Structure_ByRoboWalker\User\Task\tsk_config_and_callback.cpp", exit code: 1
command: 
  "D:\Keil5\keil5_anzhuangbao\ARM\ARMCC\bin\armcc.exe" -c --cpp --apcs=interwork -I../Core/Inc -I../Drivers/STM32F4xx_HAL_Driver/Inc -I../Drivers/STM32F4xx_HAL_Driver/Inc/Legacy -I../Drivers/CMSIS/Device/ST/STM32F4xx/Include -I../Drivers/CMSIS/Include -I../User/Chariot -I../User/Device -I../User/Interaction -I../User/Middleware/Algorithm -I../User/Middleware/Driver -I../User/Task -I../Drivers/CMSIS/DSP/Include -I../USB_DEVICE/App -I../USB_DEVICE/Target -I../Middlewares/ST/STM32_USB_Device_Library/Core/Inc -I../Middlewares/ST/STM32_USB_Device_Library/Class/CDC/Inc -IRTE/_infantry -DUSE_HAL_DRIVER -DSTM32F407xx -DARM_MATH_CM4 -D__CC_ARM -DARM_MATH_MATRIX_CHECK -DARM_MATH_ROUNDING -D__TARGET_FPU_VFP -D__FPU_PRESENT="1" --cpu Cortex-M4.fp --li -D__MICROLIB -O0 --split_sections -W --cpp11 -g -o .\build\infantry\.obj\__\User\Task\tsk_config_and_callback.o --no_depend_system_headers --depend .\build\infantry\.obj\__\User\Task\tsk_config_and_callback.d .\..\User\Task\tsk_config_and_callback.cpp
   at unify_builder.Program.compileByMulThread(Int32 thrNum, CmdInfo[] cmds_, List`1 errLogs)
   at unify_builder.Program.Main(String[] args_)
---
".\..\User\Task\tsk_config_and_callback.cpp", line 50: Error:  #147: declaration is incompatible with "bool init_finished"  (declared at line 69 of "../User/Middleware/Driver/drv_can.h")
  uint32_t init_finished =0 ;
           ^
.\..\User\Task\tsk_config_and_callback.cpp: 0 warnings, 1 error

[2024-03-20 17:33:12]	[done]
	build successfully !

[2024-03-20 18:26:02]	[done]
	build successfully !

[2024-03-20 18:28:07]	[done]
	build successfully !

[2024-03-20 19:19:42]	[done]
	build successfully !

[2024-03-20 19:27:08]	[done]
	build successfully !

[2024-03-20 19:29:01]	[done]
	build successfully !

[2024-03-20 21:20:13]	[done]
	build successfully !

[2024-03-20 21:23:45]	[done]
	build successfully !

[2024-03-20 21:35:50]	[done]
	build successfully !

[2024-03-20 21:41:29]	[done]
	build successfully !

[2024-03-20 21:52:25]	[done]
	build successfully !

[2024-03-21 18:24:19]	[done]
	build successfully !

[2024-03-21 18:26:24]	[done]
	build successfully !

[2024-03-21 18:28:21]	[done]
	build successfully !

[2024-03-21 18:29:55]	[done]
	build successfully !

[2024-03-21 18:32:48]	[done]
	build successfully !

[2024-03-21 18:40:26]	[done]
	build successfully !

[2024-03-21 21:38:50]	[done]
	build successfully !

[2024-03-21 21:46:06]	[done]
	build successfully !

[2024-03-21 21:49:46]	[done]
	build successfully !

[2024-03-21 21:58:18]	[done]
	build successfully !

[2024-03-21 22:00:17]	[done]
	build successfully !

